#
# There is insufficient memory for the Java Runtime Environment to continue.
# Native memory allocation (malloc) failed to allocate 968976 bytes for Chunk::new
# Possible reasons:
#   The system is out of physical RAM or swap space
#   The process is running with CompressedOops enabled, and the Java Heap may be blocking the growth of the native heap
# Possible solutions:
#   Reduce memory load on the system
#   Increase physical memory or swap space
#   Check if swap backing store is full
#   Decrease Java heap size (-Xmx/-Xms)
#   Decrease number of Java threads
#   Decrease Java thread stack sizes (-Xss)
#   Set larger code cache with -XX:ReservedCodeCacheSize=
#   JVM is running with Unscaled Compressed Oops mode in which the Java heap is
#     placed in the first 4GB address space. The Java Heap base address is the
#     maximum limit for the native heap growth. Please use -XX:HeapBaseMinAddress
#     to set the Java Heap base and to place the Java Heap above 4GB virtual address.
# This output file may be truncated or incomplete.
#
#  Out of Memory Error (arena.cpp:184), pid=71776, tid=77724
#
# JRE version: Java(TM) SE Runtime Environment (20.0.2+9) (build 20.0.2+9-78)
# Java VM: Java HotSpot(TM) 64-Bit Server VM (20.0.2+9-78, mixed mode, sharing, tiered, compressed oops, compressed class ptrs, g1 gc, windows-amd64)
# No core dump will be written. Minidumps are not enabled by default on client versions of Windows
#

---------------  S U M M A R Y ------------

Command Line: -ea -Dfile.encoding=UTF-8 -XX:+ShowCodeDetailsInExceptionMessages org.testng.remote.RemoteTestNG -serport 62105 -protocol json -d C:\eclipse\eclipse-workspace\NumpyNinja-Selenium\lms_automation\test-output C:\Users\mdesh\AppData\Local\Temp\testng-eclipse--1148508575\testng-customsuite.xml

Host: Intel(R) Core(TM) i5-10210U CPU @ 1.60GHz, 8 cores, 7G,  Windows 11 , 64 bit Build 22621 (10.0.22621.3374)
Time: Sun Apr 28 07:27:53 2024 Eastern Daylight Time elapsed time: 13.171320 seconds (0d 0h 0m 13s)

---------------  T H R E A D  ---------------

Current thread (0x000002b4d8696a20):  JavaThread "C2 CompilerThread0" daemon [_thread_in_native, id=77724, stack(0x000000da59200000,0x000000da59300000)]


Current CompileTask:
C2:  13171 4684       4       org.apache.xmlbeans.impl.store.Xobj::getUser (145 bytes)

Stack: [0x000000da59200000,0x000000da59300000]
Native frames: (J=compiled Java code, j=interpreted, Vv=VM code, C=native code)
V  [jvm.dll+0x6bc25a]
V  [jvm.dll+0x84971a]
V  [jvm.dll+0x84b315]
V  [jvm.dll+0x84ba13]
V  [jvm.dll+0x280e4f]
V  [jvm.dll+0xc2ab1]
V  [jvm.dll+0xc2dd5]
V  [jvm.dll+0x2f611f]
V  [jvm.dll+0x5e3b0b]
V  [jvm.dll+0x254684]
V  [jvm.dll+0x254a4f]
V  [jvm.dll+0x24d23d]
V  [jvm.dll+0x24a819]
V  [jvm.dll+0x1ce761]
V  [jvm.dll+0x25a0eb]
V  [jvm.dll+0x2587c0]
V  [jvm.dll+0x3f2dd5]
V  [jvm.dll+0x7f5c76]
V  [jvm.dll+0x6baecb]
C  [ucrtbase.dll+0x29333]
C  [KERNEL32.DLL+0x1257d]
C  [ntdll.dll+0x5aa48]


---------------  P R O C E S S  ---------------

Threads class SMR info:
_java_thread_list=0x000002b51e1e2ed0, length=27, elements={
0x000002b4bbd64580, 0x000002b4d868a070, 0x000002b4d868b620, 0x000002b4d868e460,
0x000002b4d868fdb0, 0x000002b4d86918a0, 0x000002b4d86925e0, 0x000002b4d8696a20,
0x000002b4d86984e0, 0x000002b51d90a310, 0x000002b51d91c8b0, 0x000002b51e0c45d0,
0x000002b51f64a500, 0x000002b51ffe59b0, 0x000002b5205759d0, 0x000002b51efa95b0,
0x000002b51efa8070, 0x000002b51efa6090, 0x000002b51efa65e0, 0x000002b51efa6b30,
0x000002b51efa7080, 0x000002b51efa9060, 0x000002b51efa75d0, 0x000002b51f5400d0,
0x000002b51f53dba0, 0x000002b51f53e0f0, 0x000002b51e77b680
}

Java Threads: ( => current thread )
  0x000002b4bbd64580 JavaThread "main" [_thread_blocked, id=68876, stack(0x000000da58500000,0x000000da58600000)]
  0x000002b4d868a070 JavaThread "Reference Handler" daemon [_thread_blocked, id=10492, stack(0x000000da58c00000,0x000000da58d00000)]
  0x000002b4d868b620 JavaThread "Finalizer" daemon [_thread_blocked, id=23848, stack(0x000000da58d00000,0x000000da58e00000)]
  0x000002b4d868e460 JavaThread "Signal Dispatcher" daemon [_thread_blocked, id=50848, stack(0x000000da58e00000,0x000000da58f00000)]
  0x000002b4d868fdb0 JavaThread "Attach Listener" daemon [_thread_blocked, id=76388, stack(0x000000da58f00000,0x000000da59000000)]
  0x000002b4d86918a0 JavaThread "Service Thread" daemon [_thread_blocked, id=68208, stack(0x000000da59000000,0x000000da59100000)]
  0x000002b4d86925e0 JavaThread "Monitor Deflation Thread" daemon [_thread_blocked, id=44044, stack(0x000000da59100000,0x000000da59200000)]
=>0x000002b4d8696a20 JavaThread "C2 CompilerThread0" daemon [_thread_in_native, id=77724, stack(0x000000da59200000,0x000000da59300000)]
  0x000002b4d86984e0 JavaThread "C1 CompilerThread0" daemon [_thread_blocked, id=53240, stack(0x000000da59300000,0x000000da59400000)]
  0x000002b51d90a310 JavaThread "Notification Thread" daemon [_thread_blocked, id=72052, stack(0x000000da59400000,0x000000da59500000)]
  0x000002b51d91c8b0 JavaThread "Common-Cleaner" daemon [_thread_blocked, id=15536, stack(0x000000da59600000,0x000000da59700000)]
  0x000002b51e0c45d0 JavaThread "ReaderThread" [_thread_in_native, id=19680, stack(0x000000da59800000,0x000000da59900000)]
  0x000002b51f64a500 JavaThread "Forwarding sendKeysToElement on session c50b4d89c78f8f968be585e1b8b62834 to remote" [_thread_in_Java, id=50120, stack(0x000000da5a100000,0x000000da5a200000)]
  0x000002b51ffe59b0 JavaThread "ForkJoinPool.commonPool-worker-1" daemon [_thread_blocked, id=41992, stack(0x000000da5a200000,0x000000da5a300000)]
  0x000002b5205759d0 JavaThread "HttpClient-1-SelectorManager" daemon [_thread_in_Java, id=62164, stack(0x000000da5a400000,0x000000da5a500000)]
  0x000002b51efa95b0 JavaThread "External Process Output Forwarder - C:\Users\mdesh\.cache\selenium\chromedriver\win64\123.0.6312.122\chromedriver.exe" daemon [_thread_in_native, id=73816, stack(0x000000da5a500000,0x000000da5a600000)]
  0x000002b51efa8070 JavaThread "Driver Service Executor" daemon [_thread_blocked, id=60012, stack(0x000000da5a600000,0x000000da5a700000)]
  0x000002b51efa6090 JavaThread "Driver Service Executor" daemon [_thread_in_native, id=76888, stack(0x000000da5a700000,0x000000da5a800000)]
  0x000002b51efa65e0 JavaThread "UrlChecker-2" daemon [_thread_blocked, id=76864, stack(0x000000da5a800000,0x000000da5a900000)]
  0x000002b51efa6b30 JavaThread "JdkHttpClient-0-0" daemon [_thread_in_Java, id=78992, stack(0x000000da5aa00000,0x000000da5ab00000)]
  0x000002b51efa7080 JavaThread "JdkHttpClient-0-1" daemon [_thread_blocked, id=75372, stack(0x000000da5ab00000,0x000000da5ac00000)]
  0x000002b51efa9060 JavaThread "JdkHttpClient-0-2" daemon [_thread_blocked, id=73496, stack(0x000000da5ac00000,0x000000da5ad00000)]
  0x000002b51efa75d0 JavaThread "HttpClient-2-SelectorManager" daemon [_thread_in_native, id=62964, stack(0x000000da5a300000,0x000000da5a400000)]
  0x000002b51f5400d0 JavaThread "JdkHttpClient-1-0" daemon [_thread_blocked, id=65728, stack(0x000000da5ad00000,0x000000da5ae00000)]
  0x000002b51f53dba0 JavaThread "JdkHttpClient-1-1" daemon [_thread_blocked, id=76968, stack(0x000000da5ae00000,0x000000da5af00000)]
  0x000002b51f53e0f0 JavaThread "JdkHttpClient-1-2" daemon [_thread_blocked, id=58816, stack(0x000000da5af00000,0x000000da5b000000)]
  0x000002b51e77b680 JavaThread "C2 CompilerThread1" daemon [_thread_in_native, id=26428, stack(0x000000da5a900000,0x000000da5aa00000)]

Other Threads:
  0x000002b4d866b020 VMThread "VM Thread" [stack: 0x000000da58b00000,0x000000da58c00000] [id=20936]
  0x000002b51d914880 WatcherThread "VM Periodic Task Thread" [stack: 0x000000da59500000,0x000000da59600000] [id=65596]
  0x000002b4bbdc59b0 WorkerThread "GC Thread#0" [stack: 0x000000da58600000,0x000000da58700000] [id=77464]
  0x000002b51ea72560 WorkerThread "GC Thread#1" [stack: 0x000000da59900000,0x000000da59a00000] [id=9980]
  0x000002b51e1272f0 WorkerThread "GC Thread#2" [stack: 0x000000da59a00000,0x000000da59b00000] [id=75212]
  0x000002b51eaf3030 WorkerThread "GC Thread#3" [stack: 0x000000da59b00000,0x000000da59c00000] [id=73872]
  0x000002b51ec9e6b0 WorkerThread "GC Thread#4" [stack: 0x000000da59c00000,0x000000da59d00000] [id=44868]
  0x000002b51ec9e110 WorkerThread "GC Thread#5" [stack: 0x000000da59d00000,0x000000da59e00000] [id=64500]
  0x000002b51ec9e980 WorkerThread "GC Thread#6" [stack: 0x000000da59e00000,0x000000da59f00000] [id=62884]
  0x000002b51ec9f1f0 WorkerThread "GC Thread#7" [stack: 0x000000da59f00000,0x000000da5a000000] [id=63996]
  0x000002b4bbdd6b80 ConcurrentGCThread "G1 Main Marker" [stack: 0x000000da58700000,0x000000da58800000] [id=62664]
  0x000002b4bbdd75b0 WorkerThread "G1 Conc#0" [stack: 0x000000da58800000,0x000000da58900000] [id=77652]
  0x000002b51ec9f4c0 WorkerThread "G1 Conc#1" [stack: 0x000000da5a000000,0x000000da5a100000] [id=72800]
  0x000002b4bbe0e4d0 ConcurrentGCThread "G1 Refine#0" [stack: 0x000000da58900000,0x000000da58a00000] [id=49780]
  0x000002b4d852b180 ConcurrentGCThread "G1 Service" [stack: 0x000000da58a00000,0x000000da58b00000] [id=73656]

Threads with active compile tasks:
C2 CompilerThread0    13206 4684       4       org.apache.xmlbeans.impl.store.Xobj::getUser (145 bytes)
C2 CompilerThread1    13206 4770       4       org.apache.xmlbeans.impl.store.Xobj::find_attribute_user (19 bytes)

VM state: not at safepoint (normal execution)

VM Mutex/Monitor currently owned by a thread: None

Heap address: 0x0000000083400000, size: 1996 MB, Compressed Oops mode: 32-bit

CDS archive(s) mapped at: [0x000002b4d8800000-0x000002b4d9460000-0x000002b4d9460000), size 12976128, SharedBaseAddress: 0x000002b4d8800000, ArchiveRelocationMode: 1.
Compressed class space mapped at: 0x000002b4d9800000-0x000002b519800000, reserved size: 1073741824
Narrow klass base: 0x000002b4d8800000, Narrow klass shift: 0, Narrow klass range: 0x100000000

GC Precious Log:
 CardTable entry size: 512
 Card Set container configuration: InlinePtr #cards 5 size 8 Array Of Cards #cards 12 size 40 Howl #buckets 4 coarsen threshold 1843 Howl Bitmap #cards 512 size 80 coarsen threshold 460 Card regions per heap region 1 cards per card region 2048
 CPUs: 8 total, 8 available
 Memory: 7979M
 Large Page Support: Disabled
 NUMA Support: Disabled
 Compressed Oops: Enabled (32-bit)
 Heap Region Size: 1M
 Heap Min Capacity: 8M
 Heap Initial Capacity: 126M
 Heap Max Capacity: 1996M
 Pre-touch: Disabled
 Parallel Workers: 8
 Concurrent Workers: 2
 Concurrent Refinement Workers: 8
 Periodic GC: Disabled

Heap:
 garbage-first heap   total 66560K, used 42314K [0x0000000083400000, 0x0000000100000000)
  region size 1024K, 22 young (22528K), 2 survivors (2048K)
 Metaspace       used 47030K, committed 47552K, reserved 1114112K
  class space    used 5658K, committed 5888K, reserved 1048576K

Heap Regions: E=young(eden), S=young(survivor), O=old, HS=humongous(starts), HC=humongous(continues), CS=collection set, F=free, OA=open archive, CA=closed archive, TAMS=top-at-mark-start, PB=parsable bottom
|   0|0x0000000083400000, 0x0000000083500000, 0x0000000083500000|100%|HS|  |TAMS 0x0000000083400000| PB 0x0000000083400000| Complete 
|   1|0x0000000083500000, 0x0000000083600000, 0x0000000083600000|100%|HC|  |TAMS 0x0000000083500000| PB 0x0000000083500000| Complete 
|   2|0x0000000083600000, 0x0000000083700000, 0x0000000083700000|100%| O|  |TAMS 0x0000000083600000| PB 0x0000000083600000| Untracked 
|   3|0x0000000083700000, 0x0000000083800000, 0x0000000083800000|100%| O|  |TAMS 0x0000000083700000| PB 0x0000000083700000| Untracked 
|   4|0x0000000083800000, 0x0000000083900000, 0x0000000083900000|100%| O|  |TAMS 0x0000000083800000| PB 0x0000000083800000| Untracked 
|   5|0x0000000083900000, 0x0000000083a00000, 0x0000000083a00000|100%| O|  |TAMS 0x0000000083900000| PB 0x0000000083900000| Untracked 
|   6|0x0000000083a00000, 0x0000000083b00000, 0x0000000083b00000|100%| O|  |TAMS 0x0000000083a00000| PB 0x0000000083a00000| Untracked 
|   7|0x0000000083b00000, 0x0000000083c00000, 0x0000000083c00000|100%| O|  |TAMS 0x0000000083b00000| PB 0x0000000083b00000| Untracked 
|   8|0x0000000083c00000, 0x0000000083d00000, 0x0000000083d00000|100%| O|  |TAMS 0x0000000083c00000| PB 0x0000000083c00000| Untracked 
|   9|0x0000000083d00000, 0x0000000083e00000, 0x0000000083e00000|100%| O|  |TAMS 0x0000000083d00000| PB 0x0000000083d00000| Untracked 
|  10|0x0000000083e00000, 0x0000000083f00000, 0x0000000083f00000|100%| O|  |TAMS 0x0000000083e00000| PB 0x0000000083e00000| Untracked 
|  11|0x0000000083f00000, 0x0000000084000000, 0x0000000084000000|100%| O|  |TAMS 0x0000000083f00000| PB 0x0000000083f00000| Untracked 
|  12|0x0000000084000000, 0x0000000084100000, 0x0000000084100000|100%| O|  |TAMS 0x0000000084000000| PB 0x0000000084000000| Untracked 
|  13|0x0000000084100000, 0x0000000084200000, 0x0000000084200000|100%| O|  |TAMS 0x0000000084100000| PB 0x0000000084100000| Untracked 
|  14|0x0000000084200000, 0x0000000084300000, 0x0000000084300000|100%| O|  |TAMS 0x0000000084200000| PB 0x0000000084200000| Untracked 
|  15|0x0000000084300000, 0x0000000084400000, 0x0000000084400000|100%| O|  |TAMS 0x0000000084300000| PB 0x0000000084300000| Untracked 
|  16|0x0000000084400000, 0x0000000084500000, 0x0000000084500000|100%| O|  |TAMS 0x0000000084400000| PB 0x0000000084400000| Untracked 
|  17|0x0000000084500000, 0x0000000084600000, 0x0000000084600000|100%| O|  |TAMS 0x0000000084500000| PB 0x0000000084500000| Untracked 
|  18|0x0000000084600000, 0x0000000084700000, 0x0000000084700000|100%| O|  |TAMS 0x0000000084600000| PB 0x0000000084600000| Untracked 
|  19|0x0000000084700000, 0x0000000084800000, 0x0000000084800000|100%| O|  |TAMS 0x0000000084700000| PB 0x0000000084700000| Untracked 
|  20|0x0000000084800000, 0x000000008488ca00, 0x0000000084900000| 54%| O|  |TAMS 0x0000000084800000| PB 0x0000000084800000| Untracked 
|  21|0x0000000084900000, 0x0000000084900000, 0x0000000084a00000|  0%| F|  |TAMS 0x0000000084900000| PB 0x0000000084900000| Untracked 
|  22|0x0000000084a00000, 0x0000000084a00000, 0x0000000084b00000|  0%| F|  |TAMS 0x0000000084a00000| PB 0x0000000084a00000| Untracked 
|  23|0x0000000084b00000, 0x0000000084b00000, 0x0000000084c00000|  0%| F|  |TAMS 0x0000000084b00000| PB 0x0000000084b00000| Untracked 
|  24|0x0000000084c00000, 0x0000000084c00000, 0x0000000084d00000|  0%| F|  |TAMS 0x0000000084c00000| PB 0x0000000084c00000| Untracked 
|  25|0x0000000084d00000, 0x0000000084dc5fa0, 0x0000000084e00000| 77%| S|CS|TAMS 0x0000000084d00000| PB 0x0000000084d00000| Complete 
|  26|0x0000000084e00000, 0x0000000084e00000, 0x0000000084f00000|  0%| F|  |TAMS 0x0000000084e00000| PB 0x0000000084e00000| Untracked 
|  27|0x0000000084f00000, 0x0000000084f00000, 0x0000000085000000|  0%| F|  |TAMS 0x0000000084f00000| PB 0x0000000084f00000| Untracked 
|  28|0x0000000085000000, 0x0000000085100000, 0x0000000085100000|100%| S|CS|TAMS 0x0000000085000000| PB 0x0000000085000000| Complete 
|  29|0x0000000085100000, 0x0000000085100000, 0x0000000085200000|  0%| F|  |TAMS 0x0000000085100000| PB 0x0000000085100000| Untracked 
|  30|0x0000000085200000, 0x0000000085200000, 0x0000000085300000|  0%| F|  |TAMS 0x0000000085200000| PB 0x0000000085200000| Untracked 
|  31|0x0000000085300000, 0x0000000085300000, 0x0000000085400000|  0%| F|  |TAMS 0x0000000085300000| PB 0x0000000085300000| Untracked 
|  32|0x0000000085400000, 0x0000000085400000, 0x0000000085500000|  0%| F|  |TAMS 0x0000000085400000| PB 0x0000000085400000| Untracked 
|  33|0x0000000085500000, 0x0000000085500000, 0x0000000085600000|  0%| F|  |TAMS 0x0000000085500000| PB 0x0000000085500000| Untracked 
|  34|0x0000000085600000, 0x0000000085600000, 0x0000000085700000|  0%| F|  |TAMS 0x0000000085600000| PB 0x0000000085600000| Untracked 
|  35|0x0000000085700000, 0x0000000085700000, 0x0000000085800000|  0%| F|  |TAMS 0x0000000085700000| PB 0x0000000085700000| Untracked 
|  36|0x0000000085800000, 0x0000000085800000, 0x0000000085900000|  0%| F|  |TAMS 0x0000000085800000| PB 0x0000000085800000| Untracked 
|  37|0x0000000085900000, 0x0000000085900000, 0x0000000085a00000|  0%| F|  |TAMS 0x0000000085900000| PB 0x0000000085900000| Untracked 
|  38|0x0000000085a00000, 0x0000000085a00000, 0x0000000085b00000|  0%| F|  |TAMS 0x0000000085a00000| PB 0x0000000085a00000| Untracked 
|  39|0x0000000085b00000, 0x0000000085b00000, 0x0000000085c00000|  0%| F|  |TAMS 0x0000000085b00000| PB 0x0000000085b00000| Untracked 
|  40|0x0000000085c00000, 0x0000000085c00000, 0x0000000085d00000|  0%| F|  |TAMS 0x0000000085c00000| PB 0x0000000085c00000| Untracked 
|  41|0x0000000085d00000, 0x0000000085d00000, 0x0000000085e00000|  0%| F|  |TAMS 0x0000000085d00000| PB 0x0000000085d00000| Untracked 
|  42|0x0000000085e00000, 0x0000000085e00000, 0x0000000085f00000|  0%| F|  |TAMS 0x0000000085e00000| PB 0x0000000085e00000| Untracked 
|  43|0x0000000085f00000, 0x0000000085f00000, 0x0000000086000000|  0%| F|  |TAMS 0x0000000085f00000| PB 0x0000000085f00000| Untracked 
|  44|0x0000000086000000, 0x0000000086000000, 0x0000000086100000|  0%| F|  |TAMS 0x0000000086000000| PB 0x0000000086000000| Untracked 
|  45|0x0000000086100000, 0x00000000861a3e28, 0x0000000086200000| 64%| E|  |TAMS 0x0000000086100000| PB 0x0000000086100000| Complete 
|  46|0x0000000086200000, 0x0000000086300000, 0x0000000086300000|100%| E|CS|TAMS 0x0000000086200000| PB 0x0000000086200000| Complete 
|  47|0x0000000086300000, 0x0000000086400000, 0x0000000086400000|100%| E|CS|TAMS 0x0000000086300000| PB 0x0000000086300000| Complete 
|  48|0x0000000086400000, 0x0000000086500000, 0x0000000086500000|100%| E|CS|TAMS 0x0000000086400000| PB 0x0000000086400000| Complete 
|  49|0x0000000086500000, 0x0000000086600000, 0x0000000086600000|100%| E|CS|TAMS 0x0000000086500000| PB 0x0000000086500000| Complete 
|  50|0x0000000086600000, 0x0000000086700000, 0x0000000086700000|100%| E|CS|TAMS 0x0000000086600000| PB 0x0000000086600000| Complete 
|  51|0x0000000086700000, 0x0000000086800000, 0x0000000086800000|100%| E|CS|TAMS 0x0000000086700000| PB 0x0000000086700000| Complete 
|  52|0x0000000086800000, 0x0000000086900000, 0x0000000086900000|100%| E|CS|TAMS 0x0000000086800000| PB 0x0000000086800000| Complete 
|  53|0x0000000086900000, 0x0000000086a00000, 0x0000000086a00000|100%| E|CS|TAMS 0x0000000086900000| PB 0x0000000086900000| Complete 
|  54|0x0000000086a00000, 0x0000000086b00000, 0x0000000086b00000|100%| E|CS|TAMS 0x0000000086a00000| PB 0x0000000086a00000| Complete 
|  55|0x0000000086b00000, 0x0000000086c00000, 0x0000000086c00000|100%| E|CS|TAMS 0x0000000086b00000| PB 0x0000000086b00000| Complete 
|  56|0x0000000086c00000, 0x0000000086d00000, 0x0000000086d00000|100%| E|CS|TAMS 0x0000000086c00000| PB 0x0000000086c00000| Complete 
|  57|0x0000000086d00000, 0x0000000086e00000, 0x0000000086e00000|100%| E|CS|TAMS 0x0000000086d00000| PB 0x0000000086d00000| Complete 
|  58|0x0000000086e00000, 0x0000000086f00000, 0x0000000086f00000|100%| E|CS|TAMS 0x0000000086e00000| PB 0x0000000086e00000| Complete 
|  59|0x0000000086f00000, 0x0000000087000000, 0x0000000087000000|100%| E|CS|TAMS 0x0000000086f00000| PB 0x0000000086f00000| Complete 
|  88|0x0000000088c00000, 0x0000000088d00000, 0x0000000088d00000|100%| E|CS|TAMS 0x0000000088c00000| PB 0x0000000088c00000| Complete 
|  89|0x0000000088d00000, 0x0000000088e00000, 0x0000000088e00000|100%| E|CS|TAMS 0x0000000088d00000| PB 0x0000000088d00000| Complete 
|  90|0x0000000088e00000, 0x0000000088f00000, 0x0000000088f00000|100%| E|CS|TAMS 0x0000000088e00000| PB 0x0000000088e00000| Complete 
|  91|0x0000000088f00000, 0x0000000089000000, 0x0000000089000000|100%| E|CS|TAMS 0x0000000088f00000| PB 0x0000000088f00000| Complete 
| 125|0x000000008b100000, 0x000000008b200000, 0x000000008b200000|100%| E|CS|TAMS 0x000000008b100000| PB 0x000000008b100000| Complete 

Card table byte_map: [0x000002b4d3540000,0x000002b4d3930000] _byte_map_base: 0x000002b4d3126000

Marking Bits: (CMBitMap*) 0x000002b4bbdc5fe0
 Bits: [0x000002b4d3d20000, 0x000002b4d5c50000)

Polling page: 0x000002b4b9af0000

Metaspace:

Usage:
  Non-class:     40.40 MB used.
      Class:      5.53 MB used.
       Both:     45.93 MB used.

Virtual space:
  Non-class space:       64.00 MB reserved,      40.69 MB ( 64%) committed,  1 nodes.
      Class space:        1.00 GB reserved,       5.75 MB ( <1%) committed,  1 nodes.
             Both:        1.06 GB reserved,      46.44 MB (  4%) committed. 

Chunk freelists:
   Non-Class:  2.91 MB
       Class:  2.29 MB
        Both:  5.19 MB

MaxMetaspaceSize: unlimited
CompressedClassSpaceSize: 1.00 GB
Initial GC threshold: 21.00 MB
Current GC threshold: 59.38 MB
CDS: on
MetaspaceReclaimPolicy: balanced
 - commit_granule_bytes: 65536.
 - commit_granule_words: 8192.
 - virtual_space_node_default_size: 8388608.
 - enlarge_chunks_in_place: 1.
 - new_chunks_are_fully_committed: 0.
 - uncommit_free_chunks: 1.
 - use_allocation_guard: 0.


Internal statistics:

num_allocs_failed_limit: 9.
num_arena_births: 662.
num_arena_deaths: 0.
num_vsnodes_births: 2.
num_vsnodes_deaths: 0.
num_space_committed: 743.
num_space_uncommitted: 0.
num_chunks_returned_to_freelist: 9.
num_chunks_taken_from_freelist: 2165.
num_chunk_merges: 6.
num_chunk_splits: 1481.
num_chunks_enlarged: 1120.
num_inconsistent_stats: 0.

CodeHeap 'non-profiled nmethods': size=120000Kb used=1831Kb max_used=1831Kb free=118169Kb
 bounds [0x000002b4cb8f0000, 0x000002b4cbb60000, 0x000002b4d2e20000]
CodeHeap 'profiled nmethods': size=120000Kb used=8968Kb max_used=8968Kb free=111031Kb
 bounds [0x000002b4c3e20000, 0x000002b4c46f0000, 0x000002b4cb350000]
CodeHeap 'non-nmethods': size=5760Kb used=1729Kb max_used=1748Kb free=4030Kb
 bounds [0x000002b4cb350000, 0x000002b4cb5c0000, 0x000002b4cb8f0000]
 total_blobs=5257 nmethods=4551 adapters=616
 compilation: enabled
              stopped_count=0, restarted_count=0
 full_count=0

Compilation events (20 events):
Event: 13.118 Thread 0x000002b4d86984e0 4806       1       jdk.internal.net.http.HttpRequestImpl::method (5 bytes)
Event: 13.118 Thread 0x000002b4d86984e0 nmethod 4806 0x000002b4cbab9610 code [0x000002b4cbab9780, 0x000002b4cbab9848]
Event: 13.133 Thread 0x000002b4d86984e0 4808       3       java.util.AbstractList::subListRangeCheck (110 bytes)
Event: 13.134 Thread 0x000002b4d86984e0 nmethod 4808 0x000002b4c46d3010 code [0x000002b4c46d3360, 0x000002b4c46d4450]
Event: 13.134 Thread 0x000002b4d86984e0 4809       3       java.util.ArrayList$SubList::<init> (35 bytes)
Event: 13.134 Thread 0x000002b4d86984e0 nmethod 4809 0x000002b4c46d4b90 code [0x000002b4c46d4d40, 0x000002b4c46d5010]
Event: 13.134 Thread 0x000002b4d86984e0 4811       3       java.util.Formatter$FormatSpecifier::<init> (68 bytes)
Event: 13.135 Thread 0x000002b4d86984e0 nmethod 4811 0x000002b4c46d5190 code [0x000002b4c46d5380, 0x000002b4c46d59f8]
Event: 13.135 Thread 0x000002b4d86984e0 4812       3       java.util.Formatter$FormatSpecifier::appendJustified (89 bytes)
Event: 13.135 Thread 0x000002b4d86984e0 nmethod 4812 0x000002b4c46d5c10 code [0x000002b4c46d5e20, 0x000002b4c46d6590]
Event: 13.135 Thread 0x000002b4d86984e0 4813       3       java.lang.StringBuilder::append (6 bytes)
Event: 13.135 Thread 0x000002b4d86984e0 nmethod 4813 0x000002b4c46d6810 code [0x000002b4c46d69a0, 0x000002b4c46d6b50]
Event: 13.135 Thread 0x000002b4d86984e0 4810       3       java.util.stream.ReferencePipeline$7$1::cancellationRequested (15 bytes)
Event: 13.135 Thread 0x000002b4d86984e0 nmethod 4810 0x000002b4c46d6c10 code [0x000002b4c46d6da0, 0x000002b4c46d6f78]
Event: 13.135 Thread 0x000002b4d86984e0 4814       3       java.util.concurrent.CompletableFuture::thenCompose (7 bytes)
Event: 13.136 Thread 0x000002b4d86984e0 nmethod 4814 0x000002b4c46d7010 code [0x000002b4c46d71a0, 0x000002b4c46d72e0]
Event: 13.136 Thread 0x000002b4d86984e0 4816       3       java.util.concurrent.CompletableFuture::encodeRelay (44 bytes)
Event: 13.136 Thread 0x000002b4d86984e0 nmethod 4816 0x000002b4c46d7390 code [0x000002b4c46d7560, 0x000002b4c46d7c28]
Event: 13.136 Thread 0x000002b4d86984e0 4817       3       java.util.concurrent.CompletableFuture::toCompletableFuture (2 bytes)
Event: 13.136 Thread 0x000002b4d86984e0 nmethod 4817 0x000002b4c4013210 code [0x000002b4c40133a0, 0x000002b4c40134b0]

GC Heap History (18 events):
Event: 1.041 GC heap before
{Heap before GC invocations=0 (full 0):
 garbage-first heap   total 129024K, used 24576K [0x0000000083400000, 0x0000000100000000)
  region size 1024K, 23 young (23552K), 0 survivors (0K)
 Metaspace       used 6631K, committed 6912K, reserved 1114112K
  class space    used 643K, committed 768K, reserved 1048576K
}
Event: 1.048 GC heap after
{Heap after GC invocations=1 (full 0):
 garbage-first heap   total 129024K, used 11104K [0x0000000083400000, 0x0000000100000000)
  region size 1024K, 3 young (3072K), 3 survivors (3072K)
 Metaspace       used 6631K, committed 6912K, reserved 1114112K
  class space    used 643K, committed 768K, reserved 1048576K
}
Event: 1.648 GC heap before
{Heap before GC invocations=1 (full 0):
 garbage-first heap   total 129024K, used 36704K [0x0000000083400000, 0x0000000100000000)
  region size 1024K, 28 young (28672K), 3 survivors (3072K)
 Metaspace       used 12857K, committed 13248K, reserved 1114112K
  class space    used 1428K, committed 1600K, reserved 1048576K
}
Event: 1.655 GC heap after
{Heap after GC invocations=2 (full 0):
 garbage-first heap   total 129024K, used 12301K [0x0000000083400000, 0x0000000100000000)
  region size 1024K, 2 young (2048K), 2 survivors (2048K)
 Metaspace       used 12857K, committed 13248K, reserved 1114112K
  class space    used 1428K, committed 1600K, reserved 1048576K
}
Event: 2.623 GC heap before
{Heap before GC invocations=2 (full 0):
 garbage-first heap   total 129024K, used 43021K [0x0000000083400000, 0x0000000100000000)
  region size 1024K, 34 young (34816K), 2 survivors (2048K)
 Metaspace       used 21170K, committed 21504K, reserved 1114112K
  class space    used 2454K, committed 2624K, reserved 1048576K
}
Event: 2.627 GC heap after
{Heap after GC invocations=3 (full 0):
 garbage-first heap   total 129024K, used 14299K [0x0000000083400000, 0x0000000100000000)
  region size 1024K, 4 young (4096K), 4 survivors (4096K)
 Metaspace       used 21170K, committed 21504K, reserved 1114112K
  class space    used 2454K, committed 2624K, reserved 1048576K
}
Event: 4.134 GC heap before
{Heap before GC invocations=4 (full 0):
 garbage-first heap   total 55296K, used 41947K [0x0000000083400000, 0x0000000100000000)
  region size 1024K, 32 young (32768K), 4 survivors (4096K)
 Metaspace       used 27521K, committed 27968K, reserved 1114112K
  class space    used 3332K, committed 3520K, reserved 1048576K
}
Event: 4.141 GC heap after
{Heap after GC invocations=5 (full 0):
 garbage-first heap   total 55296K, used 16535K [0x0000000083400000, 0x0000000100000000)
  region size 1024K, 4 young (4096K), 4 survivors (4096K)
 Metaspace       used 27521K, committed 27968K, reserved 1114112K
  class space    used 3332K, committed 3520K, reserved 1048576K
}
Event: 6.007 GC heap before
{Heap before GC invocations=5 (full 0):
 garbage-first heap   total 55296K, used 38039K [0x0000000083400000, 0x0000000100000000)
  region size 1024K, 26 young (26624K), 4 survivors (4096K)
 Metaspace       used 35490K, committed 35968K, reserved 1114112K
  class space    used 4293K, committed 4544K, reserved 1048576K
}
Event: 6.014 GC heap after
{Heap after GC invocations=6 (full 0):
 garbage-first heap   total 55296K, used 19337K [0x0000000083400000, 0x0000000100000000)
  region size 1024K, 3 young (3072K), 3 survivors (3072K)
 Metaspace       used 35490K, committed 35968K, reserved 1114112K
  class space    used 4293K, committed 4544K, reserved 1048576K
}
Event: 6.095 GC heap before
{Heap before GC invocations=6 (full 0):
 garbage-first heap   total 55296K, used 20361K [0x0000000083400000, 0x0000000100000000)
  region size 1024K, 5 young (5120K), 3 survivors (3072K)
 Metaspace       used 35855K, committed 36288K, reserved 1114112K
  class space    used 4344K, committed 4544K, reserved 1048576K
}
Event: 6.098 GC heap after
{Heap after GC invocations=7 (full 0):
 garbage-first heap   total 55296K, used 19948K [0x0000000083400000, 0x0000000100000000)
  region size 1024K, 1 young (1024K), 1 survivors (1024K)
 Metaspace       used 35855K, committed 36288K, reserved 1114112K
  class space    used 4344K, committed 4544K, reserved 1048576K
}
Event: 12.295 GC heap before
{Heap before GC invocations=8 (full 0):
 garbage-first heap   total 55296K, used 43500K [0x0000000083400000, 0x0000000100000000)
  region size 1024K, 24 young (24576K), 1 survivors (1024K)
 Metaspace       used 42299K, committed 42752K, reserved 1114112K
  class space    used 5163K, committed 5376K, reserved 1048576K
}
Event: 12.298 GC heap after
{Heap after GC invocations=9 (full 0):
 garbage-first heap   total 55296K, used 21208K [0x0000000083400000, 0x0000000100000000)
  region size 1024K, 2 young (2048K), 2 survivors (2048K)
 Metaspace       used 42299K, committed 42752K, reserved 1114112K
  class space    used 5163K, committed 5376K, reserved 1048576K
}
Event: 12.412 GC heap before
{Heap before GC invocations=9 (full 0):
 garbage-first heap   total 55296K, used 44760K [0x0000000083400000, 0x0000000100000000)
  region size 1024K, 25 young (25600K), 2 survivors (2048K)
 Metaspace       used 42622K, committed 43200K, reserved 1114112K
  class space    used 5204K, committed 5440K, reserved 1048576K
}
Event: 12.416 GC heap after
{Heap after GC invocations=10 (full 0):
 garbage-first heap   total 55296K, used 21808K [0x0000000083400000, 0x0000000100000000)
  region size 1024K, 3 young (3072K), 3 survivors (3072K)
 Metaspace       used 42622K, committed 43200K, reserved 1114112K
  class space    used 5204K, committed 5440K, reserved 1048576K
}
Event: 12.565 GC heap before
{Heap before GC invocations=10 (full 0):
 garbage-first heap   total 55296K, used 46384K [0x0000000083400000, 0x0000000100000000)
  region size 1024K, 27 young (27648K), 3 survivors (3072K)
 Metaspace       used 43334K, committed 43840K, reserved 1114112K
  class space    used 5308K, committed 5504K, reserved 1048576K
}
Event: 12.570 GC heap after
{Heap after GC invocations=11 (full 0):
 garbage-first heap   total 66560K, used 22858K [0x0000000083400000, 0x0000000100000000)
  region size 1024K, 2 young (2048K), 2 survivors (2048K)
 Metaspace       used 43334K, committed 43840K, reserved 1114112K
  class space    used 5308K, committed 5504K, reserved 1048576K
}

Dll operation events (11 events):
Event: 0.011 Loaded shared library C:\Program Files\Java\jdk-20\bin\java.dll
Event: 0.071 Loaded shared library C:\Program Files\Java\jdk-20\bin\jsvml.dll
Event: 0.239 Loaded shared library C:\Program Files\Java\jdk-20\bin\net.dll
Event: 0.243 Loaded shared library C:\Program Files\Java\jdk-20\bin\nio.dll
Event: 0.251 Loaded shared library C:\Program Files\Java\jdk-20\bin\zip.dll
Event: 0.396 Loaded shared library C:\Program Files\Java\jdk-20\bin\jimage.dll
Event: 0.540 Loaded shared library C:\Program Files\Java\jdk-20\bin\verify.dll
Event: 0.631 Loaded shared library C:\Program Files\Java\jdk-20\bin\extnet.dll
Event: 3.072 Loaded shared library C:\Program Files\Java\jdk-20\bin\management.dll
Event: 3.080 Loaded shared library C:\Program Files\Java\jdk-20\bin\management_ext.dll
Event: 5.956 Loaded shared library C:\Program Files\Java\jdk-20\bin\sunmscapi.dll

Deoptimization events (20 events):
Event: 12.797 Thread 0x000002b51f64a500 Uncommon trap: trap_request=0xffffff45 fr.pc=0x000002b4cba9526c relative=0x000000000000006c
Event: 12.797 Thread 0x000002b51f64a500 Uncommon trap: reason=unstable_if action=reinterpret pc=0x000002b4cba9526c method=org.apache.xmlbeans.impl.store.Xobj.bitIsSet(I)Z @ 6 c2
Event: 12.797 Thread 0x000002b51f64a500 DEOPT PACKING pc=0x000002b4cba9526c sp=0x000000da5a1fd580
Event: 12.797 Thread 0x000002b51f64a500 DEOPT UNPACKING pc=0x000002b4cb3b9d22 sp=0x000000da5a1fd4a8 mode 2
Event: 12.842 Thread 0x000002b51f64a500 Uncommon trap: trap_request=0xffffff45 fr.pc=0x000002b4cba75ca0 relative=0x0000000000000280
Event: 12.842 Thread 0x000002b51f64a500 Uncommon trap: reason=unstable_if action=reinterpret pc=0x000002b4cba75ca0 method=java.lang.String.regionMatches(ZILjava/lang/String;II)Z @ 21 c2
Event: 12.842 Thread 0x000002b51f64a500 DEOPT PACKING pc=0x000002b4cba75ca0 sp=0x000000da5a1fd720
Event: 12.842 Thread 0x000002b51f64a500 DEOPT UNPACKING pc=0x000002b4cb3b9d22 sp=0x000000da5a1fd6b8 mode 2
Event: 13.057 Thread 0x000002b51f64a500 Uncommon trap: trap_request=0xffffff45 fr.pc=0x000002b4cbab44f0 relative=0x00000000000000f0
Event: 13.057 Thread 0x000002b51f64a500 Uncommon trap: reason=unstable_if action=reinterpret pc=0x000002b4cbab44f0 method=org.apache.xmlbeans.impl.values.XmlObjectBase.has_store()Z @ 7 c2
Event: 13.057 Thread 0x000002b51f64a500 DEOPT PACKING pc=0x000002b4cbab44f0 sp=0x000000da5a1fd6e0
Event: 13.057 Thread 0x000002b51f64a500 DEOPT UNPACKING pc=0x000002b4cb3b9d22 sp=0x000000da5a1fd620 mode 2
Event: 13.087 Thread 0x000002b51f64a500 Uncommon trap: trap_request=0xffffff76 fr.pc=0x000002b4cb9ffe68 relative=0x00000000000024e8
Event: 13.087 Thread 0x000002b51f64a500 Uncommon trap: reason=predicate action=maybe_recompile pc=0x000002b4cb9ffe68 method=java.util.regex.Pattern.compile()V @ 78 c2
Event: 13.087 Thread 0x000002b51f64a500 DEOPT PACKING pc=0x000002b4cb9ffe68 sp=0x000000da5a1fce10
Event: 13.087 Thread 0x000002b51f64a500 DEOPT UNPACKING pc=0x000002b4cb3b9d22 sp=0x000000da5a1fcdf0 mode 2
Event: 13.087 Thread 0x000002b51f64a500 Uncommon trap: trap_request=0xffffff45 fr.pc=0x000002b4cb9b79c0 relative=0x00000000000000c0
Event: 13.087 Thread 0x000002b51f64a500 Uncommon trap: reason=unstable_if action=reinterpret pc=0x000002b4cb9b79c0 method=java.lang.String.codePointAt(I)I @ 4 c2
Event: 13.087 Thread 0x000002b51f64a500 DEOPT PACKING pc=0x000002b4cb9b79c0 sp=0x000000da5a1fcdf0
Event: 13.087 Thread 0x000002b51f64a500 DEOPT UNPACKING pc=0x000002b4cb3b9d22 sp=0x000000da5a1fcd88 mode 2

Classes loaded (20 events):
Event: 12.802 Loading class java/util/TreeMap$NavigableSubMap done
Event: 12.802 Loading class java/util/TreeMap$AscendingSubMap done
Event: 12.803 Loading class java/util/TreeMap$NavigableSubMap$SubMapKeyIterator
Event: 12.803 Loading class java/util/TreeMap$NavigableSubMap$SubMapIterator
Event: 12.803 Loading class java/util/TreeMap$NavigableSubMap$SubMapIterator done
Event: 12.803 Loading class java/util/TreeMap$NavigableSubMap$SubMapKeyIterator done
Event: 13.010 Loading class java/util/stream/WhileOps
Event: 13.011 Loading class java/util/stream/WhileOps done
Event: 13.011 Loading class java/util/stream/WhileOps$1Op
Event: 13.011 Loading class java/util/stream/WhileOps$DropWhileOp
Event: 13.011 Loading class java/util/stream/WhileOps$DropWhileOp done
Event: 13.011 Loading class java/util/stream/WhileOps$1Op done
Event: 13.012 Loading class java/util/stream/WhileOps$1Op$1OpSink
Event: 13.012 Loading class java/util/stream/WhileOps$DropWhileSink
Event: 13.012 Loading class java/util/stream/WhileOps$DropWhileSink done
Event: 13.012 Loading class java/util/stream/WhileOps$1Op$1OpSink done
Event: 13.088 Loading class java/time/format/DateTimeFormatterBuilder$DefaultValueParser
Event: 13.088 Loading class java/time/format/DateTimeFormatterBuilder$DefaultValueParser done
Event: 13.094 Loading class java/text/FieldPosition$Delegate
Event: 13.094 Loading class java/text/FieldPosition$Delegate done

Classes unloaded (0 events):
No events

Classes redefined (0 events):
No events

Internal exceptions (20 events):
Event: 5.823 Thread 0x000002b51f64a500 Exception <a 'sun/nio/fs/WindowsException'{0x0000000085a2ad20}> (0x0000000085a2ad20) 
thrown [s\open\src\hotspot\share\prims\jni.cpp, line 519]
Event: 5.879 Thread 0x000002b51f64a500 Exception <a 'java/lang/NoSuchMethodError'{0x00000000859ff870}: 'void java.lang.invoke.DirectMethodHandle$Holder.invokeVirtual(java.lang.Object, java.lang.Object)'> (0x00000000859ff870) 
thrown [s\open\src\hotspot\share\interpreter\linkResolver.cpp, line 773]
Event: 5.923 Thread 0x000002b51f64a500 Implicit null exception at 0x000002b4cb9f5167 to 0x000002b4cb9f59d0
Event: 6.024 Thread 0x000002b51f64a500 Exception <a 'java/lang/IncompatibleClassChangeError'{0x000000008b16f490}: Found class java.lang.Object, but interface was expected> (0x000000008b16f490) 
thrown [s\open\src\hotspot\share\interpreter\linkResolver.cpp, line 840]
Event: 6.027 Thread 0x000002b51f64a500 Exception <a 'java/lang/NoSuchMethodError'{0x000000008b1a7e30}: 'java.lang.Object java.lang.invoke.DirectMethodHandle$Holder.invokeVirtual(java.lang.Object, java.lang.Object, java.lang.Object, java.lang.Object)'> (0x000000008b1a7e30) 
thrown [s\open\src\hotspot\share\interpreter\linkResolver.cpp, line 773]
Event: 6.051 Thread 0x000002b51efa65e0 Exception <a 'java/net/ConnectException'{0x0000000088f07c88}: Connection refused: no further information> (0x0000000088f07c88) 
thrown [s\open\src\hotspot\share\prims\jni.cpp, line 538]
Event: 6.064 Thread 0x000002b51efa65e0 Exception <a 'java/net/ConnectException'{0x0000000088f08d88}: Connection refused: no further information> (0x0000000088f08d88) 
thrown [s\open\src\hotspot\share\prims\jni.cpp, line 538]
Event: 6.123 Thread 0x000002b51f64a500 Exception <a 'java/lang/NoSuchMethodError'{0x0000000088f19c58}: 'java.lang.Object java.lang.invoke.DirectMethodHandle$Holder.newInvokeSpecial(java.lang.Object, java.lang.Object, int, int)'> (0x0000000088f19c58) 
thrown [s\open\src\hotspot\share\interpreter\linkResolver.cpp, line 773]
Event: 6.123 Thread 0x000002b51f64a500 Exception <a 'java/lang/NoSuchMethodError'{0x0000000088f243a0}: 'void java.lang.invoke.DirectMethodHandle$Holder.invokeStatic(java.lang.Object, java.lang.Object, int)'> (0x0000000088f243a0) 
thrown [s\open\src\hotspot\share\interpreter\linkResolver.cpp, line 773]
Event: 6.143 Thread 0x000002b51f64a500 Exception <a 'java/lang/NoSuchMethodError'{0x0000000088fd6ed8}: 'void java.lang.invoke.DirectMethodHandle$Holder.invokeStatic(java.lang.Object, java.lang.Object, java.lang.Object, java.lang.Object, java.lang.Object, java.lang.Object, java.lang.Object)'> (0x0000000088fd6ed8) 
thrown [s\open\src\hotspot\share\interpreter\linkResolver.cpp, line 773]
Event: 7.289 Thread 0x000002b51efa6b30 Exception <a 'java/lang/NoSuchMethodError'{0x0000000088cda9b8}: 'java.lang.Object java.lang.invoke.DirectMethodHandle$Holder.newInvokeSpecial(java.lang.Object, java.lang.Object, long, java.lang.Object, java.lang.Object, java.lang.Object)'> (0x0000000088cda9b8) 
thrown [s\open\src\hotspot\share\interpreter\linkResolver.cpp, line 773]
Event: 7.311 Thread 0x000002b51f64a500 Exception <a 'java/lang/NoSuchMethodError'{0x0000000088d39f58}: 'java.lang.Object java.lang.invoke.DirectMethodHandle$Holder.invokeSpecialIFC(java.lang.Object, java.lang.Object, java.lang.Object)'> (0x0000000088d39f58) 
thrown [s\open\src\hotspot\share\interpreter\linkResolver.cpp, line 773]
Event: 11.892 Thread 0x000002b51f64a500 Exception <a 'java/lang/NoSuchMethodError'{0x0000000085c55ac0}: 'int java.lang.invoke.DirectMethodHandle$Holder.invokeSpecial(java.lang.Object, java.lang.Object, int)'> (0x0000000085c55ac0) 
thrown [s\open\src\hotspot\share\interpreter\linkResolver.cpp, line 773]
Event: 11.963 Thread 0x000002b51f64a500 Exception <a 'java/lang/NoSuchMethodError'{0x0000000085a429c8}: 'void java.lang.invoke.DirectMethodHandle$Holder.invokeVirtual(java.lang.Object, java.lang.Object, java.lang.Object, int)'> (0x0000000085a429c8) 
thrown [s\open\src\hotspot\share\interpreter\linkResolver.cpp, line 773]
Event: 11.968 Thread 0x000002b51f64a500 Exception <a 'java/lang/NoSuchMethodError'{0x0000000085a780e8}: 'void java.lang.invoke.DirectMethodHandle$Holder.invokeStatic(java.lang.Object, java.lang.Object, java.lang.Object, int)'> (0x0000000085a780e8) 
thrown [s\open\src\hotspot\share\interpreter\linkResolver.cpp, line 773]
Event: 11.968 Thread 0x000002b51f64a500 Exception <a 'java/lang/NoSuchMethodError'{0x0000000085a7b868}: 'void java.lang.invoke.DirectMethodHandle$Holder.invokeStaticInit(java.lang.Object, java.lang.Object, java.lang.Object, int)'> (0x0000000085a7b868) 
thrown [s\open\src\hotspot\share\interpreter\linkResolver.cpp, line 773]
Event: 12.045 Thread 0x000002b51f64a500 Exception <a 'java/lang/NoSuchMethodError'{0x00000000858b1d68}: 'java.lang.Object java.lang.invoke.DirectMethodHandle$Holder.invokeStatic(java.lang.Object, java.lang.Object, int, int)'> (0x00000000858b1d68) 
thrown [s\open\src\hotspot\share\interpreter\linkResolver.cpp, line 773]
Event: 12.046 Thread 0x000002b51f64a500 Exception <a 'java/lang/NoSuchMethodError'{0x00000000858b5418}: 'java.lang.Object java.lang.invoke.DirectMethodHandle$Holder.invokeStaticInit(java.lang.Object, java.lang.Object, int, int)'> (0x00000000858b5418) 
thrown [s\open\src\hotspot\share\interpreter\linkResolver.cpp, line 773]
Event: 12.789 Thread 0x000002b51f64a500 Exception <a 'java/lang/NoSuchMethodError'{0x0000000086c41130}: 'java.lang.Object java.lang.invoke.DirectMethodHandle$Holder.invokeVirtual(java.lang.Object, java.lang.Object, int)'> (0x0000000086c41130) 
thrown [s\open\src\hotspot\share\interpreter\linkResolver.cpp, line 773]
Event: 12.790 Thread 0x000002b51f64a500 Exception <a 'java/lang/NoSuchMethodError'{0x0000000086c48528}: 'void java.lang.invoke.DirectMethodHandle$Holder.invokeVirtual(java.lang.Object, java.lang.Object, int, java.lang.Object)'> (0x0000000086c48528) 
thrown [s\open\src\hotspot\share\interpreter\linkResolver.cpp, line 773]

VM Operations (20 events):
Event: 7.123 Executing VM operation: Cleanup
Event: 7.123 Executing VM operation: Cleanup done
Event: 7.265 Executing VM operation: HandshakeAllThreads
Event: 7.265 Executing VM operation: HandshakeAllThreads done
Event: 7.270 Executing VM operation: HandshakeAllThreads
Event: 7.270 Executing VM operation: HandshakeAllThreads done
Event: 8.272 Executing VM operation: Cleanup
Event: 8.273 Executing VM operation: Cleanup done
Event: 11.286 Executing VM operation: Cleanup
Event: 11.286 Executing VM operation: Cleanup done
Event: 11.860 Executing VM operation: HandshakeAllThreads
Event: 11.860 Executing VM operation: HandshakeAllThreads done
Event: 12.295 Executing VM operation: G1CollectForAllocation
Event: 12.298 Executing VM operation: G1CollectForAllocation done
Event: 12.350 Executing VM operation: HandshakeAllThreads
Event: 12.350 Executing VM operation: HandshakeAllThreads done
Event: 12.411 Executing VM operation: G1CollectForAllocation
Event: 12.417 Executing VM operation: G1CollectForAllocation done
Event: 12.565 Executing VM operation: G1CollectForAllocation
Event: 12.570 Executing VM operation: G1CollectForAllocation done

Events (20 events):
Event: 6.110 Thread 0x000002b4d866b020 flushing nmethod 0x000002b4cb949d90
Event: 6.110 Thread 0x000002b4d866b020 flushing nmethod 0x000002b4cb94dd10
Event: 6.110 Thread 0x000002b4d866b020 flushing nmethod 0x000002b4cb948b10
Event: 6.110 Thread 0x000002b4d866b020 flushing nmethod 0x000002b4cb90ec90
Event: 6.110 Thread 0x000002b4d866b020 flushing nmethod 0x000002b4cb911c90
Event: 6.110 Thread 0x000002b4d866b020 flushing nmethod 0x000002b4cb910d10
Event: 6.110 Thread 0x000002b4d866b020 flushing nmethod 0x000002b4cb907890
Event: 6.110 Thread 0x000002b4d866b020 flushing nmethod 0x000002b4cb8f8910
Event: 6.110 Thread 0x000002b4d866b020 flushing nmethod 0x000002b4cb8f6210
Event: 6.110 Thread 0x000002b4d866b020 flushing nmethod 0x000002b4cb8f1010
Event: 6.155 Thread 0x000002b51efa6b30 Thread added: 0x000002b51efa6b30
Event: 6.196 Thread 0x000002b51efa7080 Thread added: 0x000002b51efa7080
Event: 6.197 Thread 0x000002b51efa9060 Thread added: 0x000002b51efa9060
Event: 7.264 Thread 0x000002b51f84bf50 Thread exited: 0x000002b51f84bf50
Event: 7.382 Thread 0x000002b51efa75d0 Thread added: 0x000002b51efa75d0
Event: 7.384 Thread 0x000002b51f5400d0 Thread added: 0x000002b51f5400d0
Event: 7.390 Thread 0x000002b51f53dba0 Thread added: 0x000002b51f53dba0
Event: 7.390 Thread 0x000002b51f53e0f0 Thread added: 0x000002b51f53e0f0
Event: 11.116 Thread 0x000002b51efa85c0 Thread exited: 0x000002b51efa85c0
Event: 12.876 Thread 0x000002b51e77b680 Thread added: 0x000002b51e77b680


Dynamic libraries:
0x00007ff79f310000 - 0x00007ff79f320000 	C:\Program Files\Java\jdk-20\bin\javaw.exe
0x00007ff9a5430000 - 0x00007ff9a5646000 	C:\WINDOWS\SYSTEM32\ntdll.dll
0x00007ff9a49a0000 - 0x00007ff9a4a64000 	C:\WINDOWS\System32\KERNEL32.DLL
0x00007ff9a27c0000 - 0x00007ff9a2b67000 	C:\WINDOWS\System32\KERNELBASE.dll
0x00007ff9a2c10000 - 0x00007ff9a2d21000 	C:\WINDOWS\System32\ucrtbase.dll
0x00007ff995040000 - 0x00007ff99505b000 	C:\Program Files\Java\jdk-20\bin\VCRUNTIME140.dll
0x00007ff991240000 - 0x00007ff991259000 	C:\Program Files\Java\jdk-20\bin\jli.dll
0x00007ff9a5280000 - 0x00007ff9a5332000 	C:\WINDOWS\System32\ADVAPI32.dll
0x00007ff9a5340000 - 0x00007ff9a53e7000 	C:\WINDOWS\System32\msvcrt.dll
0x00007ff9a3650000 - 0x00007ff9a36f8000 	C:\WINDOWS\System32\sechost.dll
0x00007ff9a2d30000 - 0x00007ff9a2d58000 	C:\WINDOWS\System32\bcrypt.dll
0x00007ff9a4650000 - 0x00007ff9a4765000 	C:\WINDOWS\System32\RPCRT4.dll
0x00007ff9a4770000 - 0x00007ff9a491e000 	C:\WINDOWS\System32\USER32.dll
0x00007ff9a2f90000 - 0x00007ff9a2fb6000 	C:\WINDOWS\System32\win32u.dll
0x00007ff97dd30000 - 0x00007ff97dfc3000 	C:\WINDOWS\WinSxS\amd64_microsoft.windows.common-controls_6595b64144ccf1df_6.0.22621.3235_none_270f74e173860f98\COMCTL32.dll
0x00007ff9a5050000 - 0x00007ff9a5079000 	C:\WINDOWS\System32\GDI32.dll
0x00007ff9a2fc0000 - 0x00007ff9a30d9000 	C:\WINDOWS\System32\gdi32full.dll
0x00007ff9a2b70000 - 0x00007ff9a2c0a000 	C:\WINDOWS\System32\msvcp_win.dll
0x00007ff991510000 - 0x00007ff99151a000 	C:\WINDOWS\SYSTEM32\VERSION.dll
0x00007ff9a3160000 - 0x00007ff9a3191000 	C:\WINDOWS\System32\IMM32.DLL
0x00007ff9992f0000 - 0x00007ff9992fc000 	C:\Program Files\Java\jdk-20\bin\vcruntime140_1.dll
0x00007ff971050000 - 0x00007ff9710de000 	C:\Program Files\Java\jdk-20\bin\msvcp140.dll
0x00007ff9082f0000 - 0x00007ff908f88000 	C:\Program Files\Java\jdk-20\bin\server\jvm.dll
0x00007ff997b00000 - 0x00007ff997b34000 	C:\WINDOWS\SYSTEM32\WINMM.dll
0x00007ff985c60000 - 0x00007ff985c69000 	C:\WINDOWS\SYSTEM32\WSOCK32.dll
0x00007ff9a4a70000 - 0x00007ff9a4ae1000 	C:\WINDOWS\System32\WS2_32.dll
0x00007ff9a1790000 - 0x00007ff9a17a8000 	C:\WINDOWS\SYSTEM32\kernel.appcore.dll
0x00007ff999260000 - 0x00007ff99926a000 	C:\Program Files\Java\jdk-20\bin\jimage.dll
0x00007ff99c7a0000 - 0x00007ff99c9d3000 	C:\WINDOWS\SYSTEM32\DBGHELP.DLL
0x00007ff9a3a60000 - 0x00007ff9a3de8000 	C:\WINDOWS\System32\combase.dll
0x00007ff9a4eb0000 - 0x00007ff9a4f87000 	C:\WINDOWS\System32\OLEAUT32.dll
0x00007ff991730000 - 0x00007ff991762000 	C:\WINDOWS\SYSTEM32\dbgcore.DLL
0x00007ff9a30e0000 - 0x00007ff9a3159000 	C:\WINDOWS\System32\bcryptPrimitives.dll
0x00007ff986730000 - 0x00007ff986756000 	C:\Program Files\Java\jdk-20\bin\java.dll
0x00007ff94d120000 - 0x00007ff94d1f7000 	C:\Program Files\Java\jdk-20\bin\jsvml.dll
0x00007ff9a3df0000 - 0x00007ff9a464c000 	C:\WINDOWS\System32\SHELL32.dll
0x00007ff9a06b0000 - 0x00007ff9a0fa9000 	C:\WINDOWS\SYSTEM32\windows.storage.dll
0x00007ff9a0570000 - 0x00007ff9a06ae000 	C:\WINDOWS\SYSTEM32\wintypes.dll
0x00007ff9a4b50000 - 0x00007ff9a4c43000 	C:\WINDOWS\System32\SHCORE.dll
0x00007ff9a4af0000 - 0x00007ff9a4b4e000 	C:\WINDOWS\System32\shlwapi.dll
0x00007ff9a2680000 - 0x00007ff9a26a1000 	C:\WINDOWS\SYSTEM32\profapi.dll
0x00007ff98c730000 - 0x00007ff98c743000 	C:\Program Files\Java\jdk-20\bin\net.dll
0x00007ff998220000 - 0x00007ff998356000 	C:\WINDOWS\SYSTEM32\WINHTTP.dll
0x00007ff9a1c00000 - 0x00007ff9a1c69000 	C:\WINDOWS\system32\mswsock.dll
0x00007ff986840000 - 0x00007ff986856000 	C:\Program Files\Java\jdk-20\bin\nio.dll
0x00007ff9865f0000 - 0x00007ff986608000 	C:\Program Files\Java\jdk-20\bin\zip.dll
0x00007ff999210000 - 0x00007ff999220000 	C:\Program Files\Java\jdk-20\bin\verify.dll
0x00007ff9a1280000 - 0x00007ff9a1379000 	C:\WINDOWS\SYSTEM32\DNSAPI.dll
0x00007ff9a1210000 - 0x00007ff9a123d000 	C:\WINDOWS\SYSTEM32\IPHLPAPI.DLL
0x00007ff9a3a30000 - 0x00007ff9a3a39000 	C:\WINDOWS\System32\NSI.dll
0x00007ff987350000 - 0x00007ff98735a000 	C:\Windows\System32\rasadhlp.dll
0x00007ff996cd0000 - 0x00007ff996d53000 	C:\WINDOWS\System32\fwpuclnt.dll
0x00007ff9979f0000 - 0x00007ff9979f7000 	C:\Program Files\Java\jdk-20\bin\extnet.dll
0x00007ff9a1e60000 - 0x00007ff9a1e7b000 	C:\WINDOWS\SYSTEM32\CRYPTSP.dll
0x00007ff9a16f0000 - 0x00007ff9a1725000 	C:\WINDOWS\system32\rsaenh.dll
0x00007ff9a1d00000 - 0x00007ff9a1d28000 	C:\WINDOWS\SYSTEM32\USERENV.dll
0x00007ff9a1e80000 - 0x00007ff9a1e8c000 	C:\WINDOWS\SYSTEM32\CRYPTBASE.dll
0x00007ff998030000 - 0x00007ff998049000 	C:\WINDOWS\SYSTEM32\dhcpcsvc6.DLL
0x00007ff997fc0000 - 0x00007ff997fdf000 	C:\WINDOWS\SYSTEM32\dhcpcsvc.DLL
0x00007ff981d50000 - 0x00007ff981d67000 	C:\WINDOWS\system32\napinsp.dll
0x00007ff981d30000 - 0x00007ff981d4b000 	C:\WINDOWS\system32\pnrpnsp.dll
0x00007ff981d10000 - 0x00007ff981d21000 	C:\WINDOWS\System32\winrnr.dll
0x00007ff981cc0000 - 0x00007ff981cd5000 	C:\WINDOWS\system32\wshbth.dll
0x00007ff981c90000 - 0x00007ff981cb1000 	C:\WINDOWS\system32\nlansp_c.dll
0x00007ff994dc0000 - 0x00007ff994dca000 	C:\Program Files\Java\jdk-20\bin\management.dll
0x00007ff991630000 - 0x00007ff99163b000 	C:\Program Files\Java\jdk-20\bin\management_ext.dll
0x00007ff9a4e40000 - 0x00007ff9a4e48000 	C:\WINDOWS\System32\PSAPI.DLL
0x00007ff991200000 - 0x00007ff99120e000 	C:\Program Files\Java\jdk-20\bin\sunmscapi.dll
0x00007ff9a2e20000 - 0x00007ff9a2f87000 	C:\WINDOWS\System32\CRYPT32.dll
0x00007ff9a2020000 - 0x00007ff9a204e000 	C:\WINDOWS\SYSTEM32\ncrypt.dll
0x00007ff9a1fe0000 - 0x00007ff9a2017000 	C:\WINDOWS\SYSTEM32\NTASN1.dll
0x00007ff991140000 - 0x00007ff991148000 	C:\WINDOWS\system32\wshunix.dll

dbghelp: loaded successfully - version: 4.0.5 - missing functions: none
symbol engine: initialized successfully - sym options: 0x614 - pdb path: .;C:\Program Files\Java\jdk-20\bin;C:\WINDOWS\SYSTEM32;C:\WINDOWS\WinSxS\amd64_microsoft.windows.common-controls_6595b64144ccf1df_6.0.22621.3235_none_270f74e173860f98;C:\Program Files\Java\jdk-20\bin\server

VM Arguments:
jvm_args: -ea -Dfile.encoding=UTF-8 -XX:+ShowCodeDetailsInExceptionMessages 
java_command: org.testng.remote.RemoteTestNG -serport 62105 -protocol json -d C:\eclipse\eclipse-workspace\NumpyNinja-Selenium\lms_automation\test-output C:\Users\mdesh\AppData\Local\Temp\testng-eclipse--1148508575\testng-customsuite.xml
java_class_path (initial): C:\eclipse\eclipse\configuration\org.eclipse.osgi\1084\0\.cp\lib\testng-remote.jar;C:\eclipse\eclipse-workspace\NumpyNinja-Selenium\lms_automation\target\test-classes;C:\eclipse\eclipse-workspace\NumpyNinja-Selenium\lms_automation\target\classes;C:\eclipse\eclipse\plugins\org.testng_7.8.0.r202306071539.jar;C:\eclipse\eclipse\plugins\com.beust.jcommander_1.82.0.jar;C:\eclipse\eclipse\plugins\org.apache-extras.beanshell.bsh_2.0.0.b6.jar;C:\eclipse\eclipse\plugins\org.yaml.snakeyaml_1.21.0.jar;C:\eclipse\eclipse\plugins\org.webjars.jquery_3.6.1.jar;C:\Users\mdesh\.m2\repository\org\seleniumhq\selenium\selenium-java\4.19.1\selenium-java-4.19.1.jar;C:\Users\mdesh\.m2\repository\org\seleniumhq\selenium\selenium-api\4.19.1\selenium-api-4.19.1.jar;C:\Users\mdesh\.m2\repository\org\seleniumhq\selenium\selenium-chrome-driver\4.19.1\selenium-chrome-driver-4.19.1.jar;C:\Users\mdesh\.m2\repository\com\google\auto\service\auto-service-annotations\1.1.1\auto-service-annotations-1.1.1.jar;C:\Users\mdesh\.m2\repository\org\seleniumhq\selenium\selenium-chromium-driver\4.19.1\selenium-chromium-driver-4.19.1.jar;C:\Users\mdesh\.m2\repository\org\seleniumhq\selenium\selenium-json\4.19.1\selenium-json-4.19.1.jar;C:\Users\mdesh\.m2\repository\org\seleniumhq\selenium\selenium-manager\4.19.1\selenium-manager-4.19.1.jar;C:\Users\mdesh\.m2\repository\org\seleniumhq\selenium\selenium-devtools-v121\4.19.1\selenium-devtools-v121-4.19.1.jar;C:\Users\mdesh\.m2\repository\org\seleniumhq\selenium\selenium-devtools-v122\4.19.1\selenium-devtools-v122-4.19.1.jar;C:\Users\mdesh\.m2\repository\org\seleniumhq\selenium\selenium-devtools-v123\4.19.1\selenium-devtools-v123-4.19.1.jar;C:\Users\mdesh\.m2\repository\org\seleniumhq\selenium\selenium-devtools-v85\4.19.1\selenium-devtools-v85-4.19.1.jar;C:\Users\mdesh\.m2\repository\org\seleniumhq\selenium\selenium-edge-driver\4.19.1\selenium-edge-driver-4.19.1.jar;C:\Users\mdesh\.m2\repository\org\seleniumhq\selenium\selenium-firefox-driver\4.19.1\selenium-firefox-driver-4.19.1.jar;C:\Users\mdesh\.m2\repository\org\seleniumhq\selenium\selenium-http\4.19.1\selenium-http-4.19.1.jar;C:\Users\mdesh\.m2\repository\dev\failsafe\failsafe\3.3.2\failsafe-3.3.2.jar;C:\Users\mdesh\.m2\repository\org\seleniumhq\selenium\selenium-ie-driver\4.19.1\selenium-ie-driver-4.19.1.jar;C:\Users\mdesh\.m2\repository\org\seleniumhq\selenium\selenium-remote-driver\4.19.1\selenium-remote-driver-4.19.1.jar;C:\Users\mdesh\.m2\repository\com\google\guava\guava\33.1.0-jre\guava-33.1.0-jre.jar;C:\Users\mdesh\.m2\repository\com\google\guava\failureaccess\1.0.2\failureaccess-1.0.2.jar;C:\Users\mdesh\.m2\repository\com\google\guava\listenablefuture\9999.0-empty-to-avoid-conflict-with-guava\listenablefuture-9999.0-empty-to-avoid-conflict-with-guava.jar;C:\Users\mdesh\.m2\repository\com\google\code\findbugs\jsr305\3.0.2\jsr305-3.0.2.jar;C:\Users\mdesh\.m2\repository\org\checkerframework\checker-qual\3.42.0\checker-qual-3.42.0.jar;C:\Users\mdesh\.m2\repository\com\google\errorprone\error_prone_annotations\2.26.1\error_prone_annotations-2.26.1.jar;C:\Users\mdesh\.m2\repository\com\google\j2objc\j2objc-annotations\3.0.0\j2objc-annotations-3.0.0.jar;C:\Users\mdesh\.m2\repository\io\opentelemetry\semconv\opentelemetry-semconv\1.23.1-alpha\opentelemetry-semconv-1.23.1-alpha.jar;C:\Users\mdesh\.m2\repository\io\opentelemetry\opentelemetry-api\1.36.0\opentelemetry-api-1.36.0.jar;C:\Users\mdesh\.m2\repository\io\opentelemetry\opentelemetry-context\1.36.0\opentelemetry-context-1.36.0.jar;C:\Users\mdesh\.m2\repository\io\opentelemetry\opentelemetry-exporter-logging\1.36.0\opentelemetry-exporter-logging-1.36.0.jar;C:\Users\mdesh\.m2\repository\io\opentelemetry\opentelemetry-sdk-common\1.36.0\opentelemetry-sdk-common-1.36.0.jar;C:\Users\mdesh\.m2\repository\io\opentelemetry\opentelemetry-sdk-extension-autoconfigure-spi\1.36.0\opentelemetry-sdk-extension-autoconfigure-spi-1.36.0.jar;C:\Users\mdesh\.m2\repository\io\opentelemetry\opentelemetry-sdk-extension-autoconfigure\1.36.0\opentelemetry-sdk-extension-autoconfigure-1.36.0.jar;C:\Users\mdesh\.m2\repository\io\opentelemetry\opentelemetry-api-events\1.36.0-alpha\opentelemetry-api-events-1.36.0-alpha.jar;C:\Users\mdesh\.m2\repository\io\opentelemetry\opentelemetry-sdk-trace\1.36.0\opentelemetry-sdk-trace-1.36.0.jar;C:\Users\mdesh\.m2\repository\io\opentelemetry\opentelemetry-extension-incubator\1.36.0-alpha\opentelemetry-extension-incubator-1.36.0-alpha.jar;C:\Users\mdesh\.m2\repository\io\opentelemetry\opentelemetry-sdk\1.36.0\opentelemetry-sdk-1.36.0.jar;C:\Users\mdesh\.m2\repository\io\opentelemetry\opentelemetry-sdk-metrics\1.36.0\opentelemetry-sdk-metrics-1.36.0.jar;C:\Users\mdesh\.m2\repository\io\opentelemetry\opentelemetry-sdk-logs\1.36.0\opentelemetry-sdk-logs-1.36.0.jar;C:\Users\mdesh\.m2\repository\net\bytebuddy\byte-buddy\1.14.12\byte-buddy-1.14.12.jar;C:\Users\mdesh\.m2\repository\org\seleniumhq\selenium\selenium-os\4.19.1\selenium-os-4.19.1.jar;C:\Users\mdesh\.m2\repository\org\apache\commons\commons-exec\1.3\commons-exec-1.3.jar;C:\Users\mdesh\.m2\repository\org\seleniumhq\selenium\selenium-safari-driver\4.19.1\selenium-safari-driver-4.19.1.jar;C:\Users\mdesh\.m2\repository\org\seleniumhq\selenium\selenium-support\4.19.1\selenium-support-4.19.1.jar;C:\Users\mdesh\.m2\repository\io\cucumber\cucumber-java\7.17.0\cucumber-java-7.17.0.jar;C:\Users\mdesh\.m2\repository\io\cucumber\cucumber-core\7.17.0\cucumber-core-7.17.0.jar;C:\Users\mdesh\.m2\repository\io\cucumber\cucumber-gherkin\7.17.0\cucumber-gherkin-7.17.0.jar;C:\Users\mdesh\.m2\repository\io\cucumber\cucumber-gherkin-messages\7.17.0\cucumber-gherkin-messages-7.17.0.jar;C:\Users\mdesh\.m2\repository\io\cucumber\gherkin\28.0.0\gherkin-28.0.0.jar;C:\Users\mdesh\.m2\repository\io\cucumber\messages\24.1.0\messages-24.1.0.jar;C:\Users\mdesh\.m2\repository\io\cucumber\testng-xml-formatter\0.1.0\testng-xml-formatter-0.1.0.jar;C:\Users\mdesh\.m2\repository\io\cucumber\query\12.1.2\query-12.1.2.jar;C:\Users\mdesh\.m2\repository\io\cucumber\tag-expressions\6.1.0\tag-expressions-6.1.0.jar;C:\Users\mdesh\.m2\repository\io\cucumber\cucumber-expressions\17.1.0\cucumber-expressions-17.1.0.jar;C:\Users\mdesh\.m2\repository\io\cucumber\datatable\7.17.0\datatable-7.17.0.jar;C:\Users\mdesh\.m2\repository\io\cucumber\cucumber-plugin\7.17.0\cucumber-plugin-7.17.0.jar;C:\Users\mdesh\.m2\repository\io\cucumber\docstring\7.17.0\docstring-7.17.0.jar;C:\Users\mdesh\.m2\repository\io\cucumber\html-formatter\21.3.1\html-formatter-21.3.1.jar;C:\Users\mdesh\.m2\repository\io\cucumber\junit-xml-formatter\0.4.0\junit-xml-formatter-0.4.0.jar;C:\Users\mdesh\.m2\repository\io\cucumber\ci-environment\10.0.1\ci-environment-10.0.1.jar;C:\Users\mdesh\.m2\repository\org\apiguardian\apiguardian-api\1.1.2\apiguardian-api-1.1.2.jar;C:\Users\mdesh\.m2\repository\io\cucumber\cucumber-testng\7.17.0\cucumber-testng-7.17.0.jar;C:\Users\mdesh\.m2\repository\io\cucumber\cucumber-picocontainer\7.17.0\cucumber-picocontainer-7.17.0.jar;C:\Users\mdesh\.m2\repository\org\picocontainer\picocontainer\2.15\picocontainer-2.15.jar;C:\Users\mdesh\.m2\repository\io\cucumber\cucumber-junit\7.17.0\cucumber-junit-7.17.0.jar;C:\Users\mdesh\.m2\repository\junit\junit\4.13.2\junit-4.13.2.jar;C:\Users\mdesh\.m2\repository\org\hamcrest\hamcrest-core\1.3\hamcrest-core-1.3.jar;C:\Users\mdesh\.m2\repository\org\testng\testng\7.10.1\testng-7.10.1.jar;C:\Users\mdesh\.m2\repository\org\slf4j\slf4j-api\1.7.36\slf4j-api-1.7.36.jar;C:\Users\mdesh\.m2\repository\com\beust\jcommander\1.82\jcommander-1.82.jar;C:\Users\mdesh\.m2\repository\org\webjars\jquery\3.7.1\jquery-3.7.1.jar;C:\Users\mdesh\.m2\repository\org\apache\poi\poi\5.2.5\poi-5.2.5.jar;C:\Users\mdesh\.m2\repository\commons-codec\commons-codec\1.16.0\commons-codec-1.16.0.jar;C:\Users\mdesh\.m2\repository\org\apache\commons\commons-collections4\4.4\commons-collections4-4.4.jar;C:\Users\mdesh\.m2\repository\org\apache\commons\commons-math3\3.6.1\commons-math3-3.6.1.jar;C:\Users\mdesh\.m2\repository\commons-io\commons-io\2.15.0\commons-io-2.15.0.jar;C:\Users\mdesh\.m2\repository\com\zaxxer\SparseBitSet\1.3\SparseBitSet-1.3.jar;C:\Users\mdesh\.m2\repository\org\apache\poi\poi-ooxml\5.2.4\poi-ooxml-5.2.4.jar;C:\Users\mdesh\.m2\repository\org\apache\poi\poi-ooxml-lite\5.2.4\poi-ooxml-lite-5.2.4.jar;C:\Users\mdesh\.m2\repository\org\apache\xmlbeans\xmlbeans\5.1.1\xmlbeans-5.1.1.jar;C:\Users\mdesh\.m2\repository\org\apache\commons\commons-compress\1.24.0\commons-compress-1.24.0.jar;C:\Users\mdesh\.m2\repository\com\github\virtuald\curvesapi\1.08\curvesapi-1.08.jar;C:\Users\mdesh\.m2\repository\com\codoid\products\fillo\1.21\fillo-1.21.jar;C:\Users\mdesh\.m2\repository\io\qameta\allure\allure-testng\2.25.0\allure-testng-2.25.0.jar;C:\Users\mdesh\.m2\repository\io\qameta\allure\allure-java-commons\2.25.0\allure-java-commons-2.25.0.jar;C:\Users\mdesh\.m2\repository\io\qameta\allure\allure-model\2.25.0\allure-model-2.25.0.jar;C:\Users\mdesh\.m2\repository\io\qameta\allure\allure-test-filter\2.25.0\allure-test-filter-2.25.0.jar;C:\Users\mdesh\.m2\repository\tech\grasshopper\extentreports-cucumber7-adapter\1.14.0\extentreports-cucumber7-adapter-1.14.0.jar;C:\Users\mdesh\.m2\repository\tech\grasshopper\extent-pdf-report\2.12.0\extent-pdf-report-2.12.0.jar;C:\Users\mdesh\.m2\repository\tech\grasshopper\cucumber-pdf-report\2.14.0\cucumber-pdf-report-2.14.0.jar;C:\Users\mdesh\.m2\repository\org\apache\pdfbox\pdfbox\2.0.26\pdfbox-2.0.26.jar;C:\Users\mdesh\.m2\repository\org\apache\pdfbox\fontbox\2.0.26\fontbox-2.0.26.jar;C:\Users\mdesh\.m2\repository\org\knowm\xchart\xchart\3.8.0\xchart-3.8.0.jar;C:\Users\mdesh\.m2\repository\de\erichseifert\vectorgraphics2d\VectorGraphics2D\0.13\VectorGraphics2D-0.13.jar;C:\Users\mdesh\.m2\repository\de\rototor\pdfbox\graphics2d\0.30\graphics2d-0.30.jar;C:\Users\mdesh\.m2\repository\com\madgag\animated-gif-lib\1.4\animated-gif-lib-1.4.jar;C:\Users\mdesh\.m2\repository\org\yaml\snakeyaml\2.0\snakeyaml-2.0.jar;C:\Users\mdesh\.m2\repository\tech\grasshopper\table-layout\1.5.1\table-layout-1.5.1.jar;C:\Users\mdesh\.m2\repository\tech\grasshopper\rest-assured-cucumber-pdf-report\1.5.0\rest-assured-cucumber-pdf-report-1.5.0.jar;C:\Users\mdesh\.m2\repository\org\jsoup\jsoup\1.15.3\jsoup-1.15.3.jar;C:\Users\mdesh\.m2\repository\com\aventstack\klov-reporter\5.1.0\klov-reporter-5.1.0.jar;C:\Users\mdesh\.m2\repository\org\mongodb\mongodb-driver\3.6.4\mongodb-driver-3.6.4.jar;C:\Users\mdesh\.m2\repository\org\mongodb\mongodb-driver-core\3.6.4\mongodb-driver-core-3.6.4.jar;C:\Users\mdesh\.m2\repository\org\mongodb\bson\3.6.4\bson-3.6.4.jar;C:\Users\mdesh\.m2\repository\org\apache\httpcomponents\httpclient\4.5.13\httpclient-4.5.13.jar;C:\Users\mdesh\.m2\repository\org\apache\httpcomponents\httpcore\4.4.13\httpcore-4.4.13.jar;C:\Users\mdesh\.m2\repository\commons-logging\commons-logging\1.2\commons-logging-1.2.jar;C:\Users\mdesh\.m2\repository\org\apache\httpcomponents\httpmime\4.5.13\httpmime-4.5.13.jar;C:\Users\mdesh\.m2\repository\tech\grasshopper\htmlextentreporter\1.1.0\htmlextentreporter-1.1.0.jar;C:\Users\mdesh\.m2\repository\tech\grasshopper\extent-excel-report\1.4.0\extent-excel-report-1.4.0.jar;C:\Users\mdesh\.m2\repository\com\aventstack\extentreports\5.1.1\extentreports-5.1.1.jar;C:\Users\mdesh\.m2\repository\io\reactivex\rxjava3\rxjava\3.1.6\rxjava-3.1.6.jar;C:\Users\mdesh\.m2\repository\org\reactivestreams\reactive-streams\1.0.4\reactive-streams-1.0.4.jar;C:\Users\mdesh\.m2\repository\org\freemarker\freemarker\2.3.32\freemarker-2.3.32.jar;C:\Users\mdesh\.m2\repository\org\projectlombok\lombok\1.18.26\lombok-1.18.26.jar;C:\Users\mdesh\.m2\repository\com\google\code\gson\gson\2.10.1\gson-2.10.1.jar;C:\Users\mdesh\.m2\repository\org\apache\logging\log4j\log4j-core\2.22.0\log4j-core-2.22.0.jar;C:\Users\mdesh\.m2\repository\org\apache\logging\log4j\log4j-api\2.22.0\log4j-api-2.22.0.jar
Launcher Type: SUN_STANDARD

[Global flags]
     intx CICompilerCount                          = 4                                         {product} {ergonomic}
     uint ConcGCThreads                            = 2                                         {product} {ergonomic}
     uint G1ConcRefinementThreads                  = 8                                         {product} {ergonomic}
   size_t G1HeapRegionSize                         = 1048576                                   {product} {ergonomic}
    uintx GCDrainStackTargetSize                   = 64                                        {product} {ergonomic}
   size_t InitialHeapSize                          = 132120576                                 {product} {ergonomic}
   size_t MarkStackSize                            = 4194304                                   {product} {ergonomic}
   size_t MaxHeapSize                              = 2092957696                                {product} {ergonomic}
   size_t MaxNewSize                               = 1255145472                                {product} {ergonomic}
   size_t MinHeapDeltaBytes                        = 1048576                                   {product} {ergonomic}
   size_t MinHeapSize                              = 8388608                                   {product} {ergonomic}
    uintx NonNMethodCodeHeapSize                   = 5839372                                {pd product} {ergonomic}
    uintx NonProfiledCodeHeapSize                  = 122909434                              {pd product} {ergonomic}
    uintx ProfiledCodeHeapSize                     = 122909434                              {pd product} {ergonomic}
    uintx ReservedCodeCacheSize                    = 251658240                              {pd product} {ergonomic}
     bool SegmentedCodeCache                       = true                                      {product} {ergonomic}
     bool ShowCodeDetailsInExceptionMessages       = true                                   {manageable} {command line}
   size_t SoftMaxHeapSize                          = 2092957696                             {manageable} {ergonomic}
     bool UseCompressedClassPointers               = true                           {product lp64_product} {ergonomic}
     bool UseCompressedOops                        = true                           {product lp64_product} {ergonomic}
     bool UseG1GC                                  = true                                      {product} {ergonomic}
     bool UseLargePagesIndividualAllocation        = false                                  {pd product} {ergonomic}

Logging:
Log output configuration:
 #0: stdout all=warning uptime,level,tags foldmultilines=false
 #1: stderr all=off uptime,level,tags foldmultilines=false

Environment Variables:
JAVA_HOME=C:\Program Files\Java\jdk-20
CLASSPATH=C:\Informatica\9.6.1\java\bin;
PATH=C:/eclipse/eclipse//plugins/org.eclipse.justj.openjdk.hotspot.jre.full.win32.x86_64_17.0.9.v20231028-0858/jre/bin/server;C:/eclipse/eclipse//plugins/org.eclipse.justj.openjdk.hotspot.jre.full.win32.x86_64_17.0.9.v20231028-0858/jre/bin;C:\Python311\Scripts\;C:\Python311\;C:\Users\mdesh\Downloads\JobSearch-Meenakshi\Job-Interview-preparation\ETL\oracle11g\product\11.2.0\dbhome_1\bin;C:\Informatica\10.4.1\clients\tools\datadirect;C:\Informatica\10.4.1\clients\tools\odbcdrv;C:\Informatica\10.4.1\clients\tools\jdbcdrv;C:\Informatica\10.4.1\clients\tools\sharedlibs;C:\Users\mdesh\Downloads\JobSearch-Meenakshi\Job-Interview-preparation\ETL\informatica9.6\informatica-workplace\java\jre\bin\server;C:\Users\mdesh\Downloads\JobSearch-Meenakshi\Job-Interview-preparation\ETL\informatica9.6\informatica-workplace\tools\odbcdrv;C:\Users\mdesh\Downloads\JobSearch-Meenakshi\Job-Interview-preparation\ETL\informatica9.6\informatica-workplace\tools\jdbcdrv;C:\Users\mdesh\Downloads\JobSearch-Meenakshi\Job-Interview-preparation\ETL\informatica9.6\informatica-workplace\tools\datadirect;C:\Informatica\9.6.1\java\jre\bin\server;C:\Informatica\9.6.1\tools\odbcdrv;C:\Informatica\9.6.1\tools\jdbcdrv;C:\Informatica\9.6.1\tools\datadirect;C:\Informatica\9.6.1\clients\tools\datadirect;C:\Informatica\9.6.1\clients\tools\odbcdrv;C:\Informatica\9.6.1\clients\tools\jdbcdrv;C:\Users\mdesh\Downloads\WINDOWS.X64_193000_db_home\bin;C:\Program Files\Java\jdk1.8.0_271\bin;C:\WINDOWS\system32;C:\WINDOWS;C:\WINDOWS\System32\Wbem;C:\WINDOWS\System32\WindowsPowerShell\v1.0\;C:\WINDOWS\System32\OpenSSH\;C:\Program Files\Git\cmd;C:\Program Files\Apache Software Foundation\apache-maven-3.6.3\bin;C:\ProgramData\ComposerSetup\bin;C:\wamp64\bin\php\php8.2.0;C:\ProgramData\chocolatey\bin;C:\Program Files\nodejs\;C:\WINDOWS\pear.ini;C:\Program Files\Java\jdk-20\bin;C:\Program Files\Java\jdk-20\bin;C:\Users\mdesh\scoop\apps\allure\2.24.1\bin;C:\Program Files\Git\bin;C:\Program Files\Graphviz\bin;C:\Program Files\HP\HP One Agent;C:\Program Files\MySQL\MySQL Shell 8.0\bin\;C:\Users\mdesh\scoop\shims;C:\Users\mdesh\AppData\Local\Microsoft\WindowsApps;C:\Users\mdesh\AppData\Local\Programs\Microsoft VS Code\bin;C:\Users\mdesh\AppData\Roaming\Composer\vendor\bin;C:\wamp64\symfony-cli\symfony;C:\Users\mdesh\AppData\Roaming\npm;C:\Program Files (x86)\Brackets\;C:\eclipse\eclipse;
USERNAME=mdesh
OS=Windows_NT
PROCESSOR_IDENTIFIER=Intel64 Family 6 Model 142 Stepping 12, GenuineIntel
TMP=C:\Users\mdesh\AppData\Local\Temp
TEMP=C:\Users\mdesh\AppData\Local\Temp




---------------  S Y S T E M  ---------------

OS:
 Windows 11 , 64 bit Build 22621 (10.0.22621.3374)
OS uptime: 5 days 19:34 hours

CPU: total 8 (initial active 8) (4 cores per cpu, 2 threads per core) family 6 model 142 stepping 12 microcode 0xde, cx8, cmov, fxsr, ht, mmx, 3dnowpref, sse, sse2, sse3, ssse3, sse4.1, sse4.2, popcnt, lzcnt, tsc, tscinvbit, avx, avx2, aes, erms, clmul, bmi1, bmi2, adx, fma, vzeroupper, clflush, clflushopt, rdtscp, f16c

Memory: 4k page, system-wide physical 7979M (381M free)
TotalPageFile size 32555M (AvailPageFile size 3M)
current process WorkingSet (physical memory assigned to process): 199M, peak: 199M
current process commit charge ("private bytes"): 245M, peak: 253M

vm_info: Java HotSpot(TM) 64-Bit Server VM (20.0.2+9-78) for windows-amd64 JRE (20.0.2+9-78), built on 2023-06-14T10:08:48Z by "mach5one" with MS VC++ 17.1 (VS2022)

END.
