#
# There is insufficient memory for the Java Runtime Environment to continue.
# Native memory allocation (malloc) failed to allocate 424816 bytes for Chunk::new
# Possible reasons:
#   The system is out of physical RAM or swap space
#   The process is running with CompressedOops enabled, and the Java Heap may be blocking the growth of the native heap
# Possible solutions:
#   Reduce memory load on the system
#   Increase physical memory or swap space
#   Check if swap backing store is full
#   Decrease Java heap size (-Xmx/-Xms)
#   Decrease number of Java threads
#   Decrease Java thread stack sizes (-Xss)
#   Set larger code cache with -XX:ReservedCodeCacheSize=
#   JVM is running with Unscaled Compressed Oops mode in which the Java heap is
#     placed in the first 4GB address space. The Java Heap base address is the
#     maximum limit for the native heap growth. Please use -XX:HeapBaseMinAddress
#     to set the Java Heap base and to place the Java Heap above 4GB virtual address.
# This output file may be truncated or incomplete.
#
#  Out of Memory Error (arena.cpp:184), pid=76128, tid=72584
#
# JRE version: Java(TM) SE Runtime Environment (20.0.2+9) (build 20.0.2+9-78)
# Java VM: Java HotSpot(TM) 64-Bit Server VM (20.0.2+9-78, mixed mode, sharing, tiered, compressed oops, compressed class ptrs, g1 gc, windows-amd64)
# No core dump will be written. Minidumps are not enabled by default on client versions of Windows
#

---------------  S U M M A R Y ------------

Command Line: -ea -Dfile.encoding=UTF-8 -XX:+ShowCodeDetailsInExceptionMessages org.testng.remote.RemoteTestNG -serport 62197 -protocol json -d C:\eclipse\eclipse-workspace\NumpyNinja-Selenium\lms_automation\test-output C:\Users\mdesh\AppData\Local\Temp\testng-eclipse-546572486\testng-customsuite.xml

Host: Intel(R) Core(TM) i5-10210U CPU @ 1.60GHz, 8 cores, 7G,  Windows 11 , 64 bit Build 22621 (10.0.22621.3374)
Time: Sun Apr 28 07:28:19 2024 Eastern Daylight Time elapsed time: 10.136070 seconds (0d 0h 0m 10s)

---------------  T H R E A D  ---------------

Current thread (0x000002b035380310):  JavaThread "C2 CompilerThread0" daemon [_thread_in_native, id=72584, stack(0x000000c51bf00000,0x000000c51c000000)]


Current CompileTask:
C2:  10136 4221       4       jdk.internal.jimage.BasicImageReader::verifyLocation (39 bytes)

Stack: [0x000000c51bf00000,0x000000c51c000000]
Native frames: (J=compiled Java code, j=interpreted, Vv=VM code, C=native code)
V  [jvm.dll+0x6bc25a]
V  [jvm.dll+0x84971a]
V  [jvm.dll+0x84b315]
V  [jvm.dll+0x84ba13]
V  [jvm.dll+0x280e4f]
V  [jvm.dll+0xc2ab1]
V  [jvm.dll+0xc2dd5]
V  [jvm.dll+0x3bb612]
V  [jvm.dll+0x1e6f13]
V  [jvm.dll+0x24b67b]
V  [jvm.dll+0x24a921]
V  [jvm.dll+0x1ce761]
V  [jvm.dll+0x25a0eb]
V  [jvm.dll+0x2587c0]
V  [jvm.dll+0x3f2dd5]
V  [jvm.dll+0x7f5c76]
V  [jvm.dll+0x6baecb]
C  [ucrtbase.dll+0x29333]
C  [KERNEL32.DLL+0x1257d]
C  [ntdll.dll+0x5aa48]


---------------  P R O C E S S  ---------------

Threads class SMR info:
_java_thread_list=0x000002b07c3a6500, length=26, elements={
0x000002b018a467c0, 0x000002b03536c0b0, 0x000002b03536ccb0, 0x000002b03536e8c0,
0x000002b035370570, 0x000002b035370eb0, 0x000002b03537bc10, 0x000002b035380310,
0x000002b03538c6b0, 0x000002b07a617d20, 0x000002b07a62a070, 0x000002b07aee9fa0,
0x000002b07d010010, 0x000002b07c1a55a0, 0x000002b07c1a5af0, 0x000002b07c1a6590,
0x000002b07c1a6040, 0x000002b07c1a7580, 0x000002b07c1a6ae0, 0x000002b07c1a4060,
0x000002b07c1a45b0, 0x000002b07c1a5050, 0x000002b07c1a4b00, 0x000002b07d847ae0,
0x000002b07d845060, 0x000002b07d848030
}

Java Threads: ( => current thread )
  0x000002b018a467c0 JavaThread "main" [_thread_blocked, id=67672, stack(0x000000c51b200000,0x000000c51b300000)]
  0x000002b03536c0b0 JavaThread "Reference Handler" daemon [_thread_blocked, id=75916, stack(0x000000c51b900000,0x000000c51ba00000)]
  0x000002b03536ccb0 JavaThread "Finalizer" daemon [_thread_blocked, id=79056, stack(0x000000c51ba00000,0x000000c51bb00000)]
  0x000002b03536e8c0 JavaThread "Signal Dispatcher" daemon [_thread_blocked, id=78084, stack(0x000000c51bb00000,0x000000c51bc00000)]
  0x000002b035370570 JavaThread "Attach Listener" daemon [_thread_blocked, id=41172, stack(0x000000c51bc00000,0x000000c51bd00000)]
  0x000002b035370eb0 JavaThread "Service Thread" daemon [_thread_blocked, id=70764, stack(0x000000c51bd00000,0x000000c51be00000)]
  0x000002b03537bc10 JavaThread "Monitor Deflation Thread" daemon [_thread_blocked, id=54424, stack(0x000000c51be00000,0x000000c51bf00000)]
=>0x000002b035380310 JavaThread "C2 CompilerThread0" daemon [_thread_in_native, id=72584, stack(0x000000c51bf00000,0x000000c51c000000)]
  0x000002b03538c6b0 JavaThread "C1 CompilerThread0" daemon [_thread_in_native, id=59764, stack(0x000000c51c000000,0x000000c51c100000)]
  0x000002b07a617d20 JavaThread "Notification Thread" daemon [_thread_blocked, id=47512, stack(0x000000c51c100000,0x000000c51c200000)]
  0x000002b07a62a070 JavaThread "Common-Cleaner" daemon [_thread_blocked, id=31148, stack(0x000000c51c300000,0x000000c51c400000)]
  0x000002b07aee9fa0 JavaThread "ReaderThread" [_thread_in_native, id=55504, stack(0x000000c51c600000,0x000000c51c700000)]
  0x000002b07d010010 JavaThread "TestNG-PoolService-0" [_thread_in_vm, id=70660, stack(0x000000c51cf00000,0x000000c51d000000)]
  0x000002b07c1a55a0 JavaThread "ForkJoinPool.commonPool-worker-1" daemon [_thread_blocked, id=12640, stack(0x000000c51c400000,0x000000c51c500000)]
  0x000002b07c1a5af0 JavaThread "HttpClient-1-SelectorManager" daemon [_thread_in_native, id=72588, stack(0x000000c51d100000,0x000000c51d200000)]
  0x000002b07c1a6590 JavaThread "External Process Output Forwarder - C:\Users\mdesh\.cache\selenium\chromedriver\win64\123.0.6312.122\chromedriver.exe" daemon [_thread_in_native, id=78020, stack(0x000000c51d000000,0x000000c51d100000)]
  0x000002b07c1a6040 JavaThread "Driver Service Executor" daemon [_thread_blocked, id=60392, stack(0x000000c51d200000,0x000000c51d300000)]
  0x000002b07c1a7580 JavaThread "Driver Service Executor" daemon [_thread_in_native, id=74644, stack(0x000000c51d300000,0x000000c51d400000)]
  0x000002b07c1a6ae0 JavaThread "UrlChecker-2" daemon [_thread_blocked, id=77836, stack(0x000000c51d400000,0x000000c51d500000)]
  0x000002b07c1a4060 JavaThread "JdkHttpClient-0-0" daemon [_thread_blocked, id=76656, stack(0x000000c51d600000,0x000000c51d700000)]
  0x000002b07c1a45b0 JavaThread "JdkHttpClient-0-1" daemon [_thread_blocked, id=75100, stack(0x000000c51d700000,0x000000c51d800000)]
  0x000002b07c1a5050 JavaThread "JdkHttpClient-0-2" daemon [_thread_blocked, id=73660, stack(0x000000c51d800000,0x000000c51d900000)]
  0x000002b07c1a4b00 JavaThread "HttpClient-2-SelectorManager" daemon [_thread_in_native, id=71452, stack(0x000000c51d900000,0x000000c51da00000)]
  0x000002b07d847ae0 JavaThread "JdkHttpClient-1-0" daemon [_thread_blocked, id=67952, stack(0x000000c51da00000,0x000000c51db00000)]
  0x000002b07d845060 JavaThread "JdkHttpClient-1-1" daemon [_thread_blocked, id=45780, stack(0x000000c51db00000,0x000000c51dc00000)]
  0x000002b07d848030 JavaThread "JdkHttpClient-1-2" daemon [_thread_blocked, id=79840, stack(0x000000c51dc00000,0x000000c51dd00000)]

Other Threads:
  0x000002b03534fb10 VMThread "VM Thread" [stack: 0x000000c51b800000,0x000000c51b900000] [id=40244]
  0x000002b07a61a440 WatcherThread "VM Periodic Task Thread" [stack: 0x000000c51c200000,0x000000c51c300000] [id=77840]
  0x000002b018aa5890 WorkerThread "GC Thread#0" [stack: 0x000000c51b300000,0x000000c51b400000] [id=76712]
  0x000002b07affe1d0 WorkerThread "GC Thread#1" [stack: 0x000000c51c700000,0x000000c51c800000] [id=75008]
  0x000002b07b7f3650 WorkerThread "GC Thread#2" [stack: 0x000000c51c800000,0x000000c51c900000] [id=75292]
  0x000002b07b7f4a00 WorkerThread "GC Thread#3" [stack: 0x000000c51c900000,0x000000c51ca00000] [id=57020]
  0x000002b07b7f4730 WorkerThread "GC Thread#4" [stack: 0x000000c51ca00000,0x000000c51cb00000] [id=5012]
  0x000002b07b7f3ec0 WorkerThread "GC Thread#5" [stack: 0x000000c51cb00000,0x000000c51cc00000] [id=71280]
  0x000002b07b7f4cd0 WorkerThread "GC Thread#6" [stack: 0x000000c51cc00000,0x000000c51cd00000] [id=41396]
  0x000002b07b7f30b0 WorkerThread "GC Thread#7" [stack: 0x000000c51cd00000,0x000000c51ce00000] [id=13576]
  0x000002b018ab61d0 ConcurrentGCThread "G1 Main Marker" [stack: 0x000000c51b400000,0x000000c51b500000] [id=76244]
  0x000002b018ab72b0 WorkerThread "G1 Conc#0" [stack: 0x000000c51b500000,0x000000c51b600000] [id=79824]
  0x000002b07c09f900 WorkerThread "G1 Conc#1" [stack: 0x000000c51ce00000,0x000000c51cf00000] [id=73952]
  0x000002b03520ffb0 ConcurrentGCThread "G1 Refine#0" [stack: 0x000000c51b600000,0x000000c51b700000] [id=39628]
  0x000002b035210860 ConcurrentGCThread "G1 Service" [stack: 0x000000c51b700000,0x000000c51b800000] [id=19852]

Threads with active compile tasks:
C2 CompilerThread0    10171 4221       4       jdk.internal.jimage.BasicImageReader::verifyLocation (39 bytes)

VM state: not at safepoint (normal execution)

VM Mutex/Monitor currently owned by a thread: None

Heap address: 0x0000000083400000, size: 1996 MB, Compressed Oops mode: 32-bit

CDS archive(s) mapped at: [0x000002b035400000-0x000002b036060000-0x000002b036060000), size 12976128, SharedBaseAddress: 0x000002b035400000, ArchiveRelocationMode: 1.
Compressed class space mapped at: 0x000002b036400000-0x000002b076400000, reserved size: 1073741824
Narrow klass base: 0x000002b035400000, Narrow klass shift: 0, Narrow klass range: 0x100000000

GC Precious Log:
 CardTable entry size: 512
 Card Set container configuration: InlinePtr #cards 5 size 8 Array Of Cards #cards 12 size 40 Howl #buckets 4 coarsen threshold 1843 Howl Bitmap #cards 512 size 80 coarsen threshold 460 Card regions per heap region 1 cards per card region 2048
 CPUs: 8 total, 8 available
 Memory: 7979M
 Large Page Support: Disabled
 NUMA Support: Disabled
 Compressed Oops: Enabled (32-bit)
 Heap Region Size: 1M
 Heap Min Capacity: 8M
 Heap Initial Capacity: 126M
 Heap Max Capacity: 1996M
 Pre-touch: Disabled
 Parallel Workers: 8
 Concurrent Workers: 2
 Concurrent Refinement Workers: 8
 Periodic GC: Disabled

Heap:
 garbage-first heap   total 66560K, used 28038K [0x0000000083400000, 0x0000000100000000)
  region size 1024K, 8 young (8192K), 2 survivors (2048K)
 Metaspace       used 43859K, committed 44416K, reserved 1114112K
  class space    used 5380K, committed 5632K, reserved 1048576K

Heap Regions: E=young(eden), S=young(survivor), O=old, HS=humongous(starts), HC=humongous(continues), CS=collection set, F=free, OA=open archive, CA=closed archive, TAMS=top-at-mark-start, PB=parsable bottom
|   0|0x0000000083400000, 0x0000000083500000, 0x0000000083500000|100%|HS|  |TAMS 0x0000000083400000| PB 0x0000000083400000| Complete 
|   1|0x0000000083500000, 0x0000000083600000, 0x0000000083600000|100%|HC|  |TAMS 0x0000000083500000| PB 0x0000000083500000| Complete 
|   2|0x0000000083600000, 0x0000000083700000, 0x0000000083700000|100%| O|  |TAMS 0x0000000083600000| PB 0x0000000083600000| Untracked 
|   3|0x0000000083700000, 0x0000000083800000, 0x0000000083800000|100%| O|  |TAMS 0x0000000083700000| PB 0x0000000083700000| Untracked 
|   4|0x0000000083800000, 0x0000000083900000, 0x0000000083900000|100%| O|  |TAMS 0x0000000083800000| PB 0x0000000083800000| Untracked 
|   5|0x0000000083900000, 0x0000000083a00000, 0x0000000083a00000|100%| O|  |TAMS 0x0000000083900000| PB 0x0000000083900000| Untracked 
|   6|0x0000000083a00000, 0x0000000083b00000, 0x0000000083b00000|100%| O|  |TAMS 0x0000000083a00000| PB 0x0000000083a00000| Untracked 
|   7|0x0000000083b00000, 0x0000000083c00000, 0x0000000083c00000|100%| O|  |TAMS 0x0000000083b00000| PB 0x0000000083b00000| Untracked 
|   8|0x0000000083c00000, 0x0000000083d00000, 0x0000000083d00000|100%| O|  |TAMS 0x0000000083c00000| PB 0x0000000083c00000| Untracked 
|   9|0x0000000083d00000, 0x0000000083e00000, 0x0000000083e00000|100%| O|  |TAMS 0x0000000083d00000| PB 0x0000000083d00000| Untracked 
|  10|0x0000000083e00000, 0x0000000083f00000, 0x0000000083f00000|100%| O|  |TAMS 0x0000000083e00000| PB 0x0000000083e00000| Untracked 
|  11|0x0000000083f00000, 0x0000000084000000, 0x0000000084000000|100%| O|  |TAMS 0x0000000083f00000| PB 0x0000000083f00000| Untracked 
|  12|0x0000000084000000, 0x0000000084100000, 0x0000000084100000|100%| O|  |TAMS 0x0000000084000000| PB 0x0000000084000000| Untracked 
|  13|0x0000000084100000, 0x0000000084200000, 0x0000000084200000|100%| O|  |TAMS 0x0000000084100000| PB 0x0000000084100000| Untracked 
|  14|0x0000000084200000, 0x0000000084300000, 0x0000000084300000|100%| O|  |TAMS 0x0000000084200000| PB 0x0000000084200000| Untracked 
|  15|0x0000000084300000, 0x0000000084400000, 0x0000000084400000|100%| O|  |TAMS 0x0000000084300000| PB 0x0000000084300000| Untracked 
|  16|0x0000000084400000, 0x0000000084400000, 0x0000000084500000|  0%| F|  |TAMS 0x0000000084400000| PB 0x0000000084400000| Untracked 
|  17|0x0000000084500000, 0x0000000084600000, 0x0000000084600000|100%| O|  |TAMS 0x0000000084500000| PB 0x0000000084500000| Untracked 
|  18|0x0000000084600000, 0x0000000084700000, 0x0000000084700000|100%| O|  |TAMS 0x0000000084600000| PB 0x0000000084600000| Untracked 
|  19|0x0000000084700000, 0x0000000084800000, 0x0000000084800000|100%| O|  |TAMS 0x0000000084700000| PB 0x0000000084700000| Untracked 
|  20|0x0000000084800000, 0x0000000084900000, 0x0000000084900000|100%| O|  |TAMS 0x0000000084800000| PB 0x0000000084800000| Untracked 
|  21|0x0000000084900000, 0x00000000849aaa00, 0x0000000084a00000| 66%| O|  |TAMS 0x0000000084900000| PB 0x0000000084900000| Untracked 
|  22|0x0000000084a00000, 0x0000000084a00000, 0x0000000084b00000|  0%| F|  |TAMS 0x0000000084a00000| PB 0x0000000084a00000| Untracked 
|  23|0x0000000084b00000, 0x0000000084b00000, 0x0000000084c00000|  0%| F|  |TAMS 0x0000000084b00000| PB 0x0000000084b00000| Untracked 
|  24|0x0000000084c00000, 0x0000000084c00000, 0x0000000084d00000|  0%| F|  |TAMS 0x0000000084c00000| PB 0x0000000084c00000| Untracked 
|  25|0x0000000084d00000, 0x0000000084d00000, 0x0000000084e00000|  0%| F|  |TAMS 0x0000000084d00000| PB 0x0000000084d00000| Untracked 
|  26|0x0000000084e00000, 0x0000000084e00000, 0x0000000084f00000|  0%| F|  |TAMS 0x0000000084e00000| PB 0x0000000084e00000| Untracked 
|  27|0x0000000084f00000, 0x0000000084f00000, 0x0000000085000000|  0%| F|  |TAMS 0x0000000084f00000| PB 0x0000000084f00000| Untracked 
|  28|0x0000000085000000, 0x00000000850b6ef8, 0x0000000085100000| 71%| S|CS|TAMS 0x0000000085000000| PB 0x0000000085000000| Complete 
|  29|0x0000000085100000, 0x0000000085200000, 0x0000000085200000|100%| S|CS|TAMS 0x0000000085100000| PB 0x0000000085100000| Complete 
|  30|0x0000000085200000, 0x0000000085200000, 0x0000000085300000|  0%| F|  |TAMS 0x0000000085200000| PB 0x0000000085200000| Untracked 
|  31|0x0000000085300000, 0x0000000085300000, 0x0000000085400000|  0%| F|  |TAMS 0x0000000085300000| PB 0x0000000085300000| Untracked 
|  32|0x0000000085400000, 0x0000000085400000, 0x0000000085500000|  0%| F|  |TAMS 0x0000000085400000| PB 0x0000000085400000| Untracked 
|  33|0x0000000085500000, 0x0000000085500000, 0x0000000085600000|  0%| F|  |TAMS 0x0000000085500000| PB 0x0000000085500000| Untracked 
|  34|0x0000000085600000, 0x0000000085600000, 0x0000000085700000|  0%| F|  |TAMS 0x0000000085600000| PB 0x0000000085600000| Untracked 
|  35|0x0000000085700000, 0x0000000085700000, 0x0000000085800000|  0%| F|  |TAMS 0x0000000085700000| PB 0x0000000085700000| Untracked 
|  36|0x0000000085800000, 0x0000000085800000, 0x0000000085900000|  0%| F|  |TAMS 0x0000000085800000| PB 0x0000000085800000| Untracked 
|  37|0x0000000085900000, 0x0000000085900000, 0x0000000085a00000|  0%| F|  |TAMS 0x0000000085900000| PB 0x0000000085900000| Untracked 
|  38|0x0000000085a00000, 0x0000000085a00000, 0x0000000085b00000|  0%| F|  |TAMS 0x0000000085a00000| PB 0x0000000085a00000| Untracked 
|  39|0x0000000085b00000, 0x0000000085b00000, 0x0000000085c00000|  0%| F|  |TAMS 0x0000000085b00000| PB 0x0000000085b00000| Untracked 
|  40|0x0000000085c00000, 0x0000000085c00000, 0x0000000085d00000|  0%| F|  |TAMS 0x0000000085c00000| PB 0x0000000085c00000| Untracked 
|  41|0x0000000085d00000, 0x0000000085d00000, 0x0000000085e00000|  0%| F|  |TAMS 0x0000000085d00000| PB 0x0000000085d00000| Untracked 
|  42|0x0000000085e00000, 0x0000000085e00000, 0x0000000085f00000|  0%| F|  |TAMS 0x0000000085e00000| PB 0x0000000085e00000| Untracked 
|  43|0x0000000085f00000, 0x0000000085f00000, 0x0000000086000000|  0%| F|  |TAMS 0x0000000085f00000| PB 0x0000000085f00000| Untracked 
|  44|0x0000000086000000, 0x0000000086000000, 0x0000000086100000|  0%| F|  |TAMS 0x0000000086000000| PB 0x0000000086000000| Untracked 
|  45|0x0000000086100000, 0x0000000086100000, 0x0000000086200000|  0%| F|  |TAMS 0x0000000086100000| PB 0x0000000086100000| Untracked 
|  46|0x0000000086200000, 0x0000000086200000, 0x0000000086300000|  0%| F|  |TAMS 0x0000000086200000| PB 0x0000000086200000| Untracked 
|  47|0x0000000086300000, 0x0000000086300000, 0x0000000086400000|  0%| F|  |TAMS 0x0000000086300000| PB 0x0000000086300000| Untracked 
|  48|0x0000000086400000, 0x0000000086400000, 0x0000000086500000|  0%| F|  |TAMS 0x0000000086400000| PB 0x0000000086400000| Untracked 
|  49|0x0000000086500000, 0x0000000086500000, 0x0000000086600000|  0%| F|  |TAMS 0x0000000086500000| PB 0x0000000086500000| Untracked 
|  50|0x0000000086600000, 0x0000000086600000, 0x0000000086700000|  0%| F|  |TAMS 0x0000000086600000| PB 0x0000000086600000| Untracked 
|  51|0x0000000086700000, 0x0000000086700000, 0x0000000086800000|  0%| F|  |TAMS 0x0000000086700000| PB 0x0000000086700000| Untracked 
|  52|0x0000000086800000, 0x0000000086800000, 0x0000000086900000|  0%| F|  |TAMS 0x0000000086800000| PB 0x0000000086800000| Untracked 
|  53|0x0000000086900000, 0x0000000086900000, 0x0000000086a00000|  0%| F|  |TAMS 0x0000000086900000| PB 0x0000000086900000| Untracked 
|  54|0x0000000086a00000, 0x0000000086a00000, 0x0000000086b00000|  0%| F|  |TAMS 0x0000000086a00000| PB 0x0000000086a00000| Untracked 
|  55|0x0000000086b00000, 0x0000000086b00000, 0x0000000086c00000|  0%| F|  |TAMS 0x0000000086b00000| PB 0x0000000086b00000| Untracked 
|  56|0x0000000086c00000, 0x0000000086c00000, 0x0000000086d00000|  0%| F|  |TAMS 0x0000000086c00000| PB 0x0000000086c00000| Untracked 
|  57|0x0000000086d00000, 0x0000000086d00000, 0x0000000086e00000|  0%| F|  |TAMS 0x0000000086d00000| PB 0x0000000086d00000| Untracked 
|  58|0x0000000086e00000, 0x0000000086e00000, 0x0000000086f00000|  0%| F|  |TAMS 0x0000000086e00000| PB 0x0000000086e00000| Untracked 
|  59|0x0000000086f00000, 0x0000000087000000, 0x0000000087000000|100%| E|  |TAMS 0x0000000086f00000| PB 0x0000000086f00000| Complete 
|  89|0x0000000088d00000, 0x0000000088e00000, 0x0000000088e00000|100%| E|CS|TAMS 0x0000000088d00000| PB 0x0000000088d00000| Complete 
|  90|0x0000000088e00000, 0x0000000088f00000, 0x0000000088f00000|100%| E|CS|TAMS 0x0000000088e00000| PB 0x0000000088e00000| Complete 
|  91|0x0000000088f00000, 0x0000000089000000, 0x0000000089000000|100%| E|CS|TAMS 0x0000000088f00000| PB 0x0000000088f00000| Complete 
|  92|0x0000000089000000, 0x0000000089100000, 0x0000000089100000|100%| E|CS|TAMS 0x0000000089000000| PB 0x0000000089000000| Complete 
| 125|0x000000008b100000, 0x000000008b200000, 0x000000008b200000|100%| E|CS|TAMS 0x000000008b100000| PB 0x000000008b100000| Complete 

Card table byte_map: [0x000002b030220000,0x000002b030610000] _byte_map_base: 0x000002b02fe06000

Marking Bits: (CMBitMap*) 0x000002b018aa5dd0
 Bits: [0x000002b030a00000, 0x000002b032930000)

Polling page: 0x000002b0181f0000

Metaspace:

Usage:
  Non-class:     37.59 MB used.
      Class:      5.26 MB used.
       Both:     42.85 MB used.

Virtual space:
  Non-class space:       64.00 MB reserved,      37.88 MB ( 59%) committed,  1 nodes.
      Class space:        1.00 GB reserved,       5.50 MB ( <1%) committed,  1 nodes.
             Both:        1.06 GB reserved,      43.38 MB (  4%) committed. 

Chunk freelists:
   Non-Class:  1.47 MB
       Class:  2.55 MB
        Both:  4.02 MB

MaxMetaspaceSize: unlimited
CompressedClassSpaceSize: 1.00 GB
Initial GC threshold: 21.00 MB
Current GC threshold: 59.31 MB
CDS: on
MetaspaceReclaimPolicy: balanced
 - commit_granule_bytes: 65536.
 - commit_granule_words: 8192.
 - virtual_space_node_default_size: 8388608.
 - enlarge_chunks_in_place: 1.
 - new_chunks_are_fully_committed: 0.
 - uncommit_free_chunks: 1.
 - use_allocation_guard: 0.


Internal statistics:

num_allocs_failed_limit: 9.
num_arena_births: 648.
num_arena_deaths: 0.
num_vsnodes_births: 2.
num_vsnodes_deaths: 0.
num_space_committed: 694.
num_space_uncommitted: 0.
num_chunks_returned_to_freelist: 9.
num_chunks_taken_from_freelist: 2032.
num_chunk_merges: 3.
num_chunk_splits: 1390.
num_chunks_enlarged: 1035.
num_inconsistent_stats: 0.

CodeHeap 'non-profiled nmethods': size=120000Kb used=1667Kb max_used=1667Kb free=118332Kb
 bounds [0x000002b0285d0000, 0x000002b028840000, 0x000002b02fb00000]
CodeHeap 'profiled nmethods': size=120000Kb used=7743Kb max_used=7743Kb free=112256Kb
 bounds [0x000002b020b00000, 0x000002b0212a0000, 0x000002b028030000]
CodeHeap 'non-nmethods': size=5760Kb used=1700Kb max_used=1727Kb free=4059Kb
 bounds [0x000002b028030000, 0x000002b0282a0000, 0x000002b0285d0000]
 total_blobs=4641 nmethods=3959 adapters=592
 compilation: enabled
              stopped_count=0, restarted_count=0
 full_count=0

Compilation events (20 events):
Event: 10.110 Thread 0x000002b03538c6b0 nmethod 4226 0x000002b02126ee90 code [0x000002b02126f040, 0x000002b02126f350]
Event: 10.110 Thread 0x000002b03538c6b0 4227       1       org.apache.xmlbeans.impl.schema.SchemaPropertyImpl::isAttribute (5 bytes)
Event: 10.111 Thread 0x000002b03538c6b0 nmethod 4227 0x000002b028770190 code [0x000002b028770300, 0x000002b0287703d0]
Event: 10.113 Thread 0x000002b03538c6b0 4228       3       jdk.internal.loader.ClassLoaders::bootLoader (4 bytes)
Event: 10.113 Thread 0x000002b03538c6b0 nmethod 4228 0x000002b020b59890 code [0x000002b020b59a20, 0x000002b020b59b18]
Event: 10.114 Thread 0x000002b03538c6b0 4230       3       jdk.internal.loader.URLClassPath::findResource (38 bytes)
Event: 10.114 Thread 0x000002b03538c6b0 nmethod 4230 0x000002b02126f410 code [0x000002b02126f5c0, 0x000002b02126f908]
Event: 10.118 Thread 0x000002b03538c6b0 4231       1       java.net.JarURLConnection::getJarFileURL (5 bytes)
Event: 10.118 Thread 0x000002b03538c6b0 nmethod 4231 0x000002b028770490 code [0x000002b028770600, 0x000002b0287706c8]
Event: 10.118 Thread 0x000002b03538c6b0 4232       1       java.net.JarURLConnection::getEntryName (5 bytes)
Event: 10.118 Thread 0x000002b03538c6b0 nmethod 4232 0x000002b028770790 code [0x000002b028770900, 0x000002b0287709c8]
Event: 10.123 Thread 0x000002b03538c6b0 4233       3       org.apache.xmlbeans.impl.schema.XsbReader::readBigInteger (54 bytes)
Event: 10.123 Thread 0x000002b03538c6b0 nmethod 4233 0x000002b02126fa90 code [0x000002b02126fc60, 0x000002b0212700c0]
Event: 10.123 Thread 0x000002b03538c6b0 4234   !   3       org.apache.xmlbeans.impl.schema.XsbReader::readByteArray (49 bytes)
Event: 10.124 Thread 0x000002b03538c6b0 nmethod 4234 0x000002b021270210 code [0x000002b021270400, 0x000002b021270988]
Event: 10.129 Thread 0x000002b03538c6b0 4235       3       com.sun.org.apache.xerces.internal.util.XMLAttributesImpl$Attribute::<init> (27 bytes)
Event: 10.129 Thread 0x000002b03538c6b0 nmethod 4235 0x000002b021270c90 code [0x000002b021270e80, 0x000002b021271670]
Event: 10.132 Thread 0x000002b03538c6b0 4236       3       com.sun.org.apache.xerces.internal.impl.XMLDocumentScannerImpl::getFeatureDefault (40 bytes)
Event: 10.132 Thread 0x000002b03538c6b0 nmethod 4236 0x000002b021271910 code [0x000002b021271ac0, 0x000002b021271d98]
Event: 10.132 Thread 0x000002b03538c6b0 4237       1       javax.xml.catalog.CatalogFeatures$Feature::getPropertyName (5 bytes)

GC Heap History (18 events):
Event: 0.700 GC heap before
{Heap before GC invocations=0 (full 0):
 garbage-first heap   total 129024K, used 24576K [0x0000000083400000, 0x0000000100000000)
  region size 1024K, 23 young (23552K), 0 survivors (0K)
 Metaspace       used 6511K, committed 6656K, reserved 1114112K
  class space    used 630K, committed 704K, reserved 1048576K
}
Event: 0.706 GC heap after
{Heap after GC invocations=1 (full 0):
 garbage-first heap   total 129024K, used 11112K [0x0000000083400000, 0x0000000100000000)
  region size 1024K, 3 young (3072K), 3 survivors (3072K)
 Metaspace       used 6511K, committed 6656K, reserved 1114112K
  class space    used 630K, committed 704K, reserved 1048576K
}
Event: 1.242 GC heap before
{Heap before GC invocations=1 (full 0):
 garbage-first heap   total 129024K, used 37736K [0x0000000083400000, 0x0000000100000000)
  region size 1024K, 29 young (29696K), 3 survivors (3072K)
 Metaspace       used 13097K, committed 13440K, reserved 1114112K
  class space    used 1451K, committed 1600K, reserved 1048576K
}
Event: 1.246 GC heap after
{Heap after GC invocations=2 (full 0):
 garbage-first heap   total 129024K, used 12215K [0x0000000083400000, 0x0000000100000000)
  region size 1024K, 2 young (2048K), 2 survivors (2048K)
 Metaspace       used 13097K, committed 13440K, reserved 1114112K
  class space    used 1451K, committed 1600K, reserved 1048576K
}
Event: 1.856 GC heap before
{Heap before GC invocations=2 (full 0):
 garbage-first heap   total 129024K, used 41911K [0x0000000083400000, 0x0000000100000000)
  region size 1024K, 33 young (33792K), 2 survivors (2048K)
 Metaspace       used 21151K, committed 21504K, reserved 1114112K
  class space    used 2455K, committed 2624K, reserved 1048576K
}
Event: 1.862 GC heap after
{Heap after GC invocations=3 (full 0):
 garbage-first heap   total 129024K, used 14054K [0x0000000083400000, 0x0000000100000000)
  region size 1024K, 4 young (4096K), 4 survivors (4096K)
 Metaspace       used 21151K, committed 21504K, reserved 1114112K
  class space    used 2455K, committed 2624K, reserved 1048576K
}
Event: 2.563 GC heap before
{Heap before GC invocations=4 (full 0):
 garbage-first heap   total 55296K, used 41702K [0x0000000083400000, 0x0000000100000000)
  region size 1024K, 32 young (32768K), 4 survivors (4096K)
 Metaspace       used 27445K, committed 27904K, reserved 1114112K
  class space    used 3331K, committed 3520K, reserved 1048576K
}
Event: 2.572 GC heap after
{Heap after GC invocations=5 (full 0):
 garbage-first heap   total 55296K, used 16396K [0x0000000083400000, 0x0000000100000000)
  region size 1024K, 4 young (4096K), 4 survivors (4096K)
 Metaspace       used 27445K, committed 27904K, reserved 1114112K
  class space    used 3331K, committed 3520K, reserved 1048576K
}
Event: 3.884 GC heap before
{Heap before GC invocations=5 (full 0):
 garbage-first heap   total 55296K, used 36876K [0x0000000083400000, 0x0000000100000000)
  region size 1024K, 26 young (26624K), 4 survivors (4096K)
 Metaspace       used 35514K, committed 35968K, reserved 1114112K
  class space    used 4315K, committed 4544K, reserved 1048576K
}
Event: 3.891 GC heap after
{Heap after GC invocations=6 (full 0):
 garbage-first heap   total 55296K, used 19600K [0x0000000083400000, 0x0000000100000000)
  region size 1024K, 3 young (3072K), 3 survivors (3072K)
 Metaspace       used 35514K, committed 35968K, reserved 1114112K
  class space    used 4315K, committed 4544K, reserved 1048576K
}
Event: 3.970 GC heap before
{Heap before GC invocations=6 (full 0):
 garbage-first heap   total 55296K, used 19600K [0x0000000083400000, 0x0000000100000000)
  region size 1024K, 4 young (4096K), 3 survivors (3072K)
 Metaspace       used 35851K, committed 36288K, reserved 1114112K
  class space    used 4352K, committed 4544K, reserved 1048576K
}
Event: 3.973 GC heap after
{Heap after GC invocations=7 (full 0):
 garbage-first heap   total 55296K, used 20317K [0x0000000083400000, 0x0000000100000000)
  region size 1024K, 1 young (1024K), 1 survivors (1024K)
 Metaspace       used 35851K, committed 36288K, reserved 1114112K
  class space    used 4352K, committed 4544K, reserved 1048576K
}
Event: 9.850 GC heap before
{Heap before GC invocations=8 (full 0):
 garbage-first heap   total 55296K, used 41821K [0x0000000083400000, 0x0000000100000000)
  region size 1024K, 23 young (23552K), 1 survivors (1024K)
 Metaspace       used 41869K, committed 42368K, reserved 1114112K
  class space    used 5126K, committed 5376K, reserved 1048576K
}
Event: 9.852 GC heap after
{Heap after GC invocations=9 (full 0):
 garbage-first heap   total 55296K, used 21564K [0x0000000083400000, 0x0000000100000000)
  region size 1024K, 2 young (2048K), 2 survivors (2048K)
 Metaspace       used 41869K, committed 42368K, reserved 1114112K
  class space    used 5126K, committed 5376K, reserved 1048576K
}
Event: 9.934 GC heap before
{Heap before GC invocations=9 (full 0):
 garbage-first heap   total 55296K, used 44092K [0x0000000083400000, 0x0000000100000000)
  region size 1024K, 24 young (24576K), 2 survivors (2048K)
 Metaspace       used 42548K, committed 43072K, reserved 1114112K
  class space    used 5205K, committed 5440K, reserved 1048576K
}
Event: 9.938 GC heap after
{Heap after GC invocations=10 (full 0):
 garbage-first heap   total 55296K, used 21969K [0x0000000083400000, 0x0000000100000000)
  region size 1024K, 1 young (1024K), 1 survivors (1024K)
 Metaspace       used 42548K, committed 43072K, reserved 1114112K
  class space    used 5205K, committed 5440K, reserved 1048576K
}
Event: 9.957 GC heap before
{Heap before GC invocations=10 (full 0):
 garbage-first heap   total 55296K, used 45521K [0x0000000083400000, 0x0000000100000000)
  region size 1024K, 24 young (24576K), 1 survivors (1024K)
 Metaspace       used 42548K, committed 43072K, reserved 1114112K
  class space    used 5205K, committed 5440K, reserved 1048576K
}
Event: 9.959 GC heap after
{Heap after GC invocations=11 (full 0):
 garbage-first heap   total 66560K, used 22918K [0x0000000083400000, 0x0000000100000000)
  region size 1024K, 2 young (2048K), 2 survivors (2048K)
 Metaspace       used 42548K, committed 43072K, reserved 1114112K
  class space    used 5205K, committed 5440K, reserved 1048576K
}

Dll operation events (11 events):
Event: 0.009 Loaded shared library C:\Program Files\Java\jdk-20\bin\java.dll
Event: 0.030 Loaded shared library C:\Program Files\Java\jdk-20\bin\jsvml.dll
Event: 0.147 Loaded shared library C:\Program Files\Java\jdk-20\bin\net.dll
Event: 0.148 Loaded shared library C:\Program Files\Java\jdk-20\bin\nio.dll
Event: 0.153 Loaded shared library C:\Program Files\Java\jdk-20\bin\zip.dll
Event: 0.251 Loaded shared library C:\Program Files\Java\jdk-20\bin\jimage.dll
Event: 0.368 Loaded shared library C:\Program Files\Java\jdk-20\bin\verify.dll
Event: 0.441 Loaded shared library C:\Program Files\Java\jdk-20\bin\extnet.dll
Event: 2.104 Loaded shared library C:\Program Files\Java\jdk-20\bin\management.dll
Event: 2.107 Loaded shared library C:\Program Files\Java\jdk-20\bin\management_ext.dll
Event: 3.824 Loaded shared library C:\Program Files\Java\jdk-20\bin\sunmscapi.dll

Deoptimization events (20 events):
Event: 9.881 Thread 0x000002b07d010010 Uncommon trap: trap_request=0xffffff45 fr.pc=0x000002b028704b8c relative=0x0000000000000c0c
Event: 9.881 Thread 0x000002b07d010010 Uncommon trap: reason=unstable_if action=reinterpret pc=0x000002b028704b8c method=java.util.jar.JarFile.getVersionedEntry(Ljava/lang/String;Ljava/util/jar/JarEntry;)Ljava/util/jar/JarEntry; @ 26 c2
Event: 9.881 Thread 0x000002b07d010010 DEOPT PACKING pc=0x000002b028704b8c sp=0x000000c51cff8640
Event: 9.881 Thread 0x000002b07d010010 DEOPT UNPACKING pc=0x000002b028099d22 sp=0x000000c51cff8610 mode 2
Event: 9.909 Thread 0x000002b07d010010 Uncommon trap: trap_request=0xffffff45 fr.pc=0x000002b0286a4c4c relative=0x00000000000002ac
Event: 9.909 Thread 0x000002b07d010010 Uncommon trap: reason=unstable_if action=reinterpret pc=0x000002b0286a4c4c method=jdk.internal.jimage.ImageStringsReader.stringFromByteBufferMatches(Ljava/nio/ByteBuffer;ILjava/lang/String;I)I @ 48 c2
Event: 9.909 Thread 0x000002b07d010010 DEOPT PACKING pc=0x000002b0286a4c4c sp=0x000000c51cff5a30
Event: 9.909 Thread 0x000002b07d010010 DEOPT UNPACKING pc=0x000002b028099d22 sp=0x000000c51cff59a8 mode 2
Event: 9.932 Thread 0x000002b07d010010 Uncommon trap: trap_request=0xffffff45 fr.pc=0x000002b02869a744 relative=0x0000000000001ce4
Event: 9.932 Thread 0x000002b07d010010 Uncommon trap: reason=unstable_if action=reinterpret pc=0x000002b02869a744 method=java.util.zip.InflaterInputStream.read([BII)I @ 74 c2
Event: 9.932 Thread 0x000002b07d010010 DEOPT PACKING pc=0x000002b02869a744 sp=0x000000c51cffb6c0
Event: 9.932 Thread 0x000002b07d010010 DEOPT UNPACKING pc=0x000002b028099d22 sp=0x000000c51cffb710 mode 2
Event: 9.953 Thread 0x000002b07d010010 Uncommon trap: trap_request=0xffffff45 fr.pc=0x000002b0287613d8 relative=0x0000000000000bb8
Event: 9.953 Thread 0x000002b07d010010 Uncommon trap: reason=unstable_if action=reinterpret pc=0x000002b0287613d8 method=org.apache.xmlbeans.impl.util.LongUTFDataInputStream.readLongUTF()Ljava/lang/String; @ 90 c2
Event: 9.953 Thread 0x000002b07d010010 DEOPT PACKING pc=0x000002b0287613d8 sp=0x000000c51cffb970
Event: 9.953 Thread 0x000002b07d010010 DEOPT UNPACKING pc=0x000002b028099d22 sp=0x000000c51cffb930 mode 2
Event: 10.028 Thread 0x000002b07d010010 Uncommon trap: trap_request=0xffffff45 fr.pc=0x000002b0286e8858 relative=0x0000000000000258
Event: 10.028 Thread 0x000002b07d010010 Uncommon trap: reason=unstable_if action=reinterpret pc=0x000002b0286e8858 method=java.lang.String.getChars(II[CI)V @ 24 c2
Event: 10.028 Thread 0x000002b07d010010 DEOPT PACKING pc=0x000002b0286e8858 sp=0x000000c51cffc7a0
Event: 10.028 Thread 0x000002b07d010010 DEOPT UNPACKING pc=0x000002b028099d22 sp=0x000000c51cffc760 mode 2

Classes loaded (20 events):
Event: 9.829 Loading class java/security/DigestInputStream
Event: 9.830 Loading class java/security/DigestInputStream done
Event: 9.848 Loading class javax/xml/namespace/QName
Event: 9.848 Loading class javax/xml/namespace/QName done
Event: 9.904 Loading class java/io/UTFDataFormatException
Event: 9.904 Loading class java/io/UTFDataFormatException done
Event: 9.909 Loading class java/lang/invoke/DirectMethodHandle$1
Event: 9.909 Loading class java/lang/invoke/DirectMethodHandle$1 done
Event: 9.982 Loading class org/w3c/dom/DOMImplementation
Event: 9.982 Loading class org/w3c/dom/DOMImplementation done
Event: 9.992 Loading class org/xml/sax/ext/LexicalHandler
Event: 9.992 Loading class org/xml/sax/ext/LexicalHandler done
Event: 9.992 Loading class org/xml/sax/ext/DeclHandler
Event: 9.992 Loading class org/xml/sax/ext/DeclHandler done
Event: 10.006 Loading class java/lang/AbstractMethodError
Event: 10.007 Loading class java/lang/AbstractMethodError done
Event: 10.013 Loading class org/w3c/dom/ProcessingInstruction
Event: 10.013 Loading class org/w3c/dom/ProcessingInstruction done
Event: 10.024 Loading class org/w3c/dom/DocumentFragment
Event: 10.024 Loading class org/w3c/dom/DocumentFragment done

Classes unloaded (0 events):
No events

Classes redefined (0 events):
No events

Internal exceptions (20 events):
Event: 3.644 Thread 0x000002b07d010010 Exception <a 'java/lang/NoSuchMethodError'{0x0000000085cf6c70}: 'int java.lang.invoke.DirectMethodHandle$Holder.invokeSpecialIFC(java.lang.Object, java.lang.Object, java.lang.Object)'> (0x0000000085cf6c70) 
thrown [s\open\src\hotspot\share\interpreter\linkResolver.cpp, line 773]
Event: 3.650 Thread 0x000002b07d010010 Exception <a 'java/lang/NoSuchMethodError'{0x0000000085b2cd00}: 'long java.lang.invoke.DirectMethodHandle$Holder.invokeSpecial(java.lang.Object, java.lang.Object)'> (0x0000000085b2cd00) 
thrown [s\open\src\hotspot\share\interpreter\linkResolver.cpp, line 773]
Event: 3.686 Thread 0x000002b07d010010 Exception <a 'sun/nio/fs/WindowsException'{0x0000000085bff7c0}> (0x0000000085bff7c0) 
thrown [s\open\src\hotspot\share\prims\jni.cpp, line 519]
Event: 3.741 Thread 0x000002b07d010010 Exception <a 'java/lang/NoSuchMethodError'{0x00000000859d3ac8}: 'void java.lang.invoke.DirectMethodHandle$Holder.invokeVirtual(java.lang.Object, java.lang.Object)'> (0x00000000859d3ac8) 
thrown [s\open\src\hotspot\share\interpreter\linkResolver.cpp, line 773]
Event: 3.779 Thread 0x000002b07d010010 Implicit null exception at 0x000002b0286eb9e7 to 0x000002b0286ec250
Event: 3.884 Thread 0x000002b07d010010 Exception <a 'java/lang/IncompatibleClassChangeError'{0x000000008549bfb8}: Found class java.lang.Object, but interface was expected> (0x000000008549bfb8) 
thrown [s\open\src\hotspot\share\interpreter\linkResolver.cpp, line 840]
Event: 3.895 Thread 0x000002b07d010010 Exception <a 'java/lang/NoSuchMethodError'{0x000000008b1226d8}: 'java.lang.Object java.lang.invoke.DirectMethodHandle$Holder.invokeVirtual(java.lang.Object, java.lang.Object, java.lang.Object, java.lang.Object)'> (0x000000008b1226d8) 
thrown [s\open\src\hotspot\share\interpreter\linkResolver.cpp, line 773]
Event: 3.912 Thread 0x000002b07c1a6ae0 Exception <a 'java/net/ConnectException'{0x000000008b1d9648}: Connection refused: no further information> (0x000000008b1d9648) 
thrown [s\open\src\hotspot\share\prims\jni.cpp, line 538]
Event: 3.935 Thread 0x000002b07c1a6ae0 Exception <a 'java/net/ConnectException'{0x000000008b1da748}: Connection refused: no further information> (0x000000008b1da748) 
thrown [s\open\src\hotspot\share\prims\jni.cpp, line 538]
Event: 3.995 Thread 0x000002b07d010010 Exception <a 'java/lang/NoSuchMethodError'{0x0000000088f17230}: 'java.lang.Object java.lang.invoke.DirectMethodHandle$Holder.newInvokeSpecial(java.lang.Object, java.lang.Object, int, int)'> (0x0000000088f17230) 
thrown [s\open\src\hotspot\share\interpreter\linkResolver.cpp, line 773]
Event: 3.995 Thread 0x000002b07d010010 Exception <a 'java/lang/NoSuchMethodError'{0x0000000088f21978}: 'void java.lang.invoke.DirectMethodHandle$Holder.invokeStatic(java.lang.Object, java.lang.Object, int)'> (0x0000000088f21978) 
thrown [s\open\src\hotspot\share\interpreter\linkResolver.cpp, line 773]
Event: 4.010 Thread 0x000002b07d010010 Exception <a 'java/lang/NoSuchMethodError'{0x0000000088fd3ab8}: 'void java.lang.invoke.DirectMethodHandle$Holder.invokeStatic(java.lang.Object, java.lang.Object, java.lang.Object, java.lang.Object, java.lang.Object, java.lang.Object, java.lang.Object)'> (0x0000000088fd3ab8) 
thrown [s\open\src\hotspot\share\interpreter\linkResolver.cpp, line 773]
Event: 5.036 Thread 0x000002b07c1a4060 Exception <a 'java/lang/NoSuchMethodError'{0x0000000088dcfb98}: 'java.lang.Object java.lang.invoke.DirectMethodHandle$Holder.newInvokeSpecial(java.lang.Object, java.lang.Object, long, java.lang.Object, java.lang.Object, java.lang.Object)'> (0x0000000088dcfb98) 
thrown [s\open\src\hotspot\share\interpreter\linkResolver.cpp, line 773]
Event: 5.068 Thread 0x000002b07d010010 Exception <a 'java/lang/NoSuchMethodError'{0x0000000088e4d5d8}: 'java.lang.Object java.lang.invoke.DirectMethodHandle$Holder.invokeSpecialIFC(java.lang.Object, java.lang.Object, java.lang.Object)'> (0x0000000088e4d5d8) 
thrown [s\open\src\hotspot\share\interpreter\linkResolver.cpp, line 773]
Event: 9.509 Thread 0x000002b07d010010 Exception <a 'java/lang/NoSuchMethodError'{0x0000000085c3b480}: 'int java.lang.invoke.DirectMethodHandle$Holder.invokeSpecial(java.lang.Object, java.lang.Object, int)'> (0x0000000085c3b480) 
thrown [s\open\src\hotspot\share\interpreter\linkResolver.cpp, line 773]
Event: 9.570 Thread 0x000002b07d010010 Exception <a 'java/lang/NoSuchMethodError'{0x0000000085a27628}: 'void java.lang.invoke.DirectMethodHandle$Holder.invokeVirtual(java.lang.Object, java.lang.Object, java.lang.Object, int)'> (0x0000000085a27628) 
thrown [s\open\src\hotspot\share\interpreter\linkResolver.cpp, line 773]
Event: 9.575 Thread 0x000002b07d010010 Exception <a 'java/lang/NoSuchMethodError'{0x0000000085a5cd58}: 'void java.lang.invoke.DirectMethodHandle$Holder.invokeStatic(java.lang.Object, java.lang.Object, java.lang.Object, int)'> (0x0000000085a5cd58) 
thrown [s\open\src\hotspot\share\interpreter\linkResolver.cpp, line 773]
Event: 9.575 Thread 0x000002b07d010010 Exception <a 'java/lang/NoSuchMethodError'{0x0000000085a604d8}: 'void java.lang.invoke.DirectMethodHandle$Holder.invokeStaticInit(java.lang.Object, java.lang.Object, java.lang.Object, int)'> (0x0000000085a604d8) 
thrown [s\open\src\hotspot\share\interpreter\linkResolver.cpp, line 773]
Event: 9.674 Thread 0x000002b07d010010 Exception <a 'java/lang/NoSuchMethodError'{0x0000000085894a80}: 'java.lang.Object java.lang.invoke.DirectMethodHandle$Holder.invokeStatic(java.lang.Object, java.lang.Object, int, int)'> (0x0000000085894a80) 
thrown [s\open\src\hotspot\share\interpreter\linkResolver.cpp, line 773]
Event: 9.674 Thread 0x000002b07d010010 Exception <a 'java/lang/NoSuchMethodError'{0x0000000085898130}: 'java.lang.Object java.lang.invoke.DirectMethodHandle$Holder.invokeStaticInit(java.lang.Object, java.lang.Object, int, int)'> (0x0000000085898130) 
thrown [s\open\src\hotspot\share\interpreter\linkResolver.cpp, line 773]

VM Operations (20 events):
Event: 4.997 Executing VM operation: Cleanup
Event: 4.998 Executing VM operation: Cleanup done
Event: 5.015 Executing VM operation: HandshakeAllThreads
Event: 5.015 Executing VM operation: HandshakeAllThreads done
Event: 5.019 Executing VM operation: HandshakeAllThreads
Event: 5.019 Executing VM operation: HandshakeAllThreads done
Event: 6.024 Executing VM operation: Cleanup
Event: 6.024 Executing VM operation: Cleanup done
Event: 9.049 Executing VM operation: Cleanup
Event: 9.049 Executing VM operation: Cleanup done
Event: 9.487 Executing VM operation: HandshakeAllThreads
Event: 9.487 Executing VM operation: HandshakeAllThreads done
Event: 9.850 Executing VM operation: G1CollectForAllocation
Event: 9.852 Executing VM operation: G1CollectForAllocation done
Event: 9.904 Executing VM operation: HandshakeAllThreads
Event: 9.904 Executing VM operation: HandshakeAllThreads done
Event: 9.934 Executing VM operation: G1CollectForAllocation
Event: 9.938 Executing VM operation: G1CollectForAllocation done
Event: 9.957 Executing VM operation: G1CollectForAllocation
Event: 9.959 Executing VM operation: G1CollectForAllocation done

Events (20 events):
Event: 3.985 Thread 0x000002b03534fb10 flushing nmethod 0x000002b028636410
Event: 3.985 Thread 0x000002b03534fb10 flushing nmethod 0x000002b028630890
Event: 3.985 Thread 0x000002b03534fb10 flushing nmethod 0x000002b02862de10
Event: 3.985 Thread 0x000002b03534fb10 flushing nmethod 0x000002b02862c490
Event: 3.985 Thread 0x000002b03534fb10 flushing nmethod 0x000002b02860a910
Event: 3.985 Thread 0x000002b03534fb10 flushing nmethod 0x000002b0285f1890
Event: 3.985 Thread 0x000002b03534fb10 flushing nmethod 0x000002b0285efe90
Event: 3.985 Thread 0x000002b03534fb10 flushing nmethod 0x000002b0285ef510
Event: 3.985 Thread 0x000002b03534fb10 flushing nmethod 0x000002b0285e7e90
Event: 3.985 Thread 0x000002b03534fb10 flushing nmethod 0x000002b0285d8610
Event: 3.985 Thread 0x000002b03534fb10 flushing nmethod 0x000002b0285d5f10
Event: 3.985 Thread 0x000002b03534fb10 flushing nmethod 0x000002b0285d1010
Event: 4.019 Thread 0x000002b07c1a4060 Thread added: 0x000002b07c1a4060
Event: 4.048 Thread 0x000002b07c1a45b0 Thread added: 0x000002b07c1a45b0
Event: 4.048 Thread 0x000002b07c1a5050 Thread added: 0x000002b07c1a5050
Event: 5.138 Thread 0x000002b07c1a4b00 Thread added: 0x000002b07c1a4b00
Event: 5.140 Thread 0x000002b07d847ae0 Thread added: 0x000002b07d847ae0
Event: 5.145 Thread 0x000002b07d845060 Thread added: 0x000002b07d845060
Event: 5.145 Thread 0x000002b07d848030 Thread added: 0x000002b07d848030
Event: 8.989 Thread 0x000002b07c1a7030 Thread exited: 0x000002b07c1a7030


Dynamic libraries:
0x00007ff79f310000 - 0x00007ff79f320000 	C:\Program Files\Java\jdk-20\bin\javaw.exe
0x00007ff9a5430000 - 0x00007ff9a5646000 	C:\WINDOWS\SYSTEM32\ntdll.dll
0x00007ff9a49a0000 - 0x00007ff9a4a64000 	C:\WINDOWS\System32\KERNEL32.DLL
0x00007ff9a27c0000 - 0x00007ff9a2b67000 	C:\WINDOWS\System32\KERNELBASE.dll
0x00007ff9a2c10000 - 0x00007ff9a2d21000 	C:\WINDOWS\System32\ucrtbase.dll
0x00007ff991240000 - 0x00007ff99125b000 	C:\Program Files\Java\jdk-20\bin\VCRUNTIME140.dll
0x00007ff995040000 - 0x00007ff995059000 	C:\Program Files\Java\jdk-20\bin\jli.dll
0x00007ff9a5280000 - 0x00007ff9a5332000 	C:\WINDOWS\System32\ADVAPI32.dll
0x00007ff9a5340000 - 0x00007ff9a53e7000 	C:\WINDOWS\System32\msvcrt.dll
0x00007ff9a3650000 - 0x00007ff9a36f8000 	C:\WINDOWS\System32\sechost.dll
0x00007ff9a2d30000 - 0x00007ff9a2d58000 	C:\WINDOWS\System32\bcrypt.dll
0x00007ff9a4650000 - 0x00007ff9a4765000 	C:\WINDOWS\System32\RPCRT4.dll
0x00007ff9a4770000 - 0x00007ff9a491e000 	C:\WINDOWS\System32\USER32.dll
0x00007ff9a2f90000 - 0x00007ff9a2fb6000 	C:\WINDOWS\System32\win32u.dll
0x00007ff97dd30000 - 0x00007ff97dfc3000 	C:\WINDOWS\WinSxS\amd64_microsoft.windows.common-controls_6595b64144ccf1df_6.0.22621.3235_none_270f74e173860f98\COMCTL32.dll
0x00007ff9a5050000 - 0x00007ff9a5079000 	C:\WINDOWS\System32\GDI32.dll
0x00007ff9a2fc0000 - 0x00007ff9a30d9000 	C:\WINDOWS\System32\gdi32full.dll
0x00007ff9a2b70000 - 0x00007ff9a2c0a000 	C:\WINDOWS\System32\msvcp_win.dll
0x00007ff991510000 - 0x00007ff99151a000 	C:\WINDOWS\SYSTEM32\VERSION.dll
0x00007ff9a3160000 - 0x00007ff9a3191000 	C:\WINDOWS\System32\IMM32.DLL
0x00007ff9992f0000 - 0x00007ff9992fc000 	C:\Program Files\Java\jdk-20\bin\vcruntime140_1.dll
0x00007ff971050000 - 0x00007ff9710de000 	C:\Program Files\Java\jdk-20\bin\msvcp140.dll
0x00007ff9082f0000 - 0x00007ff908f88000 	C:\Program Files\Java\jdk-20\bin\server\jvm.dll
0x00007ff997b00000 - 0x00007ff997b34000 	C:\WINDOWS\SYSTEM32\WINMM.dll
0x00007ff985c60000 - 0x00007ff985c69000 	C:\WINDOWS\SYSTEM32\WSOCK32.dll
0x00007ff9a4a70000 - 0x00007ff9a4ae1000 	C:\WINDOWS\System32\WS2_32.dll
0x00007ff9a1790000 - 0x00007ff9a17a8000 	C:\WINDOWS\SYSTEM32\kernel.appcore.dll
0x00007ff999260000 - 0x00007ff99926a000 	C:\Program Files\Java\jdk-20\bin\jimage.dll
0x00007ff99c7a0000 - 0x00007ff99c9d3000 	C:\WINDOWS\SYSTEM32\DBGHELP.DLL
0x00007ff9a3a60000 - 0x00007ff9a3de8000 	C:\WINDOWS\System32\combase.dll
0x00007ff9a4eb0000 - 0x00007ff9a4f87000 	C:\WINDOWS\System32\OLEAUT32.dll
0x00007ff991730000 - 0x00007ff991762000 	C:\WINDOWS\SYSTEM32\dbgcore.DLL
0x00007ff9a30e0000 - 0x00007ff9a3159000 	C:\WINDOWS\System32\bcryptPrimitives.dll
0x00007ff986730000 - 0x00007ff986756000 	C:\Program Files\Java\jdk-20\bin\java.dll
0x00007ff94d120000 - 0x00007ff94d1f7000 	C:\Program Files\Java\jdk-20\bin\jsvml.dll
0x00007ff9a3df0000 - 0x00007ff9a464c000 	C:\WINDOWS\System32\SHELL32.dll
0x00007ff9a06b0000 - 0x00007ff9a0fa9000 	C:\WINDOWS\SYSTEM32\windows.storage.dll
0x00007ff9a0570000 - 0x00007ff9a06ae000 	C:\WINDOWS\SYSTEM32\wintypes.dll
0x00007ff9a4b50000 - 0x00007ff9a4c43000 	C:\WINDOWS\System32\SHCORE.dll
0x00007ff9a4af0000 - 0x00007ff9a4b4e000 	C:\WINDOWS\System32\shlwapi.dll
0x00007ff9a2680000 - 0x00007ff9a26a1000 	C:\WINDOWS\SYSTEM32\profapi.dll
0x00007ff98c730000 - 0x00007ff98c743000 	C:\Program Files\Java\jdk-20\bin\net.dll
0x00007ff998220000 - 0x00007ff998356000 	C:\WINDOWS\SYSTEM32\WINHTTP.dll
0x00007ff9a1c00000 - 0x00007ff9a1c69000 	C:\WINDOWS\system32\mswsock.dll
0x00007ff986840000 - 0x00007ff986856000 	C:\Program Files\Java\jdk-20\bin\nio.dll
0x00007ff9865f0000 - 0x00007ff986608000 	C:\Program Files\Java\jdk-20\bin\zip.dll
0x00007ff999210000 - 0x00007ff999220000 	C:\Program Files\Java\jdk-20\bin\verify.dll
0x00007ff9a1280000 - 0x00007ff9a1379000 	C:\WINDOWS\SYSTEM32\DNSAPI.dll
0x00007ff9a1210000 - 0x00007ff9a123d000 	C:\WINDOWS\SYSTEM32\IPHLPAPI.DLL
0x00007ff9a3a30000 - 0x00007ff9a3a39000 	C:\WINDOWS\System32\NSI.dll
0x00007ff987350000 - 0x00007ff98735a000 	C:\Windows\System32\rasadhlp.dll
0x00007ff996cd0000 - 0x00007ff996d53000 	C:\WINDOWS\System32\fwpuclnt.dll
0x00007ff9979f0000 - 0x00007ff9979f7000 	C:\Program Files\Java\jdk-20\bin\extnet.dll
0x00007ff9a1e60000 - 0x00007ff9a1e7b000 	C:\WINDOWS\SYSTEM32\CRYPTSP.dll
0x00007ff9a16f0000 - 0x00007ff9a1725000 	C:\WINDOWS\system32\rsaenh.dll
0x00007ff9a1d00000 - 0x00007ff9a1d28000 	C:\WINDOWS\SYSTEM32\USERENV.dll
0x00007ff9a1e80000 - 0x00007ff9a1e8c000 	C:\WINDOWS\SYSTEM32\CRYPTBASE.dll
0x00007ff998030000 - 0x00007ff998049000 	C:\WINDOWS\SYSTEM32\dhcpcsvc6.DLL
0x00007ff997fc0000 - 0x00007ff997fdf000 	C:\WINDOWS\SYSTEM32\dhcpcsvc.DLL
0x00007ff981d50000 - 0x00007ff981d67000 	C:\WINDOWS\system32\napinsp.dll
0x00007ff981d30000 - 0x00007ff981d4b000 	C:\WINDOWS\system32\pnrpnsp.dll
0x00007ff981d10000 - 0x00007ff981d21000 	C:\WINDOWS\System32\winrnr.dll
0x00007ff981cc0000 - 0x00007ff981cd5000 	C:\WINDOWS\system32\wshbth.dll
0x00007ff981c90000 - 0x00007ff981cb1000 	C:\WINDOWS\system32\nlansp_c.dll
0x00007ff994dc0000 - 0x00007ff994dca000 	C:\Program Files\Java\jdk-20\bin\management.dll
0x00007ff991630000 - 0x00007ff99163b000 	C:\Program Files\Java\jdk-20\bin\management_ext.dll
0x00007ff9a4e40000 - 0x00007ff9a4e48000 	C:\WINDOWS\System32\PSAPI.DLL
0x00007ff991200000 - 0x00007ff99120e000 	C:\Program Files\Java\jdk-20\bin\sunmscapi.dll
0x00007ff9a2e20000 - 0x00007ff9a2f87000 	C:\WINDOWS\System32\CRYPT32.dll
0x00007ff9a2020000 - 0x00007ff9a204e000 	C:\WINDOWS\SYSTEM32\ncrypt.dll
0x00007ff9a1fe0000 - 0x00007ff9a2017000 	C:\WINDOWS\SYSTEM32\NTASN1.dll
0x00007ff991140000 - 0x00007ff991148000 	C:\WINDOWS\system32\wshunix.dll

dbghelp: loaded successfully - version: 4.0.5 - missing functions: none
symbol engine: initialized successfully - sym options: 0x614 - pdb path: .;C:\Program Files\Java\jdk-20\bin;C:\WINDOWS\SYSTEM32;C:\WINDOWS\WinSxS\amd64_microsoft.windows.common-controls_6595b64144ccf1df_6.0.22621.3235_none_270f74e173860f98;C:\Program Files\Java\jdk-20\bin\server

VM Arguments:
jvm_args: -ea -Dfile.encoding=UTF-8 -XX:+ShowCodeDetailsInExceptionMessages 
java_command: org.testng.remote.RemoteTestNG -serport 62197 -protocol json -d C:\eclipse\eclipse-workspace\NumpyNinja-Selenium\lms_automation\test-output C:\Users\mdesh\AppData\Local\Temp\testng-eclipse-546572486\testng-customsuite.xml
java_class_path (initial): C:\eclipse\eclipse\configuration\org.eclipse.osgi\1084\0\.cp\lib\testng-remote.jar;C:\eclipse\eclipse-workspace\NumpyNinja-Selenium\lms_automation\target\test-classes;C:\eclipse\eclipse-workspace\NumpyNinja-Selenium\lms_automation\target\classes;C:\eclipse\eclipse\plugins\org.testng_7.8.0.r202306071539.jar;C:\eclipse\eclipse\plugins\com.beust.jcommander_1.82.0.jar;C:\eclipse\eclipse\plugins\org.apache-extras.beanshell.bsh_2.0.0.b6.jar;C:\eclipse\eclipse\plugins\org.yaml.snakeyaml_1.21.0.jar;C:\eclipse\eclipse\plugins\org.webjars.jquery_3.6.1.jar;C:\Users\mdesh\.m2\repository\org\seleniumhq\selenium\selenium-java\4.19.1\selenium-java-4.19.1.jar;C:\Users\mdesh\.m2\repository\org\seleniumhq\selenium\selenium-api\4.19.1\selenium-api-4.19.1.jar;C:\Users\mdesh\.m2\repository\org\seleniumhq\selenium\selenium-chrome-driver\4.19.1\selenium-chrome-driver-4.19.1.jar;C:\Users\mdesh\.m2\repository\com\google\auto\service\auto-service-annotations\1.1.1\auto-service-annotations-1.1.1.jar;C:\Users\mdesh\.m2\repository\org\seleniumhq\selenium\selenium-chromium-driver\4.19.1\selenium-chromium-driver-4.19.1.jar;C:\Users\mdesh\.m2\repository\org\seleniumhq\selenium\selenium-json\4.19.1\selenium-json-4.19.1.jar;C:\Users\mdesh\.m2\repository\org\seleniumhq\selenium\selenium-manager\4.19.1\selenium-manager-4.19.1.jar;C:\Users\mdesh\.m2\repository\org\seleniumhq\selenium\selenium-devtools-v121\4.19.1\selenium-devtools-v121-4.19.1.jar;C:\Users\mdesh\.m2\repository\org\seleniumhq\selenium\selenium-devtools-v122\4.19.1\selenium-devtools-v122-4.19.1.jar;C:\Users\mdesh\.m2\repository\org\seleniumhq\selenium\selenium-devtools-v123\4.19.1\selenium-devtools-v123-4.19.1.jar;C:\Users\mdesh\.m2\repository\org\seleniumhq\selenium\selenium-devtools-v85\4.19.1\selenium-devtools-v85-4.19.1.jar;C:\Users\mdesh\.m2\repository\org\seleniumhq\selenium\selenium-edge-driver\4.19.1\selenium-edge-driver-4.19.1.jar;C:\Users\mdesh\.m2\repository\org\seleniumhq\selenium\selenium-firefox-driver\4.19.1\selenium-firefox-driver-4.19.1.jar;C:\Users\mdesh\.m2\repository\org\seleniumhq\selenium\selenium-http\4.19.1\selenium-http-4.19.1.jar;C:\Users\mdesh\.m2\repository\dev\failsafe\failsafe\3.3.2\failsafe-3.3.2.jar;C:\Users\mdesh\.m2\repository\org\seleniumhq\selenium\selenium-ie-driver\4.19.1\selenium-ie-driver-4.19.1.jar;C:\Users\mdesh\.m2\repository\org\seleniumhq\selenium\selenium-remote-driver\4.19.1\selenium-remote-driver-4.19.1.jar;C:\Users\mdesh\.m2\repository\com\google\guava\guava\33.1.0-jre\guava-33.1.0-jre.jar;C:\Users\mdesh\.m2\repository\com\google\guava\failureaccess\1.0.2\failureaccess-1.0.2.jar;C:\Users\mdesh\.m2\repository\com\google\guava\listenablefuture\9999.0-empty-to-avoid-conflict-with-guava\listenablefuture-9999.0-empty-to-avoid-conflict-with-guava.jar;C:\Users\mdesh\.m2\repository\com\google\code\findbugs\jsr305\3.0.2\jsr305-3.0.2.jar;C:\Users\mdesh\.m2\repository\org\checkerframework\checker-qual\3.42.0\checker-qual-3.42.0.jar;C:\Users\mdesh\.m2\repository\com\google\errorprone\error_prone_annotations\2.26.1\error_prone_annotations-2.26.1.jar;C:\Users\mdesh\.m2\repository\com\google\j2objc\j2objc-annotations\3.0.0\j2objc-annotations-3.0.0.jar;C:\Users\mdesh\.m2\repository\io\opentelemetry\semconv\opentelemetry-semconv\1.23.1-alpha\opentelemetry-semconv-1.23.1-alpha.jar;C:\Users\mdesh\.m2\repository\io\opentelemetry\opentelemetry-api\1.36.0\opentelemetry-api-1.36.0.jar;C:\Users\mdesh\.m2\repository\io\opentelemetry\opentelemetry-context\1.36.0\opentelemetry-context-1.36.0.jar;C:\Users\mdesh\.m2\repository\io\opentelemetry\opentelemetry-exporter-logging\1.36.0\opentelemetry-exporter-logging-1.36.0.jar;C:\Users\mdesh\.m2\repository\io\opentelemetry\opentelemetry-sdk-common\1.36.0\opentelemetry-sdk-common-1.36.0.jar;C:\Users\mdesh\.m2\repository\io\opentelemetry\opentelemetry-sdk-extension-autoconfigure-spi\1.36.0\opentelemetry-sdk-extension-autoconfigure-spi-1.36.0.jar;C:\Users\mdesh\.m2\repository\io\opentelemetry\opentelemetry-sdk-extension-autoconfigure\1.36.0\opentelemetry-sdk-extension-autoconfigure-1.36.0.jar;C:\Users\mdesh\.m2\repository\io\opentelemetry\opentelemetry-api-events\1.36.0-alpha\opentelemetry-api-events-1.36.0-alpha.jar;C:\Users\mdesh\.m2\repository\io\opentelemetry\opentelemetry-sdk-trace\1.36.0\opentelemetry-sdk-trace-1.36.0.jar;C:\Users\mdesh\.m2\repository\io\opentelemetry\opentelemetry-extension-incubator\1.36.0-alpha\opentelemetry-extension-incubator-1.36.0-alpha.jar;C:\Users\mdesh\.m2\repository\io\opentelemetry\opentelemetry-sdk\1.36.0\opentelemetry-sdk-1.36.0.jar;C:\Users\mdesh\.m2\repository\io\opentelemetry\opentelemetry-sdk-metrics\1.36.0\opentelemetry-sdk-metrics-1.36.0.jar;C:\Users\mdesh\.m2\repository\io\opentelemetry\opentelemetry-sdk-logs\1.36.0\opentelemetry-sdk-logs-1.36.0.jar;C:\Users\mdesh\.m2\repository\net\bytebuddy\byte-buddy\1.14.12\byte-buddy-1.14.12.jar;C:\Users\mdesh\.m2\repository\org\seleniumhq\selenium\selenium-os\4.19.1\selenium-os-4.19.1.jar;C:\Users\mdesh\.m2\repository\org\apache\commons\commons-exec\1.3\commons-exec-1.3.jar;C:\Users\mdesh\.m2\repository\org\seleniumhq\selenium\selenium-safari-driver\4.19.1\selenium-safari-driver-4.19.1.jar;C:\Users\mdesh\.m2\repository\org\seleniumhq\selenium\selenium-support\4.19.1\selenium-support-4.19.1.jar;C:\Users\mdesh\.m2\repository\io\cucumber\cucumber-java\7.17.0\cucumber-java-7.17.0.jar;C:\Users\mdesh\.m2\repository\io\cucumber\cucumber-core\7.17.0\cucumber-core-7.17.0.jar;C:\Users\mdesh\.m2\repository\io\cucumber\cucumber-gherkin\7.17.0\cucumber-gherkin-7.17.0.jar;C:\Users\mdesh\.m2\repository\io\cucumber\cucumber-gherkin-messages\7.17.0\cucumber-gherkin-messages-7.17.0.jar;C:\Users\mdesh\.m2\repository\io\cucumber\gherkin\28.0.0\gherkin-28.0.0.jar;C:\Users\mdesh\.m2\repository\io\cucumber\messages\24.1.0\messages-24.1.0.jar;C:\Users\mdesh\.m2\repository\io\cucumber\testng-xml-formatter\0.1.0\testng-xml-formatter-0.1.0.jar;C:\Users\mdesh\.m2\repository\io\cucumber\query\12.1.2\query-12.1.2.jar;C:\Users\mdesh\.m2\repository\io\cucumber\tag-expressions\6.1.0\tag-expressions-6.1.0.jar;C:\Users\mdesh\.m2\repository\io\cucumber\cucumber-expressions\17.1.0\cucumber-expressions-17.1.0.jar;C:\Users\mdesh\.m2\repository\io\cucumber\datatable\7.17.0\datatable-7.17.0.jar;C:\Users\mdesh\.m2\repository\io\cucumber\cucumber-plugin\7.17.0\cucumber-plugin-7.17.0.jar;C:\Users\mdesh\.m2\repository\io\cucumber\docstring\7.17.0\docstring-7.17.0.jar;C:\Users\mdesh\.m2\repository\io\cucumber\html-formatter\21.3.1\html-formatter-21.3.1.jar;C:\Users\mdesh\.m2\repository\io\cucumber\junit-xml-formatter\0.4.0\junit-xml-formatter-0.4.0.jar;C:\Users\mdesh\.m2\repository\io\cucumber\ci-environment\10.0.1\ci-environment-10.0.1.jar;C:\Users\mdesh\.m2\repository\org\apiguardian\apiguardian-api\1.1.2\apiguardian-api-1.1.2.jar;C:\Users\mdesh\.m2\repository\io\cucumber\cucumber-testng\7.17.0\cucumber-testng-7.17.0.jar;C:\Users\mdesh\.m2\repository\io\cucumber\cucumber-picocontainer\7.17.0\cucumber-picocontainer-7.17.0.jar;C:\Users\mdesh\.m2\repository\org\picocontainer\picocontainer\2.15\picocontainer-2.15.jar;C:\Users\mdesh\.m2\repository\io\cucumber\cucumber-junit\7.17.0\cucumber-junit-7.17.0.jar;C:\Users\mdesh\.m2\repository\junit\junit\4.13.2\junit-4.13.2.jar;C:\Users\mdesh\.m2\repository\org\hamcrest\hamcrest-core\1.3\hamcrest-core-1.3.jar;C:\Users\mdesh\.m2\repository\org\testng\testng\7.10.1\testng-7.10.1.jar;C:\Users\mdesh\.m2\repository\org\slf4j\slf4j-api\1.7.36\slf4j-api-1.7.36.jar;C:\Users\mdesh\.m2\repository\com\beust\jcommander\1.82\jcommander-1.82.jar;C:\Users\mdesh\.m2\repository\org\webjars\jquery\3.7.1\jquery-3.7.1.jar;C:\Users\mdesh\.m2\repository\org\apache\poi\poi\5.2.5\poi-5.2.5.jar;C:\Users\mdesh\.m2\repository\commons-codec\commons-codec\1.16.0\commons-codec-1.16.0.jar;C:\Users\mdesh\.m2\repository\org\apache\commons\commons-collections4\4.4\commons-collections4-4.4.jar;C:\Users\mdesh\.m2\repository\org\apache\commons\commons-math3\3.6.1\commons-math3-3.6.1.jar;C:\Users\mdesh\.m2\repository\commons-io\commons-io\2.15.0\commons-io-2.15.0.jar;C:\Users\mdesh\.m2\repository\com\zaxxer\SparseBitSet\1.3\SparseBitSet-1.3.jar;C:\Users\mdesh\.m2\repository\org\apache\poi\poi-ooxml\5.2.4\poi-ooxml-5.2.4.jar;C:\Users\mdesh\.m2\repository\org\apache\poi\poi-ooxml-lite\5.2.4\poi-ooxml-lite-5.2.4.jar;C:\Users\mdesh\.m2\repository\org\apache\xmlbeans\xmlbeans\5.1.1\xmlbeans-5.1.1.jar;C:\Users\mdesh\.m2\repository\org\apache\commons\commons-compress\1.24.0\commons-compress-1.24.0.jar;C:\Users\mdesh\.m2\repository\com\github\virtuald\curvesapi\1.08\curvesapi-1.08.jar;C:\Users\mdesh\.m2\repository\com\codoid\products\fillo\1.21\fillo-1.21.jar;C:\Users\mdesh\.m2\repository\io\qameta\allure\allure-testng\2.25.0\allure-testng-2.25.0.jar;C:\Users\mdesh\.m2\repository\io\qameta\allure\allure-java-commons\2.25.0\allure-java-commons-2.25.0.jar;C:\Users\mdesh\.m2\repository\io\qameta\allure\allure-model\2.25.0\allure-model-2.25.0.jar;C:\Users\mdesh\.m2\repository\io\qameta\allure\allure-test-filter\2.25.0\allure-test-filter-2.25.0.jar;C:\Users\mdesh\.m2\repository\tech\grasshopper\extentreports-cucumber7-adapter\1.14.0\extentreports-cucumber7-adapter-1.14.0.jar;C:\Users\mdesh\.m2\repository\tech\grasshopper\extent-pdf-report\2.12.0\extent-pdf-report-2.12.0.jar;C:\Users\mdesh\.m2\repository\tech\grasshopper\cucumber-pdf-report\2.14.0\cucumber-pdf-report-2.14.0.jar;C:\Users\mdesh\.m2\repository\org\apache\pdfbox\pdfbox\2.0.26\pdfbox-2.0.26.jar;C:\Users\mdesh\.m2\repository\org\apache\pdfbox\fontbox\2.0.26\fontbox-2.0.26.jar;C:\Users\mdesh\.m2\repository\org\knowm\xchart\xchart\3.8.0\xchart-3.8.0.jar;C:\Users\mdesh\.m2\repository\de\erichseifert\vectorgraphics2d\VectorGraphics2D\0.13\VectorGraphics2D-0.13.jar;C:\Users\mdesh\.m2\repository\de\rototor\pdfbox\graphics2d\0.30\graphics2d-0.30.jar;C:\Users\mdesh\.m2\repository\com\madgag\animated-gif-lib\1.4\animated-gif-lib-1.4.jar;C:\Users\mdesh\.m2\repository\org\yaml\snakeyaml\2.0\snakeyaml-2.0.jar;C:\Users\mdesh\.m2\repository\tech\grasshopper\table-layout\1.5.1\table-layout-1.5.1.jar;C:\Users\mdesh\.m2\repository\tech\grasshopper\rest-assured-cucumber-pdf-report\1.5.0\rest-assured-cucumber-pdf-report-1.5.0.jar;C:\Users\mdesh\.m2\repository\org\jsoup\jsoup\1.15.3\jsoup-1.15.3.jar;C:\Users\mdesh\.m2\repository\com\aventstack\klov-reporter\5.1.0\klov-reporter-5.1.0.jar;C:\Users\mdesh\.m2\repository\org\mongodb\mongodb-driver\3.6.4\mongodb-driver-3.6.4.jar;C:\Users\mdesh\.m2\repository\org\mongodb\mongodb-driver-core\3.6.4\mongodb-driver-core-3.6.4.jar;C:\Users\mdesh\.m2\repository\org\mongodb\bson\3.6.4\bson-3.6.4.jar;C:\Users\mdesh\.m2\repository\org\apache\httpcomponents\httpclient\4.5.13\httpclient-4.5.13.jar;C:\Users\mdesh\.m2\repository\org\apache\httpcomponents\httpcore\4.4.13\httpcore-4.4.13.jar;C:\Users\mdesh\.m2\repository\commons-logging\commons-logging\1.2\commons-logging-1.2.jar;C:\Users\mdesh\.m2\repository\org\apache\httpcomponents\httpmime\4.5.13\httpmime-4.5.13.jar;C:\Users\mdesh\.m2\repository\tech\grasshopper\htmlextentreporter\1.1.0\htmlextentreporter-1.1.0.jar;C:\Users\mdesh\.m2\repository\tech\grasshopper\extent-excel-report\1.4.0\extent-excel-report-1.4.0.jar;C:\Users\mdesh\.m2\repository\com\aventstack\extentreports\5.1.1\extentreports-5.1.1.jar;C:\Users\mdesh\.m2\repository\io\reactivex\rxjava3\rxjava\3.1.6\rxjava-3.1.6.jar;C:\Users\mdesh\.m2\repository\org\reactivestreams\reactive-streams\1.0.4\reactive-streams-1.0.4.jar;C:\Users\mdesh\.m2\repository\org\freemarker\freemarker\2.3.32\freemarker-2.3.32.jar;C:\Users\mdesh\.m2\repository\org\projectlombok\lombok\1.18.26\lombok-1.18.26.jar;C:\Users\mdesh\.m2\repository\com\google\code\gson\gson\2.10.1\gson-2.10.1.jar;C:\Users\mdesh\.m2\repository\org\apache\logging\log4j\log4j-core\2.22.0\log4j-core-2.22.0.jar;C:\Users\mdesh\.m2\repository\org\apache\logging\log4j\log4j-api\2.22.0\log4j-api-2.22.0.jar
Launcher Type: SUN_STANDARD

[Global flags]
     intx CICompilerCount                          = 4                                         {product} {ergonomic}
     uint ConcGCThreads                            = 2                                         {product} {ergonomic}
     uint G1ConcRefinementThreads                  = 8                                         {product} {ergonomic}
   size_t G1HeapRegionSize                         = 1048576                                   {product} {ergonomic}
    uintx GCDrainStackTargetSize                   = 64                                        {product} {ergonomic}
   size_t InitialHeapSize                          = 132120576                                 {product} {ergonomic}
   size_t MarkStackSize                            = 4194304                                   {product} {ergonomic}
   size_t MaxHeapSize                              = 2092957696                                {product} {ergonomic}
   size_t MaxNewSize                               = 1255145472                                {product} {ergonomic}
   size_t MinHeapDeltaBytes                        = 1048576                                   {product} {ergonomic}
   size_t MinHeapSize                              = 8388608                                   {product} {ergonomic}
    uintx NonNMethodCodeHeapSize                   = 5839372                                {pd product} {ergonomic}
    uintx NonProfiledCodeHeapSize                  = 122909434                              {pd product} {ergonomic}
    uintx ProfiledCodeHeapSize                     = 122909434                              {pd product} {ergonomic}
    uintx ReservedCodeCacheSize                    = 251658240                              {pd product} {ergonomic}
     bool SegmentedCodeCache                       = true                                      {product} {ergonomic}
     bool ShowCodeDetailsInExceptionMessages       = true                                   {manageable} {command line}
   size_t SoftMaxHeapSize                          = 2092957696                             {manageable} {ergonomic}
     bool UseCompressedClassPointers               = true                           {product lp64_product} {ergonomic}
     bool UseCompressedOops                        = true                           {product lp64_product} {ergonomic}
     bool UseG1GC                                  = true                                      {product} {ergonomic}
     bool UseLargePagesIndividualAllocation        = false                                  {pd product} {ergonomic}

Logging:
Log output configuration:
 #0: stdout all=warning uptime,level,tags foldmultilines=false
 #1: stderr all=off uptime,level,tags foldmultilines=false

Environment Variables:
JAVA_HOME=C:\Program Files\Java\jdk-20
CLASSPATH=C:\Informatica\9.6.1\java\bin;
PATH=C:/eclipse/eclipse//plugins/org.eclipse.justj.openjdk.hotspot.jre.full.win32.x86_64_17.0.9.v20231028-0858/jre/bin/server;C:/eclipse/eclipse//plugins/org.eclipse.justj.openjdk.hotspot.jre.full.win32.x86_64_17.0.9.v20231028-0858/jre/bin;C:\Python311\Scripts\;C:\Python311\;C:\Users\mdesh\Downloads\JobSearch-Meenakshi\Job-Interview-preparation\ETL\oracle11g\product\11.2.0\dbhome_1\bin;C:\Informatica\10.4.1\clients\tools\datadirect;C:\Informatica\10.4.1\clients\tools\odbcdrv;C:\Informatica\10.4.1\clients\tools\jdbcdrv;C:\Informatica\10.4.1\clients\tools\sharedlibs;C:\Users\mdesh\Downloads\JobSearch-Meenakshi\Job-Interview-preparation\ETL\informatica9.6\informatica-workplace\java\jre\bin\server;C:\Users\mdesh\Downloads\JobSearch-Meenakshi\Job-Interview-preparation\ETL\informatica9.6\informatica-workplace\tools\odbcdrv;C:\Users\mdesh\Downloads\JobSearch-Meenakshi\Job-Interview-preparation\ETL\informatica9.6\informatica-workplace\tools\jdbcdrv;C:\Users\mdesh\Downloads\JobSearch-Meenakshi\Job-Interview-preparation\ETL\informatica9.6\informatica-workplace\tools\datadirect;C:\Informatica\9.6.1\java\jre\bin\server;C:\Informatica\9.6.1\tools\odbcdrv;C:\Informatica\9.6.1\tools\jdbcdrv;C:\Informatica\9.6.1\tools\datadirect;C:\Informatica\9.6.1\clients\tools\datadirect;C:\Informatica\9.6.1\clients\tools\odbcdrv;C:\Informatica\9.6.1\clients\tools\jdbcdrv;C:\Users\mdesh\Downloads\WINDOWS.X64_193000_db_home\bin;C:\Program Files\Java\jdk1.8.0_271\bin;C:\WINDOWS\system32;C:\WINDOWS;C:\WINDOWS\System32\Wbem;C:\WINDOWS\System32\WindowsPowerShell\v1.0\;C:\WINDOWS\System32\OpenSSH\;C:\Program Files\Git\cmd;C:\Program Files\Apache Software Foundation\apache-maven-3.6.3\bin;C:\ProgramData\ComposerSetup\bin;C:\wamp64\bin\php\php8.2.0;C:\ProgramData\chocolatey\bin;C:\Program Files\nodejs\;C:\WINDOWS\pear.ini;C:\Program Files\Java\jdk-20\bin;C:\Program Files\Java\jdk-20\bin;C:\Users\mdesh\scoop\apps\allure\2.24.1\bin;C:\Program Files\Git\bin;C:\Program Files\Graphviz\bin;C:\Program Files\HP\HP One Agent;C:\Program Files\MySQL\MySQL Shell 8.0\bin\;C:\Users\mdesh\scoop\shims;C:\Users\mdesh\AppData\Local\Microsoft\WindowsApps;C:\Users\mdesh\AppData\Local\Programs\Microsoft VS Code\bin;C:\Users\mdesh\AppData\Roaming\Composer\vendor\bin;C:\wamp64\symfony-cli\symfony;C:\Users\mdesh\AppData\Roaming\npm;C:\Program Files (x86)\Brackets\;C:\eclipse\eclipse;
USERNAME=mdesh
OS=Windows_NT
PROCESSOR_IDENTIFIER=Intel64 Family 6 Model 142 Stepping 12, GenuineIntel
TMP=C:\Users\mdesh\AppData\Local\Temp
TEMP=C:\Users\mdesh\AppData\Local\Temp




---------------  S Y S T E M  ---------------

OS:
 Windows 11 , 64 bit Build 22621 (10.0.22621.3374)
OS uptime: 5 days 19:34 hours

CPU: total 8 (initial active 8) (4 cores per cpu, 2 threads per core) family 6 model 142 stepping 12 microcode 0xde, cx8, cmov, fxsr, ht, mmx, 3dnowpref, sse, sse2, sse3, ssse3, sse4.1, sse4.2, popcnt, lzcnt, tsc, tscinvbit, avx, avx2, aes, erms, clmul, bmi1, bmi2, adx, fma, vzeroupper, clflush, clflushopt, rdtscp, f16c

Memory: 4k page, system-wide physical 7979M (321M free)
TotalPageFile size 32555M (AvailPageFile size 0M)
current process WorkingSet (physical memory assigned to process): 181M, peak: 181M
current process commit charge ("private bytes"): 228M, peak: 262M

vm_info: Java HotSpot(TM) 64-Bit Server VM (20.0.2+9-78) for windows-amd64 JRE (20.0.2+9-78), built on 2023-06-14T10:08:48Z by "mach5one" with MS VC++ 17.1 (VS2022)

END.
