#
# There is insufficient memory for the Java Runtime Environment to continue.
# Native memory allocation (mmap) failed to map 11534336 bytes for G1 virtual space
# Possible reasons:
#   The system is out of physical RAM or swap space
#   The process is running with CompressedOops enabled, and the Java Heap may be blocking the growth of the native heap
# Possible solutions:
#   Reduce memory load on the system
#   Increase physical memory or swap space
#   Check if swap backing store is full
#   Decrease Java heap size (-Xmx/-Xms)
#   Decrease number of Java threads
#   Decrease Java thread stack sizes (-Xss)
#   Set larger code cache with -XX:ReservedCodeCacheSize=
#   JVM is running with Unscaled Compressed Oops mode in which the Java heap is
#     placed in the first 4GB address space. The Java Heap base address is the
#     maximum limit for the native heap growth. Please use -XX:HeapBaseMinAddress
#     to set the Java Heap base and to place the Java Heap above 4GB virtual address.
# This output file may be truncated or incomplete.
#
#  Out of Memory Error (os_windows.cpp:3528), pid=69116, tid=72724
#
# JRE version: Java(TM) SE Runtime Environment (20.0.2+9) (build 20.0.2+9-78)
# Java VM: Java HotSpot(TM) 64-Bit Server VM (20.0.2+9-78, mixed mode, sharing, tiered, compressed oops, compressed class ptrs, g1 gc, windows-amd64)
# No core dump will be written. Minidumps are not enabled by default on client versions of Windows
#

---------------  S U M M A R Y ------------

Command Line: -ea -Dfile.encoding=UTF-8 -XX:+ShowCodeDetailsInExceptionMessages org.testng.remote.RemoteTestNG -serport 56738 -protocol json -d C:\eclipse\eclipse-workspace\NumpyNinja-Selenium\lms_automation\test-output C:\Users\mdesh\AppData\Local\Temp\testng-eclipse--310328424\testng-customsuite.xml

Host: Intel(R) Core(TM) i5-10210U CPU @ 1.60GHz, 8 cores, 7G,  Windows 11 , 64 bit Build 22621 (10.0.22621.3374)
Time: Sun Apr 28 06:53:33 2024 Eastern Daylight Time elapsed time: 61.601102 seconds (0d 0h 1m 1s)

---------------  T H R E A D  ---------------

Current thread (0x0000028c1e90f810):  VMThread "VM Thread" [stack: 0x000000c480200000,0x000000c480300000] [id=72724]

Stack: [0x000000c480200000,0x000000c480300000]
Native frames: (J=compiled Java code, j=interpreted, Vv=VM code, C=native code)
V  [jvm.dll+0x6bc25a]
V  [jvm.dll+0x84971a]
V  [jvm.dll+0x84b315]
V  [jvm.dll+0x84ba13]
V  [jvm.dll+0x280e4f]
V  [jvm.dll+0x6b8fe9]
V  [jvm.dll+0x6adbca]
V  [jvm.dll+0x35b165]
V  [jvm.dll+0x363386]
V  [jvm.dll+0x3b400e]
V  [jvm.dll+0x3b4295]
V  [jvm.dll+0x32b86a]
V  [jvm.dll+0x32b917]
V  [jvm.dll+0x373cc2]
V  [jvm.dll+0x3724c0]
V  [jvm.dll+0x32afb1]
V  [jvm.dll+0x371ba6]
V  [jvm.dll+0x85135e]
V  [jvm.dll+0x852471]
V  [jvm.dll+0x852979]
V  [jvm.dll+0x852bf3]
V  [jvm.dll+0x7f5c76]
V  [jvm.dll+0x6baecb]
C  [ucrtbase.dll+0x29333]
C  [KERNEL32.DLL+0x1257d]
C  [ntdll.dll+0x5aa48]

VM_Operation (0x000000c4821fcd70): G1CollectForAllocation, mode: safepoint, requested by thread 0x0000028c650cf030


---------------  P R O C E S S  ---------------

Threads class SMR info:
_java_thread_list=0x0000028c64da8aa0, length=145, elements={
0x0000028c01ff4580, 0x0000028c1e92a8d0, 0x0000028c1e92b870, 0x0000028c1e932bc0,
0x0000028c1e933bb0, 0x0000028c1e934100, 0x0000028c1e931680, 0x0000028c1e93bf10,
0x0000028c1e944780, 0x0000028c1e933660, 0x0000028c1e934650, 0x0000028c1e931130,
0x0000028c650cb070, 0x0000028c650cbb10, 0x0000028c650ccb00, 0x0000028c650cc060,
0x0000028c650d2550, 0x0000028c650d0020, 0x0000028c650ceae0, 0x0000028c650cd050,
0x0000028c650cb5c0, 0x0000028c650cf030, 0x0000028c650cdaf0, 0x0000028c650ce040,
0x0000028c650cc5b0, 0x0000028c650d0ac0, 0x0000028c650cd5a0, 0x0000028c650d0570,
0x0000028c650d1010, 0x0000028c650d1560, 0x0000028c650d1ab0, 0x0000028c650d2000,
0x0000028c663d5150, 0x0000028c663d1190, 0x0000028c663cec60, 0x0000028c663d1c30,
0x0000028c663d4c00, 0x0000028c663d06f0, 0x0000028c663cf700, 0x0000028c663d2c20,
0x0000028c663d4160, 0x0000028c663d2180, 0x0000028c663ce710, 0x0000028c663d26d0,
0x0000028c663ce1c0, 0x0000028c663d3170, 0x0000028c663d16e0, 0x0000028c663d46b0,
0x0000028c663d36c0, 0x0000028c663cfc50, 0x0000028c663d3c10, 0x0000028c663d56a0,
0x0000028c663d0c40, 0x0000028c663d5bf0, 0x0000028c663cf1b0, 0x0000028c663d01a0,
0x0000028c64501f60, 0x0000028c645034a0, 0x0000028c64506f10, 0x0000028c64507460,
0x0000028c645049e0, 0x0000028c64501a10, 0x0000028c64500a20, 0x0000028c645024b0,
0x0000028c644ffa30, 0x0000028c64502a00, 0x0000028c644fff80, 0x0000028c645004d0,
0x0000028c64502f50, 0x0000028c64500f70, 0x0000028c645059d0, 0x0000028c645039f0,
0x0000028c64503f40, 0x0000028c64504490, 0x0000028c64505f20, 0x0000028c64506470,
0x0000028c64504f30, 0x0000028c64505480, 0x0000028c645069c0, 0x0000028c63f61eb0,
0x0000028c63f688f0, 0x0000028c63f66910, 0x0000028c63f64e80, 0x0000028c63f61960,
0x0000028c63f62400, 0x0000028c63f653d0, 0x0000028c63f62950, 0x0000028c63f643e0,
0x0000028c63f63940, 0x0000028c63f67e50, 0x0000028c63f683a0, 0x0000028c63f66e60,
0x0000028c63f68e40, 0x0000028c63f69390, 0x0000028c63f67900, 0x0000028c63f65920,
0x0000028c63f633f0, 0x0000028c63f65e70, 0x0000028c63f663c0, 0x0000028c63f673b0,
0x0000028c63f62ea0, 0x0000028c63f63e90, 0x0000028c63f64930, 0x0000028c645014c0,
0x0000028c656b7440, 0x0000028c656aff60, 0x0000028c656b7990, 0x0000028c656b2f30,
0x0000028c656b4f10, 0x0000028c656b6450, 0x0000028c656b19f0, 0x0000028c656b4470,
0x0000028c656b0f50, 0x0000028c656b69a0, 0x0000028c656b0a00, 0x0000028c656b6ef0,
0x0000028c656b29e0, 0x0000028c656b14a0, 0x0000028c656b1f40, 0x0000028c656b2490,
0x0000028c656b49c0, 0x0000028c656b5460, 0x0000028c656b3480, 0x0000028c656b39d0,
0x0000028c656b3f20, 0x0000028c656b59b0, 0x0000028c656b5f00, 0x0000028c646c3790,
0x0000028c646c1260, 0x0000028c646c3ce0, 0x0000028c646c17b0, 0x0000028c646bf7d0,
0x0000028c646c07c0, 0x0000028c646c5cc0, 0x0000028c646c4230, 0x0000028c646bfd20,
0x0000028c646be7e0, 0x0000028c646c0270, 0x0000028c646c0d10, 0x0000028c646c6210,
0x0000028c646c4cd0, 0x0000028c646c1d00, 0x0000028c646c2250, 0x0000028c646c27a0,
0x0000028c646bf280
}

Java Threads: ( => current thread )
  0x0000028c01ff4580 JavaThread "main" [_thread_blocked, id=76752, stack(0x000000c4ffc00000,0x000000c4ffd00000)]
  0x0000028c1e92a8d0 JavaThread "Reference Handler" daemon [_thread_blocked, id=73888, stack(0x000000c480300000,0x000000c480400000)]
  0x0000028c1e92b870 JavaThread "Finalizer" daemon [_thread_blocked, id=73692, stack(0x000000c480400000,0x000000c480500000)]
  0x0000028c1e932bc0 JavaThread "Signal Dispatcher" daemon [_thread_blocked, id=56068, stack(0x000000c480500000,0x000000c480600000)]
  0x0000028c1e933bb0 JavaThread "Attach Listener" daemon [_thread_blocked, id=79816, stack(0x000000c480600000,0x000000c480700000)]
  0x0000028c1e934100 JavaThread "Service Thread" daemon [_thread_blocked, id=65640, stack(0x000000c480700000,0x000000c480800000)]
  0x0000028c1e931680 JavaThread "Monitor Deflation Thread" daemon [_thread_blocked, id=17084, stack(0x000000c480800000,0x000000c480900000)]
  0x0000028c1e93bf10 JavaThread "C2 CompilerThread0" daemon [_thread_blocked, id=54436, stack(0x000000c480900000,0x000000c480a00000)]
  0x0000028c1e944780 JavaThread "C1 CompilerThread0" daemon [_thread_blocked, id=70956, stack(0x000000c480a00000,0x000000c480b00000)]
  0x0000028c1e933660 JavaThread "Notification Thread" daemon [_thread_blocked, id=67336, stack(0x000000c480b00000,0x000000c480c00000)]
  0x0000028c1e934650 JavaThread "Common-Cleaner" daemon [_thread_blocked, id=70116, stack(0x000000c480d00000,0x000000c480e00000)]
  0x0000028c1e931130 JavaThread "ReaderThread" [_thread_in_native, id=60652, stack(0x000000c481000000,0x000000c481100000)]
  0x0000028c650cb070 JavaThread "Forwarding sendKeysToElement on session e51ed2698c3bd606a4cf9598fa1d8b63 to remote" [_thread_blocked, id=68480, stack(0x000000c481800000,0x000000c481900000)]
  0x0000028c650cbb10 JavaThread "Forwarding sendKeysToElement on session cdba117ba0c87f743184d9bfb2c2c99a to remote" [_thread_blocked, id=77464, stack(0x000000c481900000,0x000000c481a00000)]
  0x0000028c650ccb00 JavaThread "Forwarding sendKeysToElement on session d8aa2ea9b0f15a272a7daa2698a1e578 to remote" [_thread_blocked, id=27280, stack(0x000000c481a00000,0x000000c481b00000)]
  0x0000028c650cc060 JavaThread "Forwarding clickElement on session 75405b56781eda2b8f187fc0fa3635e9 to remote" [_thread_blocked, id=30808, stack(0x000000c481b00000,0x000000c481c00000)]
  0x0000028c650d2550 JavaThread "Forwarding getElementAttribute on session 9384698e56e49f480f88e62e453b6f71 to remote" [_thread_blocked, id=77560, stack(0x000000c481c00000,0x000000c481d00000)]
  0x0000028c650d0020 JavaThread "Forwarding clickElement on session efdfa931feae830b6486b5fc3ca24664 to remote" [_thread_blocked, id=63844, stack(0x000000c481d00000,0x000000c481e00000)]
  0x0000028c650ceae0 JavaThread "Forwarding clearElement on session 37633b9b8e355debce50767f185d2946 to remote" [_thread_blocked, id=63772, stack(0x000000c481e00000,0x000000c481f00000)]
  0x0000028c650cd050 JavaThread "Forwarding getElementAttribute on session 72a67c36f32a709ce05e8e3217602a23 to remote" [_thread_blocked, id=50204, stack(0x000000c481f00000,0x000000c482000000)]
  0x0000028c650cb5c0 JavaThread "Forwarding findElements on session e7def57c02a5cd95e2a4d2c9991ce647 to remote" [_thread_blocked, id=75100, stack(0x000000c482000000,0x000000c482100000)]
  0x0000028c650cf030 JavaThread "TestNG-PoolService-9" [_thread_blocked, id=79552, stack(0x000000c482100000,0x000000c482200000)]
  0x0000028c650cdaf0 JavaThread "ForkJoinPool.commonPool-worker-1" daemon [_thread_blocked, id=75892, stack(0x000000c482300000,0x000000c482400000)]
  0x0000028c650ce040 JavaThread "HttpClient-3-SelectorManager" daemon [_thread_in_native, id=65192, stack(0x000000c482400000,0x000000c482500000)]
  0x0000028c650cc5b0 JavaThread "HttpClient-5-SelectorManager" daemon [_thread_in_native, id=77816, stack(0x000000c482500000,0x000000c482600000)]
  0x0000028c650d0ac0 JavaThread "HttpClient-4-SelectorManager" daemon [_thread_in_native, id=77532, stack(0x000000c482600000,0x000000c482700000)]
  0x0000028c650cd5a0 JavaThread "HttpClient-2-SelectorManager" daemon [_thread_in_native, id=77460, stack(0x000000c482700000,0x000000c482800000)]
  0x0000028c650d0570 JavaThread "HttpClient-8-SelectorManager" daemon [_thread_in_native, id=66164, stack(0x000000c482800000,0x000000c482900000)]
  0x0000028c650d1010 JavaThread "HttpClient-1-SelectorManager" daemon [_thread_in_native, id=26892, stack(0x000000c482900000,0x000000c482a00000)]
  0x0000028c650d1560 JavaThread "HttpClient-7-SelectorManager" daemon [_thread_blocked, id=61536, stack(0x000000c482a00000,0x000000c482b00000)]
  0x0000028c650d1ab0 JavaThread "HttpClient-9-SelectorManager" daemon [_thread_in_native, id=79056, stack(0x000000c482b00000,0x000000c482c00000)]
  0x0000028c650d2000 JavaThread "HttpClient-6-SelectorManager" daemon [_thread_in_native, id=78800, stack(0x000000c482c00000,0x000000c482d00000)]
  0x0000028c663d5150 JavaThread "HttpClient-10-SelectorManager" daemon [_thread_in_native, id=77924, stack(0x000000c482d00000,0x000000c482e00000)]
  0x0000028c663d1190 JavaThread "External Process Output Forwarder - C:\Users\mdesh\.cache\selenium\chromedriver\win64\123.0.6312.122\chromedriver.exe" daemon [_thread_in_native, id=73564, stack(0x000000c482e00000,0x000000c482f00000)]
  0x0000028c663cec60 JavaThread "Driver Service Executor" daemon [_thread_blocked, id=60144, stack(0x000000c482f00000,0x000000c483000000)]
  0x0000028c663d1c30 JavaThread "Driver Service Executor" daemon [_thread_blocked, id=72444, stack(0x000000c483000000,0x000000c483100000)]
  0x0000028c663d4c00 JavaThread "UrlChecker-2" daemon [_thread_blocked, id=76880, stack(0x000000c483100000,0x000000c483200000)]
  0x0000028c663d06f0 JavaThread "External Process Output Forwarder - C:\Users\mdesh\.cache\selenium\chromedriver\win64\123.0.6312.122\chromedriver.exe" daemon [_thread_in_native, id=69204, stack(0x000000c483200000,0x000000c483300000)]
  0x0000028c663cf700 JavaThread "Driver Service Executor" daemon [_thread_blocked, id=10832, stack(0x000000c483300000,0x000000c483400000)]
  0x0000028c663d2c20 JavaThread "Driver Service Executor" daemon [_thread_blocked, id=47224, stack(0x000000c483400000,0x000000c483500000)]
  0x0000028c663d4160 JavaThread "UrlChecker-3" daemon [_thread_blocked, id=43668, stack(0x000000c483500000,0x000000c483600000)]
  0x0000028c663d2180 JavaThread "External Process Output Forwarder - C:\Users\mdesh\.cache\selenium\chromedriver\win64\123.0.6312.122\chromedriver.exe" daemon [_thread_in_native, id=69828, stack(0x000000c483600000,0x000000c483700000)]
  0x0000028c663ce710 JavaThread "Driver Service Executor" daemon [_thread_blocked, id=54888, stack(0x000000c483700000,0x000000c483800000)]
  0x0000028c663d26d0 JavaThread "Driver Service Executor" daemon [_thread_blocked, id=62108, stack(0x000000c483800000,0x000000c483900000)]
  0x0000028c663ce1c0 JavaThread "UrlChecker-4" daemon [_thread_blocked, id=71796, stack(0x000000c483900000,0x000000c483a00000)]
  0x0000028c663d3170 JavaThread "External Process Output Forwarder - C:\Users\mdesh\.cache\selenium\chromedriver\win64\123.0.6312.122\chromedriver.exe" daemon [_thread_in_native, id=75868, stack(0x000000c483a00000,0x000000c483b00000)]
  0x0000028c663d16e0 JavaThread "Driver Service Executor" daemon [_thread_blocked, id=68384, stack(0x000000c483b00000,0x000000c483c00000)]
  0x0000028c663d46b0 JavaThread "Driver Service Executor" daemon [_thread_blocked, id=73324, stack(0x000000c483c00000,0x000000c483d00000)]
  0x0000028c663d36c0 JavaThread "UrlChecker-5" daemon [_thread_blocked, id=78888, stack(0x000000c483d00000,0x000000c483e00000)]
  0x0000028c663cfc50 JavaThread "External Process Output Forwarder - C:\Users\mdesh\.cache\selenium\chromedriver\win64\123.0.6312.122\chromedriver.exe" daemon [_thread_in_native, id=78456, stack(0x000000c483e00000,0x000000c483f00000)]
  0x0000028c663d3c10 JavaThread "Driver Service Executor" daemon [_thread_blocked, id=29320, stack(0x000000c483f00000,0x000000c484000000)]
  0x0000028c663d56a0 JavaThread "Driver Service Executor" daemon [_thread_blocked, id=64552, stack(0x000000c484000000,0x000000c484100000)]
  0x0000028c663d0c40 JavaThread "UrlChecker-6" daemon [_thread_blocked, id=67900, stack(0x000000c484100000,0x000000c484200000)]
  0x0000028c663d5bf0 JavaThread "External Process Output Forwarder - C:\Users\mdesh\.cache\selenium\chromedriver\win64\123.0.6312.122\chromedriver.exe" daemon [_thread_in_native, id=73932, stack(0x000000c484200000,0x000000c484300000)]
  0x0000028c663cf1b0 JavaThread "Driver Service Executor" daemon [_thread_blocked, id=74840, stack(0x000000c484300000,0x000000c484400000)]
  0x0000028c663d01a0 JavaThread "Driver Service Executor" daemon [_thread_blocked, id=72660, stack(0x000000c484400000,0x000000c484500000)]
  0x0000028c64501f60 JavaThread "UrlChecker-7" daemon [_thread_blocked, id=56752, stack(0x000000c484500000,0x000000c484600000)]
  0x0000028c645034a0 JavaThread "External Process Output Forwarder - C:\Users\mdesh\.cache\selenium\chromedriver\win64\123.0.6312.122\chromedriver.exe" daemon [_thread_in_native, id=25324, stack(0x000000c484600000,0x000000c484700000)]
  0x0000028c64506f10 JavaThread "Driver Service Executor" daemon [_thread_blocked, id=72420, stack(0x000000c484700000,0x000000c484800000)]
  0x0000028c64507460 JavaThread "Driver Service Executor" daemon [_thread_blocked, id=45944, stack(0x000000c484800000,0x000000c484900000)]
  0x0000028c645049e0 JavaThread "UrlChecker-8" daemon [_thread_blocked, id=65100, stack(0x000000c484900000,0x000000c484a00000)]
  0x0000028c64501a10 JavaThread "External Process Output Forwarder - C:\Users\mdesh\.cache\selenium\chromedriver\win64\123.0.6312.122\chromedriver.exe" daemon [_thread_in_native, id=32968, stack(0x000000c484a00000,0x000000c484b00000)]
  0x0000028c64500a20 JavaThread "Driver Service Executor" daemon [_thread_blocked, id=75320, stack(0x000000c484b00000,0x000000c484c00000)]
  0x0000028c645024b0 JavaThread "Driver Service Executor" daemon [_thread_blocked, id=65464, stack(0x000000c484c00000,0x000000c484d00000)]
  0x0000028c644ffa30 JavaThread "UrlChecker-9" daemon [_thread_blocked, id=51236, stack(0x000000c484d00000,0x000000c484e00000)]
  0x0000028c64502a00 JavaThread "External Process Output Forwarder - C:\Users\mdesh\.cache\selenium\chromedriver\win64\123.0.6312.122\chromedriver.exe" daemon [_thread_in_native, id=57832, stack(0x000000c484e00000,0x000000c484f00000)]
  0x0000028c644fff80 JavaThread "Driver Service Executor" daemon [_thread_blocked, id=65132, stack(0x000000c484f00000,0x000000c485000000)]
  0x0000028c645004d0 JavaThread "Driver Service Executor" daemon [_thread_blocked, id=77456, stack(0x000000c485000000,0x000000c485100000)]
  0x0000028c64502f50 JavaThread "External Process Output Forwarder - C:\Users\mdesh\.cache\selenium\chromedriver\win64\123.0.6312.122\chromedriver.exe" daemon [_thread_in_native, id=63740, stack(0x000000c485100000,0x000000c485200000)]
  0x0000028c64500f70 JavaThread "Driver Service Executor" daemon [_thread_blocked, id=63216, stack(0x000000c485200000,0x000000c485300000)]
  0x0000028c645059d0 JavaThread "Driver Service Executor" daemon [_thread_blocked, id=69716, stack(0x000000c485300000,0x000000c485400000)]
  0x0000028c645039f0 JavaThread "UrlChecker-10" daemon [_thread_blocked, id=78340, stack(0x000000c485400000,0x000000c485500000)]
  0x0000028c64503f40 JavaThread "UrlChecker-11" daemon [_thread_blocked, id=78312, stack(0x000000c485500000,0x000000c485600000)]
  0x0000028c64504490 JavaThread "JdkHttpClient-5-0" daemon [_thread_blocked, id=77000, stack(0x000000c485700000,0x000000c485800000)]
  0x0000028c64505f20 JavaThread "JdkHttpClient-2-0" daemon [_thread_blocked, id=68788, stack(0x000000c485800000,0x000000c485900000)]
  0x0000028c64506470 JavaThread "JdkHttpClient-0-0" daemon [_thread_blocked, id=65384, stack(0x000000c485900000,0x000000c485a00000)]
  0x0000028c64504f30 JavaThread "JdkHttpClient-4-0" daemon [_thread_blocked, id=79172, stack(0x000000c485a00000,0x000000c485b00000)]
  0x0000028c64505480 JavaThread "JdkHttpClient-3-0" daemon [_thread_blocked, id=72548, stack(0x000000c485b00000,0x000000c485c00000)]
  0x0000028c645069c0 JavaThread "JdkHttpClient-8-0" daemon [_thread_blocked, id=64824, stack(0x000000c485c00000,0x000000c485d00000)]
  0x0000028c63f61eb0 JavaThread "JdkHttpClient-9-0" daemon [_thread_blocked, id=39952, stack(0x000000c485d00000,0x000000c485e00000)]
  0x0000028c63f688f0 JavaThread "JdkHttpClient-6-0" daemon [_thread_blocked, id=72124, stack(0x000000c485e00000,0x000000c485f00000)]
  0x0000028c63f66910 JavaThread "JdkHttpClient-1-0" daemon [_thread_blocked, id=79632, stack(0x000000c485f00000,0x000000c486000000)]
  0x0000028c63f64e80 JavaThread "JdkHttpClient-0-1" daemon [_thread_blocked, id=58032, stack(0x000000c486000000,0x000000c486100000)]
  0x0000028c63f61960 JavaThread "JdkHttpClient-4-1" daemon [_thread_blocked, id=71924, stack(0x000000c486100000,0x000000c486200000)]
  0x0000028c63f62400 JavaThread "JdkHttpClient-1-1" daemon [_thread_blocked, id=79536, stack(0x000000c486200000,0x000000c486300000)]
  0x0000028c63f653d0 JavaThread "JdkHttpClient-9-1" daemon [_thread_blocked, id=50120, stack(0x000000c486300000,0x000000c486400000)]
  0x0000028c63f62950 JavaThread "JdkHttpClient-3-1" daemon [_thread_blocked, id=60432, stack(0x000000c486400000,0x000000c486500000)]
  0x0000028c63f643e0 JavaThread "JdkHttpClient-2-1" daemon [_thread_blocked, id=78972, stack(0x000000c486500000,0x000000c486600000)]
  0x0000028c63f63940 JavaThread "JdkHttpClient-6-1" daemon [_thread_blocked, id=71920, stack(0x000000c486600000,0x000000c486700000)]
  0x0000028c63f67e50 JavaThread "JdkHttpClient-5-1" daemon [_thread_blocked, id=68404, stack(0x000000c486700000,0x000000c486800000)]
  0x0000028c63f683a0 JavaThread "JdkHttpClient-8-1" daemon [_thread_blocked, id=69540, stack(0x000000c486800000,0x000000c486900000)]
  0x0000028c63f66e60 JavaThread "JdkHttpClient-7-0" daemon [_thread_blocked, id=68008, stack(0x000000c486900000,0x000000c486a00000)]
  0x0000028c63f68e40 JavaThread "JdkHttpClient-7-1" daemon [_thread_blocked, id=56660, stack(0x000000c486a00000,0x000000c486b00000)]
  0x0000028c63f69390 JavaThread "JdkHttpClient-7-2" daemon [_thread_blocked, id=25196, stack(0x000000c486b00000,0x000000c486c00000)]
  0x0000028c63f67900 JavaThread "ForkJoinPool.commonPool-worker-2" daemon [_thread_blocked, id=79144, stack(0x000000c482200000,0x000000c482300000)]
  0x0000028c63f65920 JavaThread "HttpClient-15-SelectorManager" daemon [_thread_in_native, id=68160, stack(0x000000c485600000,0x000000c485700000)]
  0x0000028c63f633f0 JavaThread "JdkHttpClient-14-0" daemon [_thread_blocked, id=48632, stack(0x000000c486c00000,0x000000c486d00000)]
  0x0000028c63f65e70 JavaThread "JdkHttpClient-14-1" daemon [_thread_blocked, id=25228, stack(0x000000c486d00000,0x000000c486e00000)]
  0x0000028c63f663c0 JavaThread "JdkHttpClient-14-2" daemon [_thread_blocked, id=57800, stack(0x000000c486e00000,0x000000c486f00000)]
  0x0000028c63f673b0 JavaThread "HttpClient-14-SelectorManager" daemon [_thread_in_native, id=69944, stack(0x000000c486f00000,0x000000c487000000)]
  0x0000028c63f62ea0 JavaThread "JdkHttpClient-13-0" daemon [_thread_blocked, id=72340, stack(0x000000c487000000,0x000000c487100000)]
  0x0000028c63f63e90 JavaThread "HttpClient-11-SelectorManager" daemon [_thread_in_native, id=62364, stack(0x000000c487100000,0x000000c487200000)]
  0x0000028c63f64930 JavaThread "JdkHttpClient-10-0" daemon [_thread_blocked, id=68600, stack(0x000000c487200000,0x000000c487300000)]
  0x0000028c645014c0 JavaThread "HttpClient-18-SelectorManager" daemon [_thread_in_native, id=33084, stack(0x000000c487300000,0x000000c487400000)]
  0x0000028c656b7440 JavaThread "JdkHttpClient-17-0" daemon [_thread_blocked, id=3844, stack(0x000000c487400000,0x000000c487500000)]
  0x0000028c656aff60 JavaThread "JdkHttpClient-13-1" daemon [_thread_blocked, id=77200, stack(0x000000c487500000,0x000000c487600000)]
  0x0000028c656b7990 JavaThread "JdkHttpClient-10-1" daemon [_thread_blocked, id=33840, stack(0x000000c487600000,0x000000c487700000)]
  0x0000028c656b2f30 JavaThread "JdkHttpClient-10-2" daemon [_thread_blocked, id=53928, stack(0x000000c487700000,0x000000c487800000)]
  0x0000028c656b4f10 JavaThread "JdkHttpClient-17-1" daemon [_thread_blocked, id=24560, stack(0x000000c487800000,0x000000c487900000)]
  0x0000028c656b6450 JavaThread "JdkHttpClient-13-2" daemon [_thread_blocked, id=72452, stack(0x000000c487900000,0x000000c487a00000)]
  0x0000028c656b19f0 JavaThread "JdkHttpClient-8-2" daemon [_thread_blocked, id=47880, stack(0x000000c487a00000,0x000000c487b00000)]
  0x0000028c656b4470 JavaThread "JdkHttpClient-17-2" daemon [_thread_blocked, id=63940, stack(0x000000c487b00000,0x000000c487c00000)]
  0x0000028c656b0f50 JavaThread "JdkHttpClient-1-2" daemon [_thread_blocked, id=54980, stack(0x000000c487c00000,0x000000c487d00000)]
  0x0000028c656b69a0 JavaThread "HttpClient-13-SelectorManager" daemon [_thread_in_native, id=54432, stack(0x000000c487d00000,0x000000c487e00000)]
  0x0000028c656b0a00 JavaThread "HttpClient-12-SelectorManager" daemon [_thread_in_native, id=74392, stack(0x000000c487e00000,0x000000c487f00000)]
  0x0000028c656b6ef0 JavaThread "JdkHttpClient-11-0" daemon [_thread_blocked, id=73332, stack(0x000000c487f00000,0x000000c488000000)]
  0x0000028c656b29e0 JavaThread "JdkHttpClient-12-0" daemon [_thread_blocked, id=79072, stack(0x000000c488000000,0x000000c488100000)]
  0x0000028c656b14a0 JavaThread "JdkHttpClient-2-2" daemon [_thread_blocked, id=73760, stack(0x000000c488100000,0x000000c488200000)]
  0x0000028c656b1f40 JavaThread "HttpClient-17-SelectorManager" daemon [_thread_in_native, id=63096, stack(0x000000c488200000,0x000000c488300000)]
  0x0000028c656b2490 JavaThread "JdkHttpClient-16-0" daemon [_thread_blocked, id=73904, stack(0x000000c488300000,0x000000c488400000)]
  0x0000028c656b49c0 JavaThread "HttpClient-19-SelectorManager" daemon [_thread_in_native, id=79128, stack(0x000000c488400000,0x000000c488500000)]
  0x0000028c656b5460 JavaThread "JdkHttpClient-18-0" daemon [_thread_blocked, id=43596, stack(0x000000c488500000,0x000000c488600000)]
  0x0000028c656b3480 JavaThread "JdkHttpClient-11-1" daemon [_thread_blocked, id=11144, stack(0x000000c488600000,0x000000c488700000)]
  0x0000028c656b39d0 JavaThread "JdkHttpClient-12-1" daemon [_thread_blocked, id=13976, stack(0x000000c488700000,0x000000c488800000)]
  0x0000028c656b3f20 JavaThread "HttpClient-16-SelectorManager" daemon [_thread_in_native, id=69460, stack(0x000000c488800000,0x000000c488900000)]
  0x0000028c656b59b0 JavaThread "JdkHttpClient-15-0" daemon [_thread_blocked, id=41136, stack(0x000000c488900000,0x000000c488a00000)]
  0x0000028c656b5f00 JavaThread "JdkHttpClient-18-1" daemon [_thread_blocked, id=62076, stack(0x000000c488a00000,0x000000c488b00000)]
  0x0000028c646c3790 JavaThread "JdkHttpClient-18-2" daemon [_thread_blocked, id=75968, stack(0x000000c488b00000,0x000000c488c00000)]
  0x0000028c646c1260 JavaThread "JdkHttpClient-15-1" daemon [_thread_blocked, id=48904, stack(0x000000c488c00000,0x000000c488d00000)]
  0x0000028c646c3ce0 JavaThread "JdkHttpClient-15-2" daemon [_thread_blocked, id=31992, stack(0x000000c488d00000,0x000000c488e00000)]
  0x0000028c646c17b0 JavaThread "JdkHttpClient-11-2" daemon [_thread_blocked, id=71936, stack(0x000000c488e00000,0x000000c488f00000)]
  0x0000028c646bf7d0 JavaThread "JdkHttpClient-16-1" daemon [_thread_blocked, id=40424, stack(0x000000c488f00000,0x000000c489000000)]
  0x0000028c646c07c0 JavaThread "JdkHttpClient-16-2" daemon [_thread_blocked, id=55756, stack(0x000000c489000000,0x000000c489100000)]
  0x0000028c646c5cc0 JavaThread "JdkHttpClient-6-2" daemon [_thread_blocked, id=71368, stack(0x000000c489100000,0x000000c489200000)]
  0x0000028c646c4230 JavaThread "JdkHttpClient-12-2" daemon [_thread_blocked, id=45800, stack(0x000000c489200000,0x000000c489300000)]
  0x0000028c646bfd20 JavaThread "HttpClient-20-SelectorManager" daemon [_thread_in_native, id=59840, stack(0x000000c489300000,0x000000c489400000)]
  0x0000028c646be7e0 JavaThread "JdkHttpClient-19-0" daemon [_thread_blocked, id=10464, stack(0x000000c489400000,0x000000c489500000)]
  0x0000028c646c0270 JavaThread "JdkHttpClient-0-2" daemon [_thread_blocked, id=26428, stack(0x000000c489500000,0x000000c489600000)]
  0x0000028c646c0d10 JavaThread "JdkHttpClient-9-2" daemon [_thread_blocked, id=75236, stack(0x000000c489600000,0x000000c489700000)]
  0x0000028c646c6210 JavaThread "JdkHttpClient-19-1" daemon [_thread_blocked, id=65084, stack(0x000000c489700000,0x000000c489800000)]
  0x0000028c646c4cd0 JavaThread "JdkHttpClient-5-2" daemon [_thread_blocked, id=62412, stack(0x000000c489800000,0x000000c489900000)]
  0x0000028c646c1d00 JavaThread "JdkHttpClient-3-2" daemon [_thread_blocked, id=61344, stack(0x000000c489900000,0x000000c489a00000)]
  0x0000028c646c2250 JavaThread "JdkHttpClient-4-2" daemon [_thread_blocked, id=59068, stack(0x000000c489a00000,0x000000c489b00000)]
  0x0000028c646c27a0 JavaThread "ForkJoinPool.commonPool-worker-3" daemon [_thread_blocked, id=75468, stack(0x000000c489d00000,0x000000c489e00000)]
  0x0000028c646bf280 JavaThread "ForkJoinPool.commonPool-worker-4" daemon [_thread_blocked, id=39628, stack(0x000000c489e00000,0x000000c489f00000)]

Other Threads:
=>0x0000028c1e90f810 VMThread "VM Thread" [stack: 0x000000c480200000,0x000000c480300000] [id=72724]
  0x0000028c63d1e760 WatcherThread "VM Periodic Task Thread" [stack: 0x000000c480c00000,0x000000c480d00000] [id=74052]
  0x0000028c020559b0 WorkerThread "GC Thread#0" [stack: 0x000000c4ffd00000,0x000000c4ffe00000] [id=64420]
  0x0000028c64776c60 WorkerThread "GC Thread#1" [stack: 0x000000c481100000,0x000000c481200000] [id=73208]
  0x0000028c64ecce80 WorkerThread "GC Thread#2" [stack: 0x000000c481200000,0x000000c481300000] [id=79160]
  0x0000028c64eccbb0 WorkerThread "GC Thread#3" [stack: 0x000000c481300000,0x000000c481400000] [id=76396]
  0x0000028c64ecd6f0 WorkerThread "GC Thread#4" [stack: 0x000000c481400000,0x000000c481500000] [id=68476]
  0x0000028c64ecd150 WorkerThread "GC Thread#5" [stack: 0x000000c481500000,0x000000c481600000] [id=41808]
  0x0000028c64ecc070 WorkerThread "GC Thread#6" [stack: 0x000000c481600000,0x000000c481700000] [id=66236]
  0x0000028c64ecc8e0 WorkerThread "GC Thread#7" [stack: 0x000000c481700000,0x000000c481800000] [id=53624]
  0x0000028c02066b80 ConcurrentGCThread "G1 Main Marker" [stack: 0x000000c4ffe00000,0x000000c4fff00000] [id=49700]
  0x0000028c020675b0 WorkerThread "G1 Conc#0" [stack: 0x000000c4fff00000,0x000000c500000000] [id=68024]
  0x0000028c655f15f0 WorkerThread "G1 Conc#1" [stack: 0x000000c480e00000,0x000000c480f00000] [id=76196]
  0x0000028c1e7cb580 ConcurrentGCThread "G1 Refine#0" [stack: 0x000000c480000000,0x000000c480100000] [id=73348]
  0x0000028c1e7cc020 ConcurrentGCThread "G1 Service" [stack: 0x000000c480100000,0x000000c480200000] [id=75860]

Threads with active compile tasks:
C2 CompilerThread0    61692 7400       4       java.util.regex.Pattern::atom (422 bytes)

VM state: at safepoint (normal execution)

VM Mutex/Monitor currently owned by a thread:  ([mutex/lock_event])
[0x0000028c01ff0730] Threads_lock - owner thread: 0x0000028c1e90f810
[0x0000028c01ff1780] Heap_lock - owner thread: 0x0000028c650cf030

Heap address: 0x0000000083400000, size: 1996 MB, Compressed Oops mode: 32-bit

CDS archive(s) mapped at: [0x0000028c1ec00000-0x0000028c1f860000-0x0000028c1f860000), size 12976128, SharedBaseAddress: 0x0000028c1ec00000, ArchiveRelocationMode: 1.
Compressed class space mapped at: 0x0000028c1fc00000-0x0000028c5fc00000, reserved size: 1073741824
Narrow klass base: 0x0000028c1ec00000, Narrow klass shift: 0, Narrow klass range: 0x100000000

GC Precious Log:
 CardTable entry size: 512
 Card Set container configuration: InlinePtr #cards 5 size 8 Array Of Cards #cards 12 size 40 Howl #buckets 4 coarsen threshold 1843 Howl Bitmap #cards 512 size 80 coarsen threshold 460 Card regions per heap region 1 cards per card region 2048
 CPUs: 8 total, 8 available
 Memory: 7979M
 Large Page Support: Disabled
 NUMA Support: Disabled
 Compressed Oops: Enabled (32-bit)
 Heap Region Size: 1M
 Heap Min Capacity: 8M
 Heap Initial Capacity: 126M
 Heap Max Capacity: 1996M
 Pre-touch: Disabled
 Parallel Workers: 8
 Concurrent Workers: 2
 Concurrent Refinement Workers: 8
 Periodic GC: Disabled

Heap:
 garbage-first heap   total 55296K, used 31998K [0x0000000083400000, 0x0000000100000000)
  region size 1024K, 2 young (2048K), 2 survivors (2048K)
 Metaspace       used 51080K, committed 51840K, reserved 1114112K
  class space    used 6569K, committed 6976K, reserved 1048576K

Heap Regions: E=young(eden), S=young(survivor), O=old, HS=humongous(starts), HC=humongous(continues), CS=collection set, F=free, OA=open archive, CA=closed archive, TAMS=top-at-mark-start, PB=parsable bottom
|   0|0x0000000083400000, 0x0000000083500000, 0x0000000083500000|100%|HS|  |TAMS 0x0000000083500000| PB 0x0000000083400000| Complete 
|   1|0x0000000083500000, 0x0000000083600000, 0x0000000083600000|100%|HC|  |TAMS 0x0000000083600000| PB 0x0000000083500000| Complete 
|   2|0x0000000083600000, 0x0000000083700000, 0x0000000083700000|100%| O|  |TAMS 0x0000000083700000| PB 0x0000000083600000| Untracked 
|   3|0x0000000083700000, 0x0000000083800000, 0x0000000083800000|100%| O|  |TAMS 0x0000000083800000| PB 0x0000000083700000| Untracked 
|   4|0x0000000083800000, 0x0000000083900000, 0x0000000083900000|100%| O|  |TAMS 0x0000000083900000| PB 0x0000000083800000| Untracked 
|   5|0x0000000083900000, 0x0000000083a00000, 0x0000000083a00000|100%| O|  |TAMS 0x0000000083a00000| PB 0x0000000083900000| Untracked 
|   6|0x0000000083a00000, 0x0000000083b00000, 0x0000000083b00000|100%| O|  |TAMS 0x0000000083b00000| PB 0x0000000083a00000| Untracked 
|   7|0x0000000083b00000, 0x0000000083c00000, 0x0000000083c00000|100%| O|  |TAMS 0x0000000083c00000| PB 0x0000000083b00000| Untracked 
|   8|0x0000000083c00000, 0x0000000083d00000, 0x0000000083d00000|100%| O|  |TAMS 0x0000000083d00000| PB 0x0000000083c00000| Untracked 
|   9|0x0000000083d00000, 0x0000000083e00000, 0x0000000083e00000|100%| O|  |TAMS 0x0000000083e00000| PB 0x0000000083d00000| Untracked 
|  10|0x0000000083e00000, 0x0000000083f00000, 0x0000000083f00000|100%| O|  |TAMS 0x0000000083f00000| PB 0x0000000083e00000| Untracked 
|  11|0x0000000083f00000, 0x0000000084000000, 0x0000000084000000|100%| O|  |TAMS 0x0000000084000000| PB 0x0000000083f00000| Untracked 
|  12|0x0000000084000000, 0x0000000084100000, 0x0000000084100000|100%| O|  |TAMS 0x0000000084100000| PB 0x0000000084000000| Untracked 
|  13|0x0000000084100000, 0x0000000084200000, 0x0000000084200000|100%| O|  |TAMS 0x0000000084200000| PB 0x0000000084100000| Untracked 
|  14|0x0000000084200000, 0x0000000084300000, 0x0000000084300000|100%| O|  |TAMS 0x0000000084300000| PB 0x0000000084200000| Untracked 
|  15|0x0000000084300000, 0x0000000084400000, 0x0000000084400000|100%| O|  |TAMS 0x0000000084400000| PB 0x0000000084300000| Untracked 
|  16|0x0000000084400000, 0x0000000084500000, 0x0000000084500000|100%| O|  |TAMS 0x0000000084500000| PB 0x0000000084400000| Untracked 
|  17|0x0000000084500000, 0x0000000084600000, 0x0000000084600000|100%| O|  |TAMS 0x0000000084500000| PB 0x0000000084500000| Untracked 
|  18|0x0000000084600000, 0x0000000084700000, 0x0000000084700000|100%| O|  |TAMS 0x0000000084700000| PB 0x0000000084600000| Untracked 
|  19|0x0000000084700000, 0x0000000084800000, 0x0000000084800000|100%| O|  |TAMS 0x0000000084800000| PB 0x0000000084700000| Untracked 
|  20|0x0000000084800000, 0x0000000084900000, 0x0000000084900000|100%| O|  |TAMS 0x0000000084900000| PB 0x0000000084800000| Untracked 
|  21|0x0000000084900000, 0x0000000084a00000, 0x0000000084a00000|100%| O|  |TAMS 0x0000000084a00000| PB 0x0000000084900000| Untracked 
|  22|0x0000000084a00000, 0x0000000084b00000, 0x0000000084b00000|100%| O|  |TAMS 0x0000000084b00000| PB 0x0000000084a00000| Untracked 
|  23|0x0000000084b00000, 0x0000000084c00000, 0x0000000084c00000|100%| O|  |TAMS 0x0000000084c00000| PB 0x0000000084b00000| Untracked 
|  24|0x0000000084c00000, 0x0000000084d00000, 0x0000000084d00000|100%| O|  |TAMS 0x0000000084d00000| PB 0x0000000084c00000| Untracked 
|  25|0x0000000084d00000, 0x0000000084e00000, 0x0000000084e00000|100%| O|  |TAMS 0x0000000084e00000| PB 0x0000000084d00000| Untracked 
|  26|0x0000000084e00000, 0x0000000084f00000, 0x0000000084f00000|100%| O|  |TAMS 0x0000000084f00000| PB 0x0000000084e00000| Untracked 
|  27|0x0000000084f00000, 0x0000000085000000, 0x0000000085000000|100%| O|  |TAMS 0x0000000085000000| PB 0x0000000084f00000| Untracked 
|  28|0x0000000085000000, 0x0000000085100000, 0x0000000085100000|100%| O|  |TAMS 0x0000000085100000| PB 0x0000000085000000| Untracked 
|  29|0x0000000085100000, 0x000000008514da00, 0x0000000085200000| 30%| O|  |TAMS 0x0000000085100000| PB 0x0000000085100000| Untracked 
|  30|0x0000000085200000, 0x0000000085200000, 0x0000000085300000|  0%| F|  |TAMS 0x0000000085200000| PB 0x0000000085200000| Untracked 
|  31|0x0000000085300000, 0x0000000085300000, 0x0000000085400000|  0%| F|  |TAMS 0x0000000085300000| PB 0x0000000085300000| Untracked 
|  32|0x0000000085400000, 0x0000000085400000, 0x0000000085500000|  0%| F|  |TAMS 0x0000000085400000| PB 0x0000000085400000| Untracked 
|  33|0x0000000085500000, 0x0000000085500000, 0x0000000085600000|  0%| F|  |TAMS 0x0000000085500000| PB 0x0000000085500000| Untracked 
|  34|0x0000000085600000, 0x0000000085600000, 0x0000000085700000|  0%| F|  |TAMS 0x0000000085600000| PB 0x0000000085600000| Untracked 
|  35|0x0000000085700000, 0x00000000857f1ef8, 0x0000000085800000| 94%| S|CS|TAMS 0x0000000085700000| PB 0x0000000085700000| Complete 
|  36|0x0000000085800000, 0x0000000085800000, 0x0000000085900000|  0%| F|  |TAMS 0x0000000085800000| PB 0x0000000085800000| Untracked 
|  37|0x0000000085900000, 0x0000000085a00000, 0x0000000085a00000|100%| S|CS|TAMS 0x0000000085900000| PB 0x0000000085900000| Complete 
|  38|0x0000000085a00000, 0x0000000085a00000, 0x0000000085b00000|  0%| F|  |TAMS 0x0000000085a00000| PB 0x0000000085a00000| Untracked 
|  39|0x0000000085b00000, 0x0000000085b00000, 0x0000000085c00000|  0%| F|  |TAMS 0x0000000085b00000| PB 0x0000000085b00000| Untracked 
|  40|0x0000000085c00000, 0x0000000085c00000, 0x0000000085d00000|  0%| F|  |TAMS 0x0000000085c00000| PB 0x0000000085c00000| Untracked 
|  41|0x0000000085d00000, 0x0000000085d00000, 0x0000000085e00000|  0%| F|  |TAMS 0x0000000085d00000| PB 0x0000000085d00000| Untracked 
|  42|0x0000000085e00000, 0x0000000085e00000, 0x0000000085f00000|  0%| F|  |TAMS 0x0000000085e00000| PB 0x0000000085e00000| Untracked 
|  43|0x0000000085f00000, 0x0000000085f00000, 0x0000000086000000|  0%| F|  |TAMS 0x0000000085f00000| PB 0x0000000085f00000| Untracked 
|  44|0x0000000086000000, 0x0000000086000000, 0x0000000086100000|  0%| F|  |TAMS 0x0000000086000000| PB 0x0000000086000000| Untracked 
|  45|0x0000000086100000, 0x0000000086100000, 0x0000000086200000|  0%| F|  |TAMS 0x0000000086100000| PB 0x0000000086100000| Untracked 
|  46|0x0000000086200000, 0x0000000086200000, 0x0000000086300000|  0%| F|  |TAMS 0x0000000086200000| PB 0x0000000086200000| Untracked 
|  47|0x0000000086300000, 0x0000000086300000, 0x0000000086400000|  0%| F|  |TAMS 0x0000000086300000| PB 0x0000000086300000| Untracked 
|  48|0x0000000086400000, 0x0000000086400000, 0x0000000086500000|  0%| F|  |TAMS 0x0000000086400000| PB 0x0000000086400000| Untracked 
|  89|0x0000000088d00000, 0x0000000088d00000, 0x0000000088e00000|  0%| F|  |TAMS 0x0000000088d00000| PB 0x0000000088d00000| Untracked 
|  90|0x0000000088e00000, 0x0000000088e00000, 0x0000000088f00000|  0%| F|  |TAMS 0x0000000088e00000| PB 0x0000000088e00000| Untracked 
|  91|0x0000000088f00000, 0x0000000088f00000, 0x0000000089000000|  0%| F|  |TAMS 0x0000000088f00000| PB 0x0000000088f00000| Untracked 
|  92|0x0000000089000000, 0x0000000089000000, 0x0000000089100000|  0%| F|  |TAMS 0x0000000089000000| PB 0x0000000089000000| Untracked 
| 125|0x000000008b100000, 0x000000008b100000, 0x000000008b200000|  0%| F|  |TAMS 0x000000008b100000| PB 0x000000008b100000| Untracked 

Card table byte_map: [0x0000028c197d0000,0x0000028c19bc0000] _byte_map_base: 0x0000028c193b6000

Marking Bits: (CMBitMap*) 0x0000028c02055fe0
 Bits: [0x0000028c19fb0000, 0x0000028c1bee0000)

Polling page: 0x0000028c017a0000

Metaspace:

Usage:
  Non-class:     43.47 MB used.
      Class:      6.42 MB used.
       Both:     49.88 MB used.

Virtual space:
  Non-class space:       64.00 MB reserved,      43.81 MB ( 68%) committed,  1 nodes.
      Class space:        1.00 GB reserved,       6.81 MB ( <1%) committed,  1 nodes.
             Both:        1.06 GB reserved,      50.62 MB (  5%) committed. 

Chunk freelists:
   Non-Class:  3.92 MB
       Class:  1.29 MB
        Both:  5.21 MB

MaxMetaspaceSize: unlimited
CompressedClassSpaceSize: 1.00 GB
Initial GC threshold: 21.00 MB
Current GC threshold: 81.56 MB
CDS: on
MetaspaceReclaimPolicy: balanced
 - commit_granule_bytes: 65536.
 - commit_granule_words: 8192.
 - virtual_space_node_default_size: 8388608.
 - enlarge_chunks_in_place: 1.
 - new_chunks_are_fully_committed: 0.
 - uncommit_free_chunks: 1.
 - use_allocation_guard: 0.


Internal statistics:

num_allocs_failed_limit: 6.
num_arena_births: 1348.
num_arena_deaths: 564.
num_vsnodes_births: 2.
num_vsnodes_deaths: 0.
num_space_committed: 810.
num_space_uncommitted: 0.
num_chunks_returned_to_freelist: 793.
num_chunks_taken_from_freelist: 3445.
num_chunk_merges: 330.
num_chunk_splits: 2061.
num_chunks_enlarged: 1246.
num_inconsistent_stats: 0.

CodeHeap 'non-profiled nmethods': size=120000Kb used=3278Kb max_used=3278Kb free=116721Kb
 bounds [0x0000028c11b80000, 0x0000028c11ec0000, 0x0000028c190b0000]
CodeHeap 'profiled nmethods': size=120000Kb used=13821Kb max_used=13821Kb free=106178Kb
 bounds [0x0000028c0a0b0000, 0x0000028c0ae40000, 0x0000028c115e0000]
CodeHeap 'non-nmethods': size=5760Kb used=1733Kb max_used=1810Kb free=4026Kb
 bounds [0x0000028c115e0000, 0x0000028c11850000, 0x0000028c11b80000]
 total_blobs=7538 nmethods=6830 adapters=616
 compilation: enabled
              stopped_count=0, restarted_count=0
 full_count=0

Compilation events (20 events):
Event: 61.549 Thread 0x0000028c1e944780 nmethod 7392 0x0000028c0ae24f10 code [0x0000028c0ae250a0, 0x0000028c0ae251b0]
Event: 61.550 Thread 0x0000028c1e93bf10 7393       4       java.lang.String::<init> (10 bytes)
Event: 61.551 Thread 0x0000028c1e944780 7395       3       org.apache.poi.openxml4j.opc.ZipPackage::ignoreEntry (29 bytes)
Event: 61.552 Thread 0x0000028c1e944780 nmethod 7395 0x0000028c0ae25290 code [0x0000028c0ae25480, 0x0000028c0ae25a90]
Event: 61.552 Thread 0x0000028c1e944780 7399       3       org.apache.poi.openxml4j.opc.PackagePartName::throwExceptionIfPartNameHaveInvalidSegments (227 bytes)
Event: 61.556 Thread 0x0000028c1e944780 nmethod 7399 0x0000028c0ae25d10 code [0x0000028c0ae262a0, 0x0000028c0ae28a88]
Event: 61.556 Thread 0x0000028c1e944780 7401       3       com.sun.org.apache.xerces.internal.utils.XMLSecurityPropertyManager::<init> (80 bytes)
Event: 61.557 Thread 0x0000028c1e93bf10 nmethod 7393 0x0000028c11eb2d10 code [0x0000028c11eb2ea0, 0x0000028c11eb34f8]
Event: 61.557 Thread 0x0000028c1e944780 nmethod 7401 0x0000028c0ae29a10 code [0x0000028c0ae29c60, 0x0000028c0ae2aa80]
Event: 61.557 Thread 0x0000028c1e93bf10 7400       4       java.util.regex.Pattern::atom (422 bytes)
Event: 61.557 Thread 0x0000028c1e944780 7396       3       org.apache.poi.openxml4j.opc.PackagePartName::throwExceptionIfEmptyURI (79 bytes)
Event: 61.559 Thread 0x0000028c1e944780 nmethod 7396 0x0000028c0ae2ae10 code [0x0000028c0ae2b100, 0x0000028c0ae2c278]
Event: 61.559 Thread 0x0000028c1e944780 7397       3       org.apache.poi.openxml4j.opc.PackagePartName::throwExceptionIfPartNameNotStartsWithForwardSlashChar (53 bytes)
Event: 61.561 Thread 0x0000028c1e944780 nmethod 7397 0x0000028c0ae2c890 code [0x0000028c0ae2cb60, 0x0000028c0ae2daa0]
Event: 61.561 Thread 0x0000028c1e944780 7398       3       org.apache.poi.openxml4j.opc.PackagePartName::throwExceptionIfPartNameEndsWithForwardSlashChar (58 bytes)
Event: 61.563 Thread 0x0000028c1e944780 nmethod 7398 0x0000028c0ae2e090 code [0x0000028c0ae2e360, 0x0000028c0ae2f390]
Event: 61.563 Thread 0x0000028c1e944780 7402       1       java.text.DecimalFormat::getMaximumFractionDigits (5 bytes)
Event: 61.563 Thread 0x0000028c1e944780 nmethod 7402 0x0000028c11eb3690 code [0x0000028c11eb3800, 0x0000028c11eb38c8]
Event: 61.563 Thread 0x0000028c1e944780 7405   !   3       com.sun.org.apache.xerces.internal.parsers.AbstractSAXParser::getEntityResolver (61 bytes)
Event: 61.563 Thread 0x0000028c1e944780 nmethod 7405 0x0000028c0ae2f990 code [0x0000028c0ae2fb80, 0x0000028c0ae30470]

GC Heap History (20 events):
Event: 4.496 GC heap after
{Heap after GC invocations=6 (full 0):
 garbage-first heap   total 55296K, used 18094K [0x0000000083400000, 0x0000000100000000)
  region size 1024K, 4 young (4096K), 4 survivors (4096K)
 Metaspace       used 31317K, committed 32064K, reserved 1114112K
  class space    used 4093K, committed 4416K, reserved 1048576K
}
Event: 6.718 GC heap before
{Heap before GC invocations=6 (full 0):
 garbage-first heap   total 55296K, used 31406K [0x0000000083400000, 0x0000000100000000)
  region size 1024K, 19 young (19456K), 4 survivors (4096K)
 Metaspace       used 35239K, committed 35968K, reserved 1114112K
  class space    used 4674K, committed 4992K, reserved 1048576K
}
Event: 6.722 GC heap after
{Heap after GC invocations=7 (full 0):
 garbage-first heap   total 55296K, used 19993K [0x0000000083400000, 0x0000000100000000)
  region size 1024K, 2 young (2048K), 2 survivors (2048K)
 Metaspace       used 35239K, committed 35968K, reserved 1114112K
  class space    used 4674K, committed 4992K, reserved 1048576K
}
Event: 14.944 GC heap before
{Heap before GC invocations=8 (full 0):
 garbage-first heap   total 55296K, used 43545K [0x0000000083400000, 0x0000000100000000)
  region size 1024K, 26 young (26624K), 2 survivors (2048K)
 Metaspace       used 40582K, committed 41408K, reserved 1114112K
  class space    used 5605K, committed 5952K, reserved 1048576K
}
Event: 14.958 GC heap after
{Heap after GC invocations=9 (full 0):
 garbage-first heap   total 55296K, used 22609K [0x0000000083400000, 0x0000000100000000)
  region size 1024K, 4 young (4096K), 4 survivors (4096K)
 Metaspace       used 40582K, committed 41408K, reserved 1114112K
  class space    used 5605K, committed 5952K, reserved 1048576K
}
Event: 40.970 GC heap before
{Heap before GC invocations=9 (full 0):
 garbage-first heap   total 55296K, used 43089K [0x0000000083400000, 0x0000000100000000)
  region size 1024K, 25 young (25600K), 4 survivors (4096K)
 Metaspace       used 42432K, committed 43328K, reserved 1114112K
  class space    used 5757K, committed 6144K, reserved 1048576K
}
Event: 41.009 GC heap after
{Heap after GC invocations=10 (full 0):
 garbage-first heap   total 55296K, used 24620K [0x0000000083400000, 0x0000000100000000)
  region size 1024K, 3 young (3072K), 3 survivors (3072K)
 Metaspace       used 42432K, committed 43328K, reserved 1114112K
  class space    used 5757K, committed 6144K, reserved 1048576K
}
Event: 47.423 GC heap before
{Heap before GC invocations=10 (full 0):
 garbage-first heap   total 55296K, used 45100K [0x0000000083400000, 0x0000000100000000)
  region size 1024K, 24 young (24576K), 3 survivors (3072K)
 Metaspace       used 46308K, committed 47232K, reserved 1114112K
  class space    used 6196K, committed 6592K, reserved 1048576K
}
Event: 47.429 GC heap after
{Heap after GC invocations=11 (full 0):
 garbage-first heap   total 55296K, used 25745K [0x0000000083400000, 0x0000000100000000)
  region size 1024K, 2 young (2048K), 2 survivors (2048K)
 Metaspace       used 46308K, committed 47232K, reserved 1114112K
  class space    used 6196K, committed 6592K, reserved 1048576K
}
Event: 47.617 GC heap before
{Heap before GC invocations=11 (full 0):
 garbage-first heap   total 55296K, used 46225K [0x0000000083400000, 0x0000000100000000)
  region size 1024K, 23 young (23552K), 2 survivors (2048K)
 Metaspace       used 46558K, committed 47488K, reserved 1114112K
  class space    used 6230K, committed 6656K, reserved 1048576K
}
Event: 47.619 GC heap after
{Heap after GC invocations=12 (full 0):
 garbage-first heap   total 55296K, used 26425K [0x0000000083400000, 0x0000000100000000)
  region size 1024K, 2 young (2048K), 2 survivors (2048K)
 Metaspace       used 46558K, committed 47488K, reserved 1114112K
  class space    used 6230K, committed 6656K, reserved 1048576K
}
Event: 47.716 GC heap before
{Heap before GC invocations=12 (full 0):
 garbage-first heap   total 55296K, used 48953K [0x0000000083400000, 0x0000000100000000)
  region size 1024K, 25 young (25600K), 2 survivors (2048K)
 Metaspace       used 46558K, committed 47488K, reserved 1114112K
  class space    used 6230K, committed 6656K, reserved 1048576K
}
Event: 47.719 GC heap after
{Heap after GC invocations=13 (full 0):
 garbage-first heap   total 55296K, used 27252K [0x0000000083400000, 0x0000000100000000)
  region size 1024K, 2 young (2048K), 2 survivors (2048K)
 Metaspace       used 46558K, committed 47488K, reserved 1114112K
  class space    used 6230K, committed 6656K, reserved 1048576K
}
Event: 49.168 GC heap before
{Heap before GC invocations=13 (full 0):
 garbage-first heap   total 55296K, used 46708K [0x0000000083400000, 0x0000000100000000)
  region size 1024K, 22 young (22528K), 2 survivors (2048K)
 Metaspace       used 49107K, committed 50048K, reserved 1114112K
  class space    used 6547K, committed 6976K, reserved 1048576K
}
Event: 49.176 GC heap after
{Heap after GC invocations=14 (full 0):
 garbage-first heap   total 55296K, used 28884K [0x0000000083400000, 0x0000000100000000)
  region size 1024K, 3 young (3072K), 3 survivors (3072K)
 Metaspace       used 49107K, committed 50048K, reserved 1114112K
  class space    used 6547K, committed 6976K, reserved 1048576K
}
Event: 53.288 GC heap before
{Heap before GC invocations=15 (full 0):
 garbage-first heap   total 55296K, used 46292K [0x0000000083400000, 0x0000000100000000)
  region size 1024K, 21 young (21504K), 3 survivors (3072K)
 Metaspace       used 50702K, committed 51456K, reserved 1114112K
  class space    used 6569K, committed 6976K, reserved 1048576K
}
Event: 53.294 GC heap after
{Heap after GC invocations=16 (full 0):
 garbage-first heap   total 55296K, used 30635K [0x0000000083400000, 0x0000000100000000)
  region size 1024K, 2 young (2048K), 2 survivors (2048K)
 Metaspace       used 50702K, committed 51456K, reserved 1114112K
  class space    used 6569K, committed 6976K, reserved 1048576K
}
Event: 55.301 GC heap before
{Heap before GC invocations=16 (full 0):
 garbage-first heap   total 55296K, used 48043K [0x0000000083400000, 0x0000000100000000)
  region size 1024K, 19 young (19456K), 2 survivors (2048K)
 Metaspace       used 50921K, committed 51648K, reserved 1114112K
  class space    used 6569K, committed 6976K, reserved 1048576K
}
Event: 55.385 GC heap after
{Heap after GC invocations=17 (full 0):
 garbage-first heap   total 55296K, used 31613K [0x0000000083400000, 0x0000000100000000)
  region size 1024K, 3 young (3072K), 3 survivors (3072K)
 Metaspace       used 50921K, committed 51648K, reserved 1114112K
  class space    used 6569K, committed 6976K, reserved 1048576K
}
Event: 61.564 GC heap before
{Heap before GC invocations=17 (full 0):
 garbage-first heap   total 55296K, used 46973K [0x0000000083400000, 0x0000000100000000)
  region size 1024K, 19 young (19456K), 3 survivors (3072K)
 Metaspace       used 51080K, committed 51840K, reserved 1114112K
  class space    used 6569K, committed 6976K, reserved 1048576K
}

Dll operation events (11 events):
Event: 0.034 Loaded shared library C:\Program Files\Java\jdk-20\bin\java.dll
Event: 0.095 Loaded shared library C:\Program Files\Java\jdk-20\bin\jsvml.dll
Event: 0.271 Loaded shared library C:\Program Files\Java\jdk-20\bin\net.dll
Event: 0.275 Loaded shared library C:\Program Files\Java\jdk-20\bin\nio.dll
Event: 0.283 Loaded shared library C:\Program Files\Java\jdk-20\bin\zip.dll
Event: 0.426 Loaded shared library C:\Program Files\Java\jdk-20\bin\jimage.dll
Event: 0.563 Loaded shared library C:\Program Files\Java\jdk-20\bin\verify.dll
Event: 0.659 Loaded shared library C:\Program Files\Java\jdk-20\bin\extnet.dll
Event: 3.295 Loaded shared library C:\Program Files\Java\jdk-20\bin\management.dll
Event: 3.301 Loaded shared library C:\Program Files\Java\jdk-20\bin\management_ext.dll
Event: 6.834 Loaded shared library C:\Program Files\Java\jdk-20\bin\sunmscapi.dll

Deoptimization events (20 events):
Event: 57.219 Thread 0x0000028c650d2550 Uncommon trap: trap_request=0xffffffbe fr.pc=0x0000028c11e85494 relative=0x00000000000002f4
Event: 57.219 Thread 0x0000028c650d2550 Uncommon trap: reason=profile_predicate action=maybe_recompile pc=0x0000028c11e85494 method=java.util.HashMap.keysToArray([Ljava/lang/Object;)[Ljava/lang/Object; @ 36 c2
Event: 57.219 Thread 0x0000028c650d2550 DEOPT PACKING pc=0x0000028c11e85494 sp=0x000000c481cfd200
Event: 57.219 Thread 0x0000028c650d2550 DEOPT UNPACKING pc=0x0000028c11649d22 sp=0x000000c481cfd1a0 mode 2
Event: 57.219 Thread 0x0000028c650d2550 Uncommon trap: trap_request=0xffffffbe fr.pc=0x0000028c11e85494 relative=0x00000000000002f4
Event: 57.219 Thread 0x0000028c650d2550 Uncommon trap: reason=profile_predicate action=maybe_recompile pc=0x0000028c11e85494 method=java.util.HashMap.keysToArray([Ljava/lang/Object;)[Ljava/lang/Object; @ 36 c2
Event: 57.219 Thread 0x0000028c650d2550 DEOPT PACKING pc=0x0000028c11e85494 sp=0x000000c481cfd200
Event: 57.219 Thread 0x0000028c650d2550 DEOPT UNPACKING pc=0x0000028c11649d22 sp=0x000000c481cfd1a0 mode 2
Event: 60.710 Thread 0x0000028c650cb5c0 Uncommon trap: trap_request=0xffffff76 fr.pc=0x0000028c11ea52b0 relative=0x0000000000000310
Event: 60.710 Thread 0x0000028c650cb5c0 Uncommon trap: reason=predicate action=maybe_recompile pc=0x0000028c11ea52b0 method=java.util.HashMap.keysToArray([Ljava/lang/Object;)[Ljava/lang/Object; @ 48 c2
Event: 60.710 Thread 0x0000028c650cb5c0 DEOPT PACKING pc=0x0000028c11ea52b0 sp=0x000000c4820fd4c0
Event: 60.710 Thread 0x0000028c650cb5c0 DEOPT UNPACKING pc=0x0000028c11649d22 sp=0x000000c4820fd468 mode 2
Event: 60.742 Thread 0x0000028c650cb5c0 Uncommon trap: trap_request=0xffffffbe fr.pc=0x0000028c11eaf734 relative=0x0000000000000314
Event: 60.742 Thread 0x0000028c650cb5c0 Uncommon trap: reason=profile_predicate action=maybe_recompile pc=0x0000028c11eaf734 method=java.util.HashMap.keysToArray([Ljava/lang/Object;)[Ljava/lang/Object; @ 48 c2
Event: 60.742 Thread 0x0000028c650cb5c0 DEOPT PACKING pc=0x0000028c11eaf734 sp=0x000000c4820fd4d0
Event: 60.742 Thread 0x0000028c650cb5c0 DEOPT UNPACKING pc=0x0000028c11649d22 sp=0x000000c4820fd468 mode 2
Event: 60.742 Thread 0x0000028c650cb5c0 Uncommon trap: trap_request=0xffffffbe fr.pc=0x0000028c11eaf734 relative=0x0000000000000314
Event: 60.742 Thread 0x0000028c650cb5c0 Uncommon trap: reason=profile_predicate action=maybe_recompile pc=0x0000028c11eaf734 method=java.util.HashMap.keysToArray([Ljava/lang/Object;)[Ljava/lang/Object; @ 48 c2
Event: 60.742 Thread 0x0000028c650cb5c0 DEOPT PACKING pc=0x0000028c11eaf734 sp=0x000000c4820fd4d0
Event: 60.742 Thread 0x0000028c650cb5c0 DEOPT UNPACKING pc=0x0000028c11649d22 sp=0x000000c4820fd468 mode 2

Classes loaded (20 events):
Event: 48.967 Loading class java/util/TreeMap$NavigableSubMap done
Event: 48.967 Loading class java/util/TreeMap$AscendingSubMap done
Event: 48.967 Loading class java/util/TreeMap$NavigableSubMap$SubMapKeyIterator
Event: 48.968 Loading class java/util/TreeMap$NavigableSubMap$SubMapIterator
Event: 49.004 Loading class java/util/TreeMap$NavigableSubMap$SubMapIterator done
Event: 49.004 Loading class java/util/TreeMap$NavigableSubMap$SubMapKeyIterator done
Event: 50.065 Loading class java/util/stream/WhileOps
Event: 50.066 Loading class java/util/stream/WhileOps done
Event: 50.066 Loading class java/util/stream/WhileOps$1Op
Event: 50.066 Loading class java/util/stream/WhileOps$DropWhileOp
Event: 50.067 Loading class java/util/stream/WhileOps$DropWhileOp done
Event: 50.067 Loading class java/util/stream/WhileOps$1Op done
Event: 50.067 Loading class java/util/stream/WhileOps$1Op$1OpSink
Event: 50.068 Loading class java/util/stream/WhileOps$DropWhileSink
Event: 50.068 Loading class java/util/stream/WhileOps$DropWhileSink done
Event: 50.068 Loading class java/util/stream/WhileOps$1Op$1OpSink done
Event: 50.243 Loading class java/time/format/DateTimeFormatterBuilder$DefaultValueParser
Event: 50.267 Loading class java/time/format/DateTimeFormatterBuilder$DefaultValueParser done
Event: 50.276 Loading class java/text/FieldPosition$Delegate
Event: 50.276 Loading class java/text/FieldPosition$Delegate done

Classes unloaded (20 events):
Event: 49.354 Thread 0x0000028c1e90f810 Unloading class 0x0000028c1fee5000 'java/lang/invoke/LambdaForm$MH+0x0000028c1fee5000'
Event: 49.354 Thread 0x0000028c1e90f810 Unloading class 0x0000028c1fee4800 'java/lang/invoke/LambdaForm$MH+0x0000028c1fee4800'
Event: 49.354 Thread 0x0000028c1e90f810 Unloading class 0x0000028c1fee4400 'java/lang/invoke/LambdaForm$MH+0x0000028c1fee4400'
Event: 49.354 Thread 0x0000028c1e90f810 Unloading class 0x0000028c1fee4000 'java/lang/invoke/LambdaForm$MH+0x0000028c1fee4000'
Event: 49.354 Thread 0x0000028c1e90f810 Unloading class 0x0000028c1fee3c00 'java/lang/invoke/LambdaForm$MH+0x0000028c1fee3c00'
Event: 49.354 Thread 0x0000028c1e90f810 Unloading class 0x0000028c1fee3400 'java/lang/invoke/LambdaForm$MH+0x0000028c1fee3400'
Event: 49.354 Thread 0x0000028c1e90f810 Unloading class 0x0000028c1fee3000 'java/lang/invoke/LambdaForm$MH+0x0000028c1fee3000'
Event: 49.354 Thread 0x0000028c1e90f810 Unloading class 0x0000028c1fee2c00 'java/lang/invoke/LambdaForm$MH+0x0000028c1fee2c00'
Event: 49.354 Thread 0x0000028c1e90f810 Unloading class 0x0000028c1fee2800 'java/lang/invoke/LambdaForm$MH+0x0000028c1fee2800'
Event: 49.354 Thread 0x0000028c1e90f810 Unloading class 0x0000028c1fee2400 'java/lang/invoke/LambdaForm$MH+0x0000028c1fee2400'
Event: 49.354 Thread 0x0000028c1e90f810 Unloading class 0x0000028c1fee1c00 'java/lang/invoke/LambdaForm$MH+0x0000028c1fee1c00'
Event: 49.354 Thread 0x0000028c1e90f810 Unloading class 0x0000028c1fee2000 'java/lang/invoke/LambdaForm$MH+0x0000028c1fee2000'
Event: 49.354 Thread 0x0000028c1e90f810 Unloading class 0x0000028c1fee1000 'java/lang/invoke/LambdaForm$MH+0x0000028c1fee1000'
Event: 49.354 Thread 0x0000028c1e90f810 Unloading class 0x0000028c1fee0c00 'java/lang/invoke/LambdaForm$MH+0x0000028c1fee0c00'
Event: 49.354 Thread 0x0000028c1e90f810 Unloading class 0x0000028c1fee1400 'java/lang/invoke/LambdaForm$MH+0x0000028c1fee1400'
Event: 49.354 Thread 0x0000028c1e90f810 Unloading class 0x0000028c1fee0800 'java/lang/invoke/LambdaForm$MH+0x0000028c1fee0800'
Event: 49.354 Thread 0x0000028c1e90f810 Unloading class 0x0000028c1fee0400 'java/lang/invoke/LambdaForm$MH+0x0000028c1fee0400'
Event: 49.354 Thread 0x0000028c1e90f810 Unloading class 0x0000028c1fee0000 'java/lang/invoke/LambdaForm$MH+0x0000028c1fee0000'
Event: 49.354 Thread 0x0000028c1e90f810 Unloading class 0x0000028c1fedd800 'java/lang/invoke/LambdaForm$MH+0x0000028c1fedd800'
Event: 49.354 Thread 0x0000028c1e90f810 Unloading class 0x0000028c1feddc00 'java/lang/invoke/LambdaForm$MH+0x0000028c1feddc00'

Classes redefined (0 events):
No events

Internal exceptions (20 events):
Event: 7.101 Thread 0x0000028c650cb5c0 Exception <a 'java/lang/NoSuchMethodError'{0x0000000085e4db40}: 'void java.lang.invoke.DirectMethodHandle$Holder.invokeStatic(java.lang.Object, java.lang.Object, int)'> (0x0000000085e4db40) 
thrown [s\open\src\hotspot\share\interpreter\linkResolver.cpp, line 773]
Event: 7.124 Thread 0x0000028c650ccb00 Exception <a 'java/lang/NoSuchMethodError'{0x0000000085ddef10}: 'void java.lang.invoke.DirectMethodHandle$Holder.invokeStatic(java.lang.Object, java.lang.Object, java.lang.Object, java.lang.Object, java.lang.Object, java.lang.Object, java.lang.Object)'> (0x0000000085ddef10) 
thrown [s\open\src\hotspot\share\interpreter\linkResolver.cpp, line 773]
Event: 7.124 Thread 0x0000028c650cd050 Exception <a 'java/lang/NoSuchMethodError'{0x0000000085c13b30}: 'void java.lang.invoke.DirectMethodHandle$Holder.invokeStatic(java.lang.Object, java.lang.Object, java.lang.Object, java.lang.Object, java.lang.Object, java.lang.Object, java.lang.Object)'> (0x0000000085c13b30) 
thrown [s\open\src\hotspot\share\interpreter\linkResolver.cpp, line 773]
Event: 7.124 Thread 0x0000028c650cb5c0 Exception <a 'java/lang/NoSuchMethodError'{0x0000000085c078b0}: 'void java.lang.invoke.DirectMethodHandle$Holder.invokeStatic(java.lang.Object, java.lang.Object, java.lang.Object, java.lang.Object, java.lang.Object, java.lang.Object, java.lang.Object)'> (0x0000000085c078b0) 
thrown [s\open\src\hotspot\share\interpreter\linkResolver.cpp, line 773]
Event: 7.148 Thread 0x0000028c63f61eb0 Exception <a 'java/lang/NoSuchMethodError'{0x0000000085872568}: 'long java.lang.invoke.DirectMethodHandle$Holder.invokeSpecial(java.lang.Object, java.lang.Object, long, java.lang.Object, java.lang.Object, java.lang.Object, int)'> (0x0000000085872568) 
thrown [s\open\src\hotspot\share\interpreter\linkResolver.cpp, line 773]
Event: 7.150 Thread 0x0000028c63f61eb0 Exception <a 'java/lang/NoSuchMethodError'{0x00000000858c9458}: 'long java.lang.invoke.DirectMethodHandle$Holder.invokeSpecial(java.lang.Object, java.lang.Object, java.lang.Object, java.lang.Object, int)'> (0x00000000858c9458) 
thrown [s\open\src\hotspot\share\interpreter\linkResolver.cpp, line 773]
Event: 7.187 Thread 0x0000028c650ce040 Exception <a 'java/lang/NoSuchMethodError'{0x000000008638e228}: 'int java.lang.invoke.DirectMethodHandle$Holder.invokeStatic(java.lang.Object, int, java.lang.Object)'> (0x000000008638e228) 
thrown [s\open\src\hotspot\share\interpreter\linkResolver.cpp, line 773]
Event: 7.187 Thread 0x0000028c663d5150 Exception <a 'java/lang/NoSuchMethodError'{0x00000000863e78d0}: 'int java.lang.invoke.DirectMethodHandle$Holder.invokeStatic(java.lang.Object, int, java.lang.Object)'> (0x00000000863e78d0) 
thrown [s\open\src\hotspot\share\interpreter\linkResolver.cpp, line 773]
Event: 14.598 Thread 0x0000028c63f683a0 Exception <a 'java/lang/NoSuchMethodError'{0x0000000085086030}: 'java.lang.Object java.lang.invoke.DirectMethodHandle$Holder.newInvokeSpecial(java.lang.Object, java.lang.Object, long, java.lang.Object, java.lang.Object, java.lang.Object)'> (0x0000000085086030) 
thrown [s\open\src\hotspot\share\interpreter\linkResolver.cpp, line 773]
Event: 14.940 Thread 0x0000028c650cbb10 Exception <a 'java/lang/NoSuchMethodError'{0x00000000850f1c48}: 'java.lang.Object java.lang.invoke.DirectMethodHandle$Holder.invokeSpecialIFC(java.lang.Object, java.lang.Object, java.lang.Object)'> (0x00000000850f1c48) 
thrown [s\open\src\hotspot\share\interpreter\linkResolver.cpp, line 773]
Event: 43.339 Thread 0x0000028c650ceae0 Exception <a 'java/lang/NoSuchMethodError'{0x0000000088d75398}: 'int java.lang.invoke.DirectMethodHandle$Holder.invokeSpecial(java.lang.Object, java.lang.Object, int)'> (0x0000000088d75398) 
thrown [s\open\src\hotspot\share\interpreter\linkResolver.cpp, line 773]
Event: 44.820 Thread 0x0000028c650cb070 Exception <a 'java/lang/NoSuchMethodError'{0x000000008619f5f8}: 'void java.lang.invoke.DirectMethodHandle$Holder.invokeVirtual(java.lang.Object, java.lang.Object, java.lang.Object, int)'> (0x000000008619f5f8) 
thrown [s\open\src\hotspot\share\interpreter\linkResolver.cpp, line 773]
Event: 44.862 Thread 0x0000028c650cb070 Exception <a 'java/lang/NoSuchMethodError'{0x00000000861d5a10}: 'void java.lang.invoke.DirectMethodHandle$Holder.invokeStatic(java.lang.Object, java.lang.Object, java.lang.Object, int)'> (0x00000000861d5a10) 
thrown [s\open\src\hotspot\share\interpreter\linkResolver.cpp, line 773]
Event: 44.864 Thread 0x0000028c650cb070 Exception <a 'java/lang/NoSuchMethodError'{0x00000000861d93d0}: 'void java.lang.invoke.DirectMethodHandle$Holder.invokeStaticInit(java.lang.Object, java.lang.Object, java.lang.Object, int)'> (0x00000000861d93d0) 
thrown [s\open\src\hotspot\share\interpreter\linkResolver.cpp, line 773]
Event: 46.321 Thread 0x0000028c650ceae0 Exception <a 'java/lang/NoSuchMethodError'{0x0000000085df2658}: 'java.lang.Object java.lang.invoke.DirectMethodHandle$Holder.invokeStatic(java.lang.Object, java.lang.Object, int, int)'> (0x0000000085df2658) 
thrown [s\open\src\hotspot\share\interpreter\linkResolver.cpp, line 773]
Event: 46.321 Thread 0x0000028c650ceae0 Exception <a 'java/lang/NoSuchMethodError'{0x0000000085df5cc0}: 'java.lang.Object java.lang.invoke.DirectMethodHandle$Holder.invokeStaticInit(java.lang.Object, java.lang.Object, int, int)'> (0x0000000085df5cc0) 
thrown [s\open\src\hotspot\share\interpreter\linkResolver.cpp, line 773]
Event: 48.947 Thread 0x0000028c650ceae0 Exception <a 'java/lang/NoSuchMethodError'{0x00000000859597d0}: 'java.lang.Object java.lang.invoke.DirectMethodHandle$Holder.invokeVirtual(java.lang.Object, java.lang.Object, int)'> (0x00000000859597d0) 
thrown [s\open\src\hotspot\share\interpreter\linkResolver.cpp, line 773]
Event: 48.947 Thread 0x0000028c650ccb00 Exception <a 'java/lang/NoSuchMethodError'{0x00000000858d02a0}: 'java.lang.Object java.lang.invoke.DirectMethodHandle$Holder.invokeVirtual(java.lang.Object, java.lang.Object, int)'> (0x00000000858d02a0) 
thrown [s\open\src\hotspot\share\interpreter\linkResolver.cpp, line 773]
Event: 48.948 Thread 0x0000028c650ccb00 Exception <a 'java/lang/NoSuchMethodError'{0x00000000858d7408}: 'void java.lang.invoke.DirectMethodHandle$Holder.invokeVirtual(java.lang.Object, java.lang.Object, int, java.lang.Object)'> (0x00000000858d7408) 
thrown [s\open\src\hotspot\share\interpreter\linkResolver.cpp, line 773]
Event: 48.948 Thread 0x0000028c650ceae0 Exception <a 'java/lang/NoSuchMethodError'{0x0000000085960930}: 'void java.lang.invoke.DirectMethodHandle$Holder.invokeVirtual(java.lang.Object, java.lang.Object, int, java.lang.Object)'> (0x0000000085960930) 
thrown [s\open\src\hotspot\share\interpreter\linkResolver.cpp, line 773]

VM Operations (20 events):
Event: 52.577 Executing VM operation: Cleanup done
Event: 53.288 Executing VM operation: G1CollectForAllocation
Event: 53.294 Executing VM operation: G1CollectForAllocation done
Event: 54.332 Executing VM operation: Cleanup
Event: 54.332 Executing VM operation: Cleanup done
Event: 55.301 Executing VM operation: G1CollectForAllocation
Event: 55.390 Executing VM operation: G1CollectForAllocation done
Event: 56.402 Executing VM operation: Cleanup
Event: 56.419 Executing VM operation: Cleanup done
Event: 57.428 Executing VM operation: Cleanup
Event: 57.428 Executing VM operation: Cleanup done
Event: 58.435 Executing VM operation: Cleanup
Event: 58.435 Executing VM operation: Cleanup done
Event: 60.177 Executing VM operation: HandshakeAllThreads
Event: 60.254 Executing VM operation: HandshakeAllThreads done
Event: 60.254 Executing VM operation: Cleanup
Event: 60.255 Executing VM operation: Cleanup done
Event: 61.262 Executing VM operation: Cleanup
Event: 61.262 Executing VM operation: Cleanup done
Event: 61.564 Executing VM operation: G1CollectForAllocation

Events (20 events):
Event: 49.423 Thread 0x0000028c1e90f810 flushing nmethod 0x0000028c11cdb790
Event: 49.423 Thread 0x0000028c1e90f810 flushing nmethod 0x0000028c11be0710
Event: 49.423 Thread 0x0000028c1e90f810 flushing nmethod 0x0000028c11bdf210
Event: 49.423 Thread 0x0000028c1e90f810 flushing nmethod 0x0000028c11cd9090
Event: 49.423 Thread 0x0000028c1e90f810 flushing nmethod 0x0000028c11c42010
Event: 49.423 Thread 0x0000028c1e90f810 flushing nmethod 0x0000028c11c4e910
Event: 49.423 Thread 0x0000028c1e90f810 flushing nmethod 0x0000028c11c4c090
Event: 49.423 Thread 0x0000028c1e90f810 flushing nmethod 0x0000028c11c4b590
Event: 49.423 Thread 0x0000028c1e90f810 flushing nmethod 0x0000028c11c4a190
Event: 49.423 Thread 0x0000028c1e90f810 flushing nmethod 0x0000028c11c26e10
Event: 49.423 Thread 0x0000028c1e90f810 flushing nmethod 0x0000028c11c26590
Event: 49.423 Thread 0x0000028c1e90f810 flushing nmethod 0x0000028c11c15390
Event: 49.423 Thread 0x0000028c1e90f810 flushing nmethod 0x0000028c11c26290
Event: 49.423 Thread 0x0000028c1e90f810 flushing nmethod 0x0000028c11c19110
Event: 49.423 Thread 0x0000028c1e90f810 flushing nmethod 0x0000028c11b99510
Event: 49.423 Thread 0x0000028c1e90f810 flushing nmethod 0x0000028c11bc6310
Event: 49.423 Thread 0x0000028c1e90f810 flushing nmethod 0x0000028c11bd6410
Event: 49.423 Thread 0x0000028c1e90f810 flushing nmethod 0x0000028c11bd0110
Event: 49.423 Thread 0x0000028c1e90f810 flushing nmethod 0x0000028c11bc3890
Event: 49.423 Thread 0x0000028c1e90f810 flushing nmethod 0x0000028c11b9b210


Dynamic libraries:
0x00007ff7577d0000 - 0x00007ff7577e0000 	C:\Program Files\Java\jdk-20\bin\javaw.exe
0x00007ff9a5430000 - 0x00007ff9a5646000 	C:\WINDOWS\SYSTEM32\ntdll.dll
0x00007ff9a49a0000 - 0x00007ff9a4a64000 	C:\WINDOWS\System32\KERNEL32.DLL
0x00007ff9a27c0000 - 0x00007ff9a2b67000 	C:\WINDOWS\System32\KERNELBASE.dll
0x00007ff9a2c10000 - 0x00007ff9a2d21000 	C:\WINDOWS\System32\ucrtbase.dll
0x00007ff999260000 - 0x00007ff99927b000 	C:\Program Files\Java\jdk-20\bin\VCRUNTIME140.dll
0x00007ff99a0d0000 - 0x00007ff99a0e9000 	C:\Program Files\Java\jdk-20\bin\jli.dll
0x00007ff9a5280000 - 0x00007ff9a5332000 	C:\WINDOWS\System32\ADVAPI32.dll
0x00007ff9a5340000 - 0x00007ff9a53e7000 	C:\WINDOWS\System32\msvcrt.dll
0x00007ff9a3650000 - 0x00007ff9a36f8000 	C:\WINDOWS\System32\sechost.dll
0x00007ff9a2d30000 - 0x00007ff9a2d58000 	C:\WINDOWS\System32\bcrypt.dll
0x00007ff9a4650000 - 0x00007ff9a4765000 	C:\WINDOWS\System32\RPCRT4.dll
0x00007ff9a4770000 - 0x00007ff9a491e000 	C:\WINDOWS\System32\USER32.dll
0x00007ff9a2f90000 - 0x00007ff9a2fb6000 	C:\WINDOWS\System32\win32u.dll
0x00007ff97dd30000 - 0x00007ff97dfc3000 	C:\WINDOWS\WinSxS\amd64_microsoft.windows.common-controls_6595b64144ccf1df_6.0.22621.3235_none_270f74e173860f98\COMCTL32.dll
0x00007ff9a5050000 - 0x00007ff9a5079000 	C:\WINDOWS\System32\GDI32.dll
0x00007ff9a2fc0000 - 0x00007ff9a30d9000 	C:\WINDOWS\System32\gdi32full.dll
0x00007ff9a2b70000 - 0x00007ff9a2c0a000 	C:\WINDOWS\System32\msvcp_win.dll
0x00007ff991510000 - 0x00007ff99151a000 	C:\WINDOWS\SYSTEM32\VERSION.dll
0x00007ff9a3160000 - 0x00007ff9a3191000 	C:\WINDOWS\System32\IMM32.DLL
0x00007ff99a3b0000 - 0x00007ff99a3bc000 	C:\Program Files\Java\jdk-20\bin\vcruntime140_1.dll
0x00007ff971050000 - 0x00007ff9710de000 	C:\Program Files\Java\jdk-20\bin\msvcp140.dll
0x00007ff9082f0000 - 0x00007ff908f88000 	C:\Program Files\Java\jdk-20\bin\server\jvm.dll
0x00007ff997b00000 - 0x00007ff997b34000 	C:\WINDOWS\SYSTEM32\WINMM.dll
0x00007ff985c60000 - 0x00007ff985c69000 	C:\WINDOWS\SYSTEM32\WSOCK32.dll
0x00007ff9a4a70000 - 0x00007ff9a4ae1000 	C:\WINDOWS\System32\WS2_32.dll
0x00007ff9a1790000 - 0x00007ff9a17a8000 	C:\WINDOWS\SYSTEM32\kernel.appcore.dll
0x00007ff994dc0000 - 0x00007ff994dca000 	C:\Program Files\Java\jdk-20\bin\jimage.dll
0x00007ff99c7a0000 - 0x00007ff99c9d3000 	C:\WINDOWS\SYSTEM32\DBGHELP.DLL
0x00007ff9a3a60000 - 0x00007ff9a3de8000 	C:\WINDOWS\System32\combase.dll
0x00007ff9a4eb0000 - 0x00007ff9a4f87000 	C:\WINDOWS\System32\OLEAUT32.dll
0x00007ff991730000 - 0x00007ff991762000 	C:\WINDOWS\SYSTEM32\dbgcore.DLL
0x00007ff9a30e0000 - 0x00007ff9a3159000 	C:\WINDOWS\System32\bcryptPrimitives.dll
0x00007ff98bba0000 - 0x00007ff98bbc6000 	C:\Program Files\Java\jdk-20\bin\java.dll
0x00007ff9708e0000 - 0x00007ff9709b7000 	C:\Program Files\Java\jdk-20\bin\jsvml.dll
0x00007ff9a3df0000 - 0x00007ff9a464c000 	C:\WINDOWS\System32\SHELL32.dll
0x00007ff9a06b0000 - 0x00007ff9a0fa9000 	C:\WINDOWS\SYSTEM32\windows.storage.dll
0x00007ff9a0570000 - 0x00007ff9a06ae000 	C:\WINDOWS\SYSTEM32\wintypes.dll
0x00007ff9a4b50000 - 0x00007ff9a4c43000 	C:\WINDOWS\System32\SHCORE.dll
0x00007ff9a4af0000 - 0x00007ff9a4b4e000 	C:\WINDOWS\System32\shlwapi.dll
0x00007ff9a2680000 - 0x00007ff9a26a1000 	C:\WINDOWS\SYSTEM32\profapi.dll
0x00007ff98c730000 - 0x00007ff98c743000 	C:\Program Files\Java\jdk-20\bin\net.dll
0x00007ff998220000 - 0x00007ff998356000 	C:\WINDOWS\SYSTEM32\WINHTTP.dll
0x00007ff9a1c00000 - 0x00007ff9a1c69000 	C:\WINDOWS\system32\mswsock.dll
0x00007ff986840000 - 0x00007ff986856000 	C:\Program Files\Java\jdk-20\bin\nio.dll
0x00007ff9865f0000 - 0x00007ff986608000 	C:\Program Files\Java\jdk-20\bin\zip.dll
0x00007ff991200000 - 0x00007ff991210000 	C:\Program Files\Java\jdk-20\bin\verify.dll
0x00007ff9a1280000 - 0x00007ff9a1379000 	C:\WINDOWS\SYSTEM32\DNSAPI.dll
0x00007ff9a1210000 - 0x00007ff9a123d000 	C:\WINDOWS\SYSTEM32\IPHLPAPI.DLL
0x00007ff9a3a30000 - 0x00007ff9a3a39000 	C:\WINDOWS\System32\NSI.dll
0x00007ff987350000 - 0x00007ff98735a000 	C:\Windows\System32\rasadhlp.dll
0x00007ff996cd0000 - 0x00007ff996d53000 	C:\WINDOWS\System32\fwpuclnt.dll
0x00007ff991140000 - 0x00007ff991147000 	C:\Program Files\Java\jdk-20\bin\extnet.dll
0x00007ff9a1e60000 - 0x00007ff9a1e7b000 	C:\WINDOWS\SYSTEM32\CRYPTSP.dll
0x00007ff9a16f0000 - 0x00007ff9a1725000 	C:\WINDOWS\system32\rsaenh.dll
0x00007ff9a1d00000 - 0x00007ff9a1d28000 	C:\WINDOWS\SYSTEM32\USERENV.dll
0x00007ff9a1e80000 - 0x00007ff9a1e8c000 	C:\WINDOWS\SYSTEM32\CRYPTBASE.dll
0x00007ff998030000 - 0x00007ff998049000 	C:\WINDOWS\SYSTEM32\dhcpcsvc6.DLL
0x00007ff997fc0000 - 0x00007ff997fdf000 	C:\WINDOWS\SYSTEM32\dhcpcsvc.DLL
0x00007ff981d50000 - 0x00007ff981d67000 	C:\WINDOWS\system32\napinsp.dll
0x00007ff981d30000 - 0x00007ff981d4b000 	C:\WINDOWS\system32\pnrpnsp.dll
0x00007ff981d10000 - 0x00007ff981d21000 	C:\WINDOWS\System32\winrnr.dll
0x00007ff981cc0000 - 0x00007ff981cd5000 	C:\WINDOWS\system32\wshbth.dll
0x00007ff981c90000 - 0x00007ff981cb1000 	C:\WINDOWS\system32\nlansp_c.dll
0x00007ff990d70000 - 0x00007ff990d7a000 	C:\Program Files\Java\jdk-20\bin\management.dll
0x00007ff990b20000 - 0x00007ff990b2b000 	C:\Program Files\Java\jdk-20\bin\management_ext.dll
0x00007ff9a4e40000 - 0x00007ff9a4e48000 	C:\WINDOWS\System32\PSAPI.DLL
0x00007ff98bb90000 - 0x00007ff98bb9e000 	C:\Program Files\Java\jdk-20\bin\sunmscapi.dll
0x00007ff9a2e20000 - 0x00007ff9a2f87000 	C:\WINDOWS\System32\CRYPT32.dll
0x00007ff9a2020000 - 0x00007ff9a204e000 	C:\WINDOWS\SYSTEM32\ncrypt.dll
0x00007ff9a1fe0000 - 0x00007ff9a2017000 	C:\WINDOWS\SYSTEM32\NTASN1.dll
0x00007ff98ae90000 - 0x00007ff98ae98000 	C:\WINDOWS\system32\wshunix.dll

dbghelp: loaded successfully - version: 4.0.5 - missing functions: none
symbol engine: initialized successfully - sym options: 0x614 - pdb path: .;C:\Program Files\Java\jdk-20\bin;C:\WINDOWS\SYSTEM32;C:\WINDOWS\WinSxS\amd64_microsoft.windows.common-controls_6595b64144ccf1df_6.0.22621.3235_none_270f74e173860f98;C:\Program Files\Java\jdk-20\bin\server

VM Arguments:
jvm_args: -ea -Dfile.encoding=UTF-8 -XX:+ShowCodeDetailsInExceptionMessages 
java_command: org.testng.remote.RemoteTestNG -serport 56738 -protocol json -d C:\eclipse\eclipse-workspace\NumpyNinja-Selenium\lms_automation\test-output C:\Users\mdesh\AppData\Local\Temp\testng-eclipse--310328424\testng-customsuite.xml
java_class_path (initial): C:\eclipse\eclipse\configuration\org.eclipse.osgi\1084\0\.cp\lib\testng-remote.jar;C:\eclipse\eclipse-workspace\NumpyNinja-Selenium\lms_automation\target\test-classes;C:\eclipse\eclipse-workspace\NumpyNinja-Selenium\lms_automation\target\classes;C:\eclipse\eclipse\plugins\org.testng_7.8.0.r202306071539.jar;C:\eclipse\eclipse\plugins\com.beust.jcommander_1.82.0.jar;C:\eclipse\eclipse\plugins\org.apache-extras.beanshell.bsh_2.0.0.b6.jar;C:\eclipse\eclipse\plugins\org.yaml.snakeyaml_1.21.0.jar;C:\eclipse\eclipse\plugins\org.webjars.jquery_3.6.1.jar;C:\Users\mdesh\.m2\repository\org\seleniumhq\selenium\selenium-java\4.19.1\selenium-java-4.19.1.jar;C:\Users\mdesh\.m2\repository\org\seleniumhq\selenium\selenium-api\4.19.1\selenium-api-4.19.1.jar;C:\Users\mdesh\.m2\repository\org\seleniumhq\selenium\selenium-chrome-driver\4.19.1\selenium-chrome-driver-4.19.1.jar;C:\Users\mdesh\.m2\repository\com\google\auto\service\auto-service-annotations\1.1.1\auto-service-annotations-1.1.1.jar;C:\Users\mdesh\.m2\repository\org\seleniumhq\selenium\selenium-chromium-driver\4.19.1\selenium-chromium-driver-4.19.1.jar;C:\Users\mdesh\.m2\repository\org\seleniumhq\selenium\selenium-json\4.19.1\selenium-json-4.19.1.jar;C:\Users\mdesh\.m2\repository\org\seleniumhq\selenium\selenium-manager\4.19.1\selenium-manager-4.19.1.jar;C:\Users\mdesh\.m2\repository\org\seleniumhq\selenium\selenium-devtools-v121\4.19.1\selenium-devtools-v121-4.19.1.jar;C:\Users\mdesh\.m2\repository\org\seleniumhq\selenium\selenium-devtools-v122\4.19.1\selenium-devtools-v122-4.19.1.jar;C:\Users\mdesh\.m2\repository\org\seleniumhq\selenium\selenium-devtools-v123\4.19.1\selenium-devtools-v123-4.19.1.jar;C:\Users\mdesh\.m2\repository\org\seleniumhq\selenium\selenium-devtools-v85\4.19.1\selenium-devtools-v85-4.19.1.jar;C:\Users\mdesh\.m2\repository\org\seleniumhq\selenium\selenium-edge-driver\4.19.1\selenium-edge-driver-4.19.1.jar;C:\Users\mdesh\.m2\repository\org\seleniumhq\selenium\selenium-firefox-driver\4.19.1\selenium-firefox-driver-4.19.1.jar;C:\Users\mdesh\.m2\repository\org\seleniumhq\selenium\selenium-http\4.19.1\selenium-http-4.19.1.jar;C:\Users\mdesh\.m2\repository\dev\failsafe\failsafe\3.3.2\failsafe-3.3.2.jar;C:\Users\mdesh\.m2\repository\org\seleniumhq\selenium\selenium-ie-driver\4.19.1\selenium-ie-driver-4.19.1.jar;C:\Users\mdesh\.m2\repository\org\seleniumhq\selenium\selenium-remote-driver\4.19.1\selenium-remote-driver-4.19.1.jar;C:\Users\mdesh\.m2\repository\com\google\guava\guava\33.1.0-jre\guava-33.1.0-jre.jar;C:\Users\mdesh\.m2\repository\com\google\guava\failureaccess\1.0.2\failureaccess-1.0.2.jar;C:\Users\mdesh\.m2\repository\com\google\guava\listenablefuture\9999.0-empty-to-avoid-conflict-with-guava\listenablefuture-9999.0-empty-to-avoid-conflict-with-guava.jar;C:\Users\mdesh\.m2\repository\com\google\code\findbugs\jsr305\3.0.2\jsr305-3.0.2.jar;C:\Users\mdesh\.m2\repository\org\checkerframework\checker-qual\3.42.0\checker-qual-3.42.0.jar;C:\Users\mdesh\.m2\repository\com\google\errorprone\error_prone_annotations\2.26.1\error_prone_annotations-2.26.1.jar;C:\Users\mdesh\.m2\repository\com\google\j2objc\j2objc-annotations\3.0.0\j2objc-annotations-3.0.0.jar;C:\Users\mdesh\.m2\repository\io\opentelemetry\semconv\opentelemetry-semconv\1.23.1-alpha\opentelemetry-semconv-1.23.1-alpha.jar;C:\Users\mdesh\.m2\repository\io\opentelemetry\opentelemetry-api\1.36.0\opentelemetry-api-1.36.0.jar;C:\Users\mdesh\.m2\repository\io\opentelemetry\opentelemetry-context\1.36.0\opentelemetry-context-1.36.0.jar;C:\Users\mdesh\.m2\repository\io\opentelemetry\opentelemetry-exporter-logging\1.36.0\opentelemetry-exporter-logging-1.36.0.jar;C:\Users\mdesh\.m2\repository\io\opentelemetry\opentelemetry-sdk-common\1.36.0\opentelemetry-sdk-common-1.36.0.jar;C:\Users\mdesh\.m2\repository\io\opentelemetry\opentelemetry-sdk-extension-autoconfigure-spi\1.36.0\opentelemetry-sdk-extension-autoconfigure-spi-1.36.0.jar;C:\Users\mdesh\.m2\repository\io\opentelemetry\opentelemetry-sdk-extension-autoconfigure\1.36.0\opentelemetry-sdk-extension-autoconfigure-1.36.0.jar;C:\Users\mdesh\.m2\repository\io\opentelemetry\opentelemetry-api-events\1.36.0-alpha\opentelemetry-api-events-1.36.0-alpha.jar;C:\Users\mdesh\.m2\repository\io\opentelemetry\opentelemetry-sdk-trace\1.36.0\opentelemetry-sdk-trace-1.36.0.jar;C:\Users\mdesh\.m2\repository\io\opentelemetry\opentelemetry-extension-incubator\1.36.0-alpha\opentelemetry-extension-incubator-1.36.0-alpha.jar;C:\Users\mdesh\.m2\repository\io\opentelemetry\opentelemetry-sdk\1.36.0\opentelemetry-sdk-1.36.0.jar;C:\Users\mdesh\.m2\repository\io\opentelemetry\opentelemetry-sdk-metrics\1.36.0\opentelemetry-sdk-metrics-1.36.0.jar;C:\Users\mdesh\.m2\repository\io\opentelemetry\opentelemetry-sdk-logs\1.36.0\opentelemetry-sdk-logs-1.36.0.jar;C:\Users\mdesh\.m2\repository\net\bytebuddy\byte-buddy\1.14.12\byte-buddy-1.14.12.jar;C:\Users\mdesh\.m2\repository\org\seleniumhq\selenium\selenium-os\4.19.1\selenium-os-4.19.1.jar;C:\Users\mdesh\.m2\repository\org\apache\commons\commons-exec\1.3\commons-exec-1.3.jar;C:\Users\mdesh\.m2\repository\org\seleniumhq\selenium\selenium-safari-driver\4.19.1\selenium-safari-driver-4.19.1.jar;C:\Users\mdesh\.m2\repository\org\seleniumhq\selenium\selenium-support\4.19.1\selenium-support-4.19.1.jar;C:\Users\mdesh\.m2\repository\io\cucumber\cucumber-java\7.17.0\cucumber-java-7.17.0.jar;C:\Users\mdesh\.m2\repository\io\cucumber\cucumber-core\7.17.0\cucumber-core-7.17.0.jar;C:\Users\mdesh\.m2\repository\io\cucumber\cucumber-gherkin\7.17.0\cucumber-gherkin-7.17.0.jar;C:\Users\mdesh\.m2\repository\io\cucumber\cucumber-gherkin-messages\7.17.0\cucumber-gherkin-messages-7.17.0.jar;C:\Users\mdesh\.m2\repository\io\cucumber\gherkin\28.0.0\gherkin-28.0.0.jar;C:\Users\mdesh\.m2\repository\io\cucumber\messages\24.1.0\messages-24.1.0.jar;C:\Users\mdesh\.m2\repository\io\cucumber\testng-xml-formatter\0.1.0\testng-xml-formatter-0.1.0.jar;C:\Users\mdesh\.m2\repository\io\cucumber\query\12.1.2\query-12.1.2.jar;C:\Users\mdesh\.m2\repository\io\cucumber\tag-expressions\6.1.0\tag-expressions-6.1.0.jar;C:\Users\mdesh\.m2\repository\io\cucumber\cucumber-expressions\17.1.0\cucumber-expressions-17.1.0.jar;C:\Users\mdesh\.m2\repository\io\cucumber\datatable\7.17.0\datatable-7.17.0.jar;C:\Users\mdesh\.m2\repository\io\cucumber\cucumber-plugin\7.17.0\cucumber-plugin-7.17.0.jar;C:\Users\mdesh\.m2\repository\io\cucumber\docstring\7.17.0\docstring-7.17.0.jar;C:\Users\mdesh\.m2\repository\io\cucumber\html-formatter\21.3.1\html-formatter-21.3.1.jar;C:\Users\mdesh\.m2\repository\io\cucumber\junit-xml-formatter\0.4.0\junit-xml-formatter-0.4.0.jar;C:\Users\mdesh\.m2\repository\io\cucumber\ci-environment\10.0.1\ci-environment-10.0.1.jar;C:\Users\mdesh\.m2\repository\org\apiguardian\apiguardian-api\1.1.2\apiguardian-api-1.1.2.jar;C:\Users\mdesh\.m2\repository\io\cucumber\cucumber-testng\7.17.0\cucumber-testng-7.17.0.jar;C:\Users\mdesh\.m2\repository\io\cucumber\cucumber-picocontainer\7.17.0\cucumber-picocontainer-7.17.0.jar;C:\Users\mdesh\.m2\repository\org\picocontainer\picocontainer\2.15\picocontainer-2.15.jar;C:\Users\mdesh\.m2\repository\io\cucumber\cucumber-junit\7.17.0\cucumber-junit-7.17.0.jar;C:\Users\mdesh\.m2\repository\junit\junit\4.13.2\junit-4.13.2.jar;C:\Users\mdesh\.m2\repository\org\hamcrest\hamcrest-core\1.3\hamcrest-core-1.3.jar;C:\Users\mdesh\.m2\repository\org\testng\testng\7.10.1\testng-7.10.1.jar;C:\Users\mdesh\.m2\repository\org\slf4j\slf4j-api\1.7.36\slf4j-api-1.7.36.jar;C:\Users\mdesh\.m2\repository\com\beust\jcommander\1.82\jcommander-1.82.jar;C:\Users\mdesh\.m2\repository\org\webjars\jquery\3.7.1\jquery-3.7.1.jar;C:\Users\mdesh\.m2\repository\org\apache\poi\poi\5.2.5\poi-5.2.5.jar;C:\Users\mdesh\.m2\repository\commons-codec\commons-codec\1.16.0\commons-codec-1.16.0.jar;C:\Users\mdesh\.m2\repository\org\apache\commons\commons-collections4\4.4\commons-collections4-4.4.jar;C:\Users\mdesh\.m2\repository\org\apache\commons\commons-math3\3.6.1\commons-math3-3.6.1.jar;C:\Users\mdesh\.m2\repository\commons-io\commons-io\2.15.0\commons-io-2.15.0.jar;C:\Users\mdesh\.m2\repository\com\zaxxer\SparseBitSet\1.3\SparseBitSet-1.3.jar;C:\Users\mdesh\.m2\repository\org\apache\poi\poi-ooxml\5.2.4\poi-ooxml-5.2.4.jar;C:\Users\mdesh\.m2\repository\org\apache\poi\poi-ooxml-lite\5.2.4\poi-ooxml-lite-5.2.4.jar;C:\Users\mdesh\.m2\repository\org\apache\xmlbeans\xmlbeans\5.1.1\xmlbeans-5.1.1.jar;C:\Users\mdesh\.m2\repository\org\apache\commons\commons-compress\1.24.0\commons-compress-1.24.0.jar;C:\Users\mdesh\.m2\repository\com\github\virtuald\curvesapi\1.08\curvesapi-1.08.jar;C:\Users\mdesh\.m2\repository\com\codoid\products\fillo\1.21\fillo-1.21.jar;C:\Users\mdesh\.m2\repository\io\qameta\allure\allure-testng\2.25.0\allure-testng-2.25.0.jar;C:\Users\mdesh\.m2\repository\io\qameta\allure\allure-java-commons\2.25.0\allure-java-commons-2.25.0.jar;C:\Users\mdesh\.m2\repository\io\qameta\allure\allure-model\2.25.0\allure-model-2.25.0.jar;C:\Users\mdesh\.m2\repository\io\qameta\allure\allure-test-filter\2.25.0\allure-test-filter-2.25.0.jar;C:\Users\mdesh\.m2\repository\tech\grasshopper\extentreports-cucumber7-adapter\1.14.0\extentreports-cucumber7-adapter-1.14.0.jar;C:\Users\mdesh\.m2\repository\tech\grasshopper\extent-pdf-report\2.12.0\extent-pdf-report-2.12.0.jar;C:\Users\mdesh\.m2\repository\tech\grasshopper\cucumber-pdf-report\2.14.0\cucumber-pdf-report-2.14.0.jar;C:\Users\mdesh\.m2\repository\org\apache\pdfbox\pdfbox\2.0.26\pdfbox-2.0.26.jar;C:\Users\mdesh\.m2\repository\org\apache\pdfbox\fontbox\2.0.26\fontbox-2.0.26.jar;C:\Users\mdesh\.m2\repository\org\knowm\xchart\xchart\3.8.0\xchart-3.8.0.jar;C:\Users\mdesh\.m2\repository\de\erichseifert\vectorgraphics2d\VectorGraphics2D\0.13\VectorGraphics2D-0.13.jar;C:\Users\mdesh\.m2\repository\de\rototor\pdfbox\graphics2d\0.30\graphics2d-0.30.jar;C:\Users\mdesh\.m2\repository\com\madgag\animated-gif-lib\1.4\animated-gif-lib-1.4.jar;C:\Users\mdesh\.m2\repository\org\yaml\snakeyaml\2.0\snakeyaml-2.0.jar;C:\Users\mdesh\.m2\repository\tech\grasshopper\table-layout\1.5.1\table-layout-1.5.1.jar;C:\Users\mdesh\.m2\repository\tech\grasshopper\rest-assured-cucumber-pdf-report\1.5.0\rest-assured-cucumber-pdf-report-1.5.0.jar;C:\Users\mdesh\.m2\repository\org\jsoup\jsoup\1.15.3\jsoup-1.15.3.jar;C:\Users\mdesh\.m2\repository\com\aventstack\klov-reporter\5.1.0\klov-reporter-5.1.0.jar;C:\Users\mdesh\.m2\repository\org\mongodb\mongodb-driver\3.6.4\mongodb-driver-3.6.4.jar;C:\Users\mdesh\.m2\repository\org\mongodb\mongodb-driver-core\3.6.4\mongodb-driver-core-3.6.4.jar;C:\Users\mdesh\.m2\repository\org\mongodb\bson\3.6.4\bson-3.6.4.jar;C:\Users\mdesh\.m2\repository\org\apache\httpcomponents\httpclient\4.5.13\httpclient-4.5.13.jar;C:\Users\mdesh\.m2\repository\org\apache\httpcomponents\httpcore\4.4.13\httpcore-4.4.13.jar;C:\Users\mdesh\.m2\repository\commons-logging\commons-logging\1.2\commons-logging-1.2.jar;C:\Users\mdesh\.m2\repository\org\apache\httpcomponents\httpmime\4.5.13\httpmime-4.5.13.jar;C:\Users\mdesh\.m2\repository\tech\grasshopper\htmlextentreporter\1.1.0\htmlextentreporter-1.1.0.jar;C:\Users\mdesh\.m2\repository\tech\grasshopper\extent-excel-report\1.4.0\extent-excel-report-1.4.0.jar;C:\Users\mdesh\.m2\repository\com\aventstack\extentreports\5.1.1\extentreports-5.1.1.jar;C:\Users\mdesh\.m2\repository\io\reactivex\rxjava3\rxjava\3.1.6\rxjava-3.1.6.jar;C:\Users\mdesh\.m2\repository\org\reactivestreams\reactive-streams\1.0.4\reactive-streams-1.0.4.jar;C:\Users\mdesh\.m2\repository\org\freemarker\freemarker\2.3.32\freemarker-2.3.32.jar;C:\Users\mdesh\.m2\repository\org\projectlombok\lombok\1.18.26\lombok-1.18.26.jar;C:\Users\mdesh\.m2\repository\com\google\code\gson\gson\2.10.1\gson-2.10.1.jar;C:\Users\mdesh\.m2\repository\org\apache\logging\log4j\log4j-core\2.22.0\log4j-core-2.22.0.jar;C:\Users\mdesh\.m2\repository\org\apache\logging\log4j\log4j-api\2.22.0\log4j-api-2.22.0.jar
Launcher Type: SUN_STANDARD

[Global flags]
     intx CICompilerCount                          = 4                                         {product} {ergonomic}
     uint ConcGCThreads                            = 2                                         {product} {ergonomic}
     uint G1ConcRefinementThreads                  = 8                                         {product} {ergonomic}
   size_t G1HeapRegionSize                         = 1048576                                   {product} {ergonomic}
    uintx GCDrainStackTargetSize                   = 64                                        {product} {ergonomic}
   size_t InitialHeapSize                          = 132120576                                 {product} {ergonomic}
   size_t MarkStackSize                            = 4194304                                   {product} {ergonomic}
   size_t MaxHeapSize                              = 2092957696                                {product} {ergonomic}
   size_t MaxNewSize                               = 1255145472                                {product} {ergonomic}
   size_t MinHeapDeltaBytes                        = 1048576                                   {product} {ergonomic}
   size_t MinHeapSize                              = 8388608                                   {product} {ergonomic}
    uintx NonNMethodCodeHeapSize                   = 5839372                                {pd product} {ergonomic}
    uintx NonProfiledCodeHeapSize                  = 122909434                              {pd product} {ergonomic}
    uintx ProfiledCodeHeapSize                     = 122909434                              {pd product} {ergonomic}
    uintx ReservedCodeCacheSize                    = 251658240                              {pd product} {ergonomic}
     bool SegmentedCodeCache                       = true                                      {product} {ergonomic}
     bool ShowCodeDetailsInExceptionMessages       = true                                   {manageable} {command line}
   size_t SoftMaxHeapSize                          = 2092957696                             {manageable} {ergonomic}
     bool UseCompressedClassPointers               = true                           {product lp64_product} {ergonomic}
     bool UseCompressedOops                        = true                           {product lp64_product} {ergonomic}
     bool UseG1GC                                  = true                                      {product} {ergonomic}
     bool UseLargePagesIndividualAllocation        = false                                  {pd product} {ergonomic}

Logging:
Log output configuration:
 #0: stdout all=warning uptime,level,tags foldmultilines=false
 #1: stderr all=off uptime,level,tags foldmultilines=false

Environment Variables:
JAVA_HOME=C:\Program Files\Java\jdk-20
CLASSPATH=C:\Informatica\9.6.1\java\bin;
PATH=C:/eclipse/eclipse//plugins/org.eclipse.justj.openjdk.hotspot.jre.full.win32.x86_64_17.0.9.v20231028-0858/jre/bin/server;C:/eclipse/eclipse//plugins/org.eclipse.justj.openjdk.hotspot.jre.full.win32.x86_64_17.0.9.v20231028-0858/jre/bin;C:\Python311\Scripts\;C:\Python311\;C:\Users\mdesh\Downloads\JobSearch-Meenakshi\Job-Interview-preparation\ETL\oracle11g\product\11.2.0\dbhome_1\bin;C:\Informatica\10.4.1\clients\tools\datadirect;C:\Informatica\10.4.1\clients\tools\odbcdrv;C:\Informatica\10.4.1\clients\tools\jdbcdrv;C:\Informatica\10.4.1\clients\tools\sharedlibs;C:\Users\mdesh\Downloads\JobSearch-Meenakshi\Job-Interview-preparation\ETL\informatica9.6\informatica-workplace\java\jre\bin\server;C:\Users\mdesh\Downloads\JobSearch-Meenakshi\Job-Interview-preparation\ETL\informatica9.6\informatica-workplace\tools\odbcdrv;C:\Users\mdesh\Downloads\JobSearch-Meenakshi\Job-Interview-preparation\ETL\informatica9.6\informatica-workplace\tools\jdbcdrv;C:\Users\mdesh\Downloads\JobSearch-Meenakshi\Job-Interview-preparation\ETL\informatica9.6\informatica-workplace\tools\datadirect;C:\Informatica\9.6.1\java\jre\bin\server;C:\Informatica\9.6.1\tools\odbcdrv;C:\Informatica\9.6.1\tools\jdbcdrv;C:\Informatica\9.6.1\tools\datadirect;C:\Informatica\9.6.1\clients\tools\datadirect;C:\Informatica\9.6.1\clients\tools\odbcdrv;C:\Informatica\9.6.1\clients\tools\jdbcdrv;C:\Users\mdesh\Downloads\WINDOWS.X64_193000_db_home\bin;C:\Program Files\Java\jdk1.8.0_271\bin;C:\WINDOWS\system32;C:\WINDOWS;C:\WINDOWS\System32\Wbem;C:\WINDOWS\System32\WindowsPowerShell\v1.0\;C:\WINDOWS\System32\OpenSSH\;C:\Program Files\Git\cmd;C:\Program Files\Apache Software Foundation\apache-maven-3.6.3\bin;C:\ProgramData\ComposerSetup\bin;C:\wamp64\bin\php\php8.2.0;C:\ProgramData\chocolatey\bin;C:\Program Files\nodejs\;C:\WINDOWS\pear.ini;C:\Program Files\Java\jdk-20\bin;C:\Program Files\Java\jdk-20\bin;C:\Users\mdesh\scoop\apps\allure\2.24.1\bin;C:\Program Files\Git\bin;C:\Program Files\Graphviz\bin;C:\Program Files\HP\HP One Agent;C:\Program Files\MySQL\MySQL Shell 8.0\bin\;C:\Users\mdesh\scoop\shims;C:\Users\mdesh\AppData\Local\Microsoft\WindowsApps;C:\Users\mdesh\AppData\Local\Programs\Microsoft VS Code\bin;C:\Users\mdesh\AppData\Roaming\Composer\vendor\bin;C:\wamp64\symfony-cli\symfony;C:\Users\mdesh\AppData\Roaming\npm;C:\Program Files (x86)\Brackets\;C:\eclipse\eclipse;
USERNAME=mdesh
OS=Windows_NT
PROCESSOR_IDENTIFIER=Intel64 Family 6 Model 142 Stepping 12, GenuineIntel
TMP=C:\Users\mdesh\AppData\Local\Temp
TEMP=C:\Users\mdesh\AppData\Local\Temp




---------------  S Y S T E M  ---------------

OS:
 Windows 11 , 64 bit Build 22621 (10.0.22621.3374)
OS uptime: 5 days 18:59 hours

CPU: total 8 (initial active 8) (4 cores per cpu, 2 threads per core) family 6 model 142 stepping 12 microcode 0xde, cx8, cmov, fxsr, ht, mmx, 3dnowpref, sse, sse2, sse3, ssse3, sse4.1, sse4.2, popcnt, lzcnt, tsc, tscinvbit, avx, avx2, aes, erms, clmul, bmi1, bmi2, adx, fma, vzeroupper, clflush, clflushopt, rdtscp, f16c

Memory: 4k page, system-wide physical 7979M (118M free)
TotalPageFile size 32555M (AvailPageFile size 88M)
current process WorkingSet (physical memory assigned to process): 173M, peak: 195M
current process commit charge ("private bytes"): 246M, peak: 267M

vm_info: Java HotSpot(TM) 64-Bit Server VM (20.0.2+9-78) for windows-amd64 JRE (20.0.2+9-78), built on 2023-06-14T10:08:48Z by "mach5one" with MS VC++ 17.1 (VS2022)

END.
